<?xml version="1.0" encoding="UTF-8"?>
<testsuite xmlns:xsi="http://www.w3.org/2001/XMLSchema-instance" xsi:noNamespaceSchemaLocation="https://maven.apache.org/surefire/maven-surefire-plugin/xsd/surefire-test-report.xsd" name="site.nomoreparties.stellarburgers.YandexTests.AuthUserPersonalProfileYandexTest" time="0.725" tests="8" errors="4" skipped="0" failures="4">
  <properties>
[...]
</properties>
  <testcase name="testGoToMainPageIfClicLogoFromPersonalProfile" classname="site.nomoreparties.stellarburgers.YandexTests.AuthUserPersonalProfileYandexTest" time="0.169">
    <error message="Unable to obtain: chromedriver, error chromedriver must exist: C:\Users\dabre\Diplom_3-WEB-Tests\src\resources\yandexdriver.exe&#10;For documentation on this error, please visit: https://www.selenium.dev/documentation/webdriver/troubleshooting/errors/driver_location/&#10;Build info: version: &apos;4.20.0&apos;, revision: &apos;866c76ca80&apos;&#10;System info: os.name: &apos;Windows 10&apos;, os.arch: &apos;amd64&apos;, os.version: &apos;10.0&apos;, java.version: &apos;17.0.11&apos;&#10;Driver info: driver.version: SelenideDriver&#10;selenide.url: https://stellarburgers.nomoreparties.site/&#10;selenide.baseUrl: http://localhost:8080" type="org.openqa.selenium.remote.NoSuchDriverException">org.openqa.selenium.remote.NoSuchDriverException: 
Unable to obtain: chromedriver, error chromedriver must exist: C:\Users\dabre\Diplom_3-WEB-Tests\src\resources\yandexdriver.exe
For documentation on this error, please visit: https://www.selenium.dev/documentation/webdriver/troubleshooting/errors/driver_location/
Build info: version: '4.20.0', revision: '866c76ca80'
System info: os.name: 'Windows 10', os.arch: 'amd64', os.version: '10.0', java.version: '17.0.11'
Driver info: driver.version: SelenideDriver
selenide.url: https://stellarburgers.nomoreparties.site/
selenide.baseUrl: http://localhost:8080
	at site.nomoreparties.stellarburgers.YandexTests.AuthUserPersonalProfileYandexTest.setUp(AuthUserPersonalProfileYandexTest.java:34)
Caused by: java.lang.IllegalStateException: chromedriver must exist: C:\Users\dabre\Diplom_3-WEB-Tests\src\resources\yandexdriver.exe
	at site.nomoreparties.stellarburgers.YandexTests.AuthUserPersonalProfileYandexTest.setUp(AuthUserPersonalProfileYandexTest.java:34)
</error>
    <system-out><![CDATA[12:48:45.833 [main] INFO com.codeborne.selenide.impl.WebDriverThreadLocalContainer -- No webdriver is bound to current thread: 1 - let's create a new webdriver
12:48:45.833 [main] DEBUG com.codeborne.selenide.drivercommands.CreateDriverCommand -- Creating webdriver in thread 1 (ip: 192.168.1.67, host: DESKTOP-7H9UBQR)...
12:48:45.833 [main] INFO com.codeborne.selenide.impl.FileHelper -- Creating folder: C:\Users\dabre\Diplom_3-WEB-Tests\build\downloads\1716371325833_19268_1
12:48:45.833 [main] DEBUG com.codeborne.selenide.webdriver.WebDriverFactory -- browser=chrome
12:48:45.833 [main] DEBUG com.codeborne.selenide.webdriver.WebDriverFactory -- browser.version=null
12:48:45.833 [main] DEBUG com.codeborne.selenide.webdriver.WebDriverFactory -- remote=null
12:48:45.833 [main] DEBUG com.codeborne.selenide.webdriver.WebDriverFactory -- browserSize=1366x768
12:48:45.833 [main] DEBUG com.codeborne.selenide.webdriver.WebDriverFactory -- downloadsFolder=C:\Users\dabre\Diplom_3-WEB-Tests\build\downloads\1716371325833_19268_1
12:48:45.833 [main] DEBUG com.codeborne.selenide.webdriver.AbstractChromiumDriverFactory -- Using chromium preferences: {credentials_enable_service=false, safebrowsing.enabled=true, plugins.always_open_pdf_externally=true, profile.default_content_setting_values.automatic_downloads=1, profile.password_manager_enabled=false, profile.password_manager_leak_detection=false, download.default_directory=C:\Users\dabre\Diplom_3-WEB-Tests\build\downloads\1716371325833_19268_1}
12:48:45.834 [main] DEBUG com.codeborne.selenide.webdriver.ChromeDriverFactory -- Chrome options: Capabilities {acceptInsecureCerts: true, browserName: chrome, goog:chromeOptions: {args: [--proxy-bypass-list=<-loopb..., --disable-dev-shm-usage, --window-size=1366,768], excludeSwitches: [enable-automation, load-extension], extensions: [], prefs: {credentials_enable_service: false, download.default_directory: C:\Users\dabre\Diplom_3-WEB..., plugins.always_open_pdf_externally: true, profile.default_content_setting_values.automatic_downloads: 1, profile.password_manager_enabled: false, profile.password_manager_leak_detection: false, safebrowsing.enabled: true}}, pageLoadStrategy: normal, unhandledPromptBehavior: accept}
Request method:	DELETE
Request URI:	https://stellarburgers.nomoreparties.site/api/auth/user
Proxy:			<none>
Request params:	<none>
Query params:	<none>
Form params:	<none>
Path params:	<none>
Headers:		Accept=*/*
				Content-Type=application/json
Cookies:		<none>
Multiparts:		<none>
Body:			<none>
Request method:	DELETE
Request URI:	https://stellarburgers.nomoreparties.site/api/auth/user
Proxy:			<none>
Request params:	<none>
Query params:	<none>
Form params:	<none>
Path params:	<none>
Headers:		Accept=*/*
				Content-Type=application/json
Cookies:		<none>
Multiparts:		<none>
Body:			<none>
Request method:	DELETE
Request URI:	https://stellarburgers.nomoreparties.site/api/auth/user
Proxy:			<none>
Request params:	<none>
Query params:	<none>
Form params:	<none>
Path params:	<none>
Headers:		Accept=*/*
				Content-Type=application/json
Cookies:		<none>
Multiparts:		<none>
Body:			<none>
Request method:	DELETE
Request URI:	https://stellarburgers.nomoreparties.site/api/auth/user
Proxy:			<none>
Request params:	<none>
Query params:	<none>
Form params:	<none>
Path params:	<none>
Headers:		Accept=*/*
				Content-Type=application/json
Cookies:		<none>
Multiparts:		<none>
Body:			<none>
Request method:	DELETE
Request URI:	https://stellarburgers.nomoreparties.site/api/auth/user
Proxy:			<none>
Request params:	<none>
Query params:	<none>
Form params:	<none>
Path params:	<none>
Headers:		Accept=*/*
				Content-Type=application/json
Cookies:		<none>
Multiparts:		<none>
Body:			<none>
Request method:	DELETE
Request URI:	https://stellarburgers.nomoreparties.site/api/auth/user
Proxy:			<none>
Request params:	<none>
Query params:	<none>
Form params:	<none>
Path params:	<none>
Headers:		Accept=*/*
				Content-Type=application/json
Cookies:		<none>
Multiparts:		<none>
Body:			<none>
Request method:	DELETE
Request URI:	https://stellarburgers.nomoreparties.site/api/auth/user
Proxy:			<none>
Request params:	<none>
Query params:	<none>
Form params:	<none>
Path params:	<none>
Headers:		Accept=*/*
				Content-Type=application/json
Cookies:		<none>
Multiparts:		<none>
Body:			<none>
Request method:	DELETE
Request URI:	https://stellarburgers.nomoreparties.site/api/auth/user
Proxy:			<none>
Request params:	<none>
Query params:	<none>
Form params:	<none>
Path params:	<none>
Headers:		Accept=*/*
				Content-Type=application/json
Cookies:		<none>
Multiparts:		<none>
Body:			<none>
Request method:	DELETE
Request URI:	https://stellarburgers.nomoreparties.site/api/auth/user
Proxy:			<none>
Request params:	<none>
Query params:	<none>
Form params:	<none>
Path params:	<none>
Headers:		Accept=*/*
				Content-Type=application/json
Cookies:		<none>
Multiparts:		<none>
Body:			<none>
Request method:	DELETE
Request URI:	https://stellarburgers.nomoreparties.site/api/auth/user
Proxy:			<none>
Request params:	<none>
Query params:	<none>
Form params:	<none>
Path params:	<none>
Headers:		Accept=*/*
				Content-Type=application/json
Cookies:		<none>
Multiparts:		<none>
Body:			<none>
Request method:	DELETE
Request URI:	https://stellarburgers.nomoreparties.site/api/auth/user
Proxy:			<none>
Request params:	<none>
Query params:	<none>
Form params:	<none>
Path params:	<none>
Headers:		Accept=*/*
				Content-Type=application/json
Cookies:		<none>
Multiparts:		<none>
Body:			<none>
Request method:	DELETE
Request URI:	https://stellarburgers.nomoreparties.site/api/auth/user
Proxy:			<none>
Request params:	<none>
Query params:	<none>
Form params:	<none>
Path params:	<none>
Headers:		Accept=*/*
				Content-Type=application/json
Cookies:		<none>
Multiparts:		<none>
Body:			<none>
Request method:	DELETE
Request URI:	https://stellarburgers.nomoreparties.site/api/auth/user
Proxy:			<none>
Request params:	<none>
Query params:	<none>
Form params:	<none>
Path params:	<none>
Headers:		Accept=*/*
				Content-Type=application/json
Cookies:		<none>
Multiparts:		<none>
Body:			<none>
12:48:45.849 [main] DEBUG org.apache.http.impl.conn.BasicClientConnectionManager -- Get connection for route {s}->https://stellarburgers.nomoreparties.site:443
12:48:45.849 [main] DEBUG org.apache.http.impl.conn.DefaultClientConnectionOperator -- Connecting to stellarburgers.nomoreparties.site:443
12:48:45.906 [main] DEBUG org.apache.http.client.protocol.RequestAddCookies -- CookieSpec selected: ignoreCookies
12:48:45.906 [main] DEBUG org.apache.http.client.protocol.RequestAuthCache -- Auth cache not set in the context
12:48:45.906 [main] DEBUG org.apache.http.client.protocol.RequestProxyAuthentication -- Proxy auth state: UNCHALLENGED
12:48:45.906 [main] DEBUG org.apache.http.impl.client.DefaultHttpClient -- Attempt 1 to execute request
12:48:45.906 [main] DEBUG org.apache.http.impl.conn.DefaultClientConnection -- Sending request: DELETE /api/auth/user HTTP/1.1
12:48:45.906 [main] DEBUG org.apache.http.wire --  >> "DELETE /api/auth/user HTTP/1.1[\r][\n]"
12:48:45.906 [main] DEBUG org.apache.http.wire --  >> "Content-Type: application/json[\r][\n]"
12:48:45.906 [main] DEBUG org.apache.http.wire --  >> "Authorization: Bearer eyJhbGciOiJIUzI1NiIsInR5cCI6IkpXVCJ9.eyJpZCI6IjY2NGRiZjc0OWVkMjgwMDAxYjQxNzRiZSIsImlhdCI6MTcxNjM3MTMxNiwiZXhwIjoxNzE2MzcyNTE2fQ.1gYRUtCGfKIYWUdaoMDMyhF_5UzMpUH8_V3yubGyXQk[\r][\n]"
12:48:45.906 [main] DEBUG org.apache.http.wire --  >> "Accept: */*[\r][\n]"
12:48:45.906 [main] DEBUG org.apache.http.wire --  >> "Host: stellarburgers.nomoreparties.site[\r][\n]"
12:48:45.906 [main] DEBUG org.apache.http.wire --  >> "Connection: Keep-Alive[\r][\n]"
12:48:45.906 [main] DEBUG org.apache.http.wire --  >> "User-Agent: Apache-HttpClient/4.5.13 (Java/17.0.11)[\r][\n]"
12:48:45.906 [main] DEBUG org.apache.http.wire --  >> "Accept-Encoding: gzip,deflate[\r][\n]"
12:48:45.906 [main] DEBUG org.apache.http.wire --  >> "[\r][\n]"
12:48:45.906 [main] DEBUG org.apache.http.headers -- >> DELETE /api/auth/user HTTP/1.1
12:48:45.906 [main] DEBUG org.apache.http.headers -- >> Content-Type: application/json
12:48:45.906 [main] DEBUG org.apache.http.headers -- >> Authorization: Bearer eyJhbGciOiJIUzI1NiIsInR5cCI6IkpXVCJ9.eyJpZCI6IjY2NGRiZjc0OWVkMjgwMDAxYjQxNzRiZSIsImlhdCI6MTcxNjM3MTMxNiwiZXhwIjoxNzE2MzcyNTE2fQ.1gYRUtCGfKIYWUdaoMDMyhF_5UzMpUH8_V3yubGyXQk
12:48:45.906 [main] DEBUG org.apache.http.headers -- >> Accept: */*
12:48:45.906 [main] DEBUG org.apache.http.headers -- >> Host: stellarburgers.nomoreparties.site
12:48:45.906 [main] DEBUG org.apache.http.headers -- >> Connection: Keep-Alive
12:48:45.906 [main] DEBUG org.apache.http.headers -- >> User-Agent: Apache-HttpClient/4.5.13 (Java/17.0.11)
12:48:45.906 [main] DEBUG org.apache.http.headers -- >> Accept-Encoding: gzip,deflate
12:48:45.948 [main] DEBUG org.apache.http.wire --  << "HTTP/1.1 404 Not Found[\r][\n]"
12:48:45.948 [main] DEBUG org.apache.http.wire --  << "Date: Wed, 22 May 2024 09:48:46 GMT[\r][\n]"
12:48:45.948 [main] DEBUG org.apache.http.wire --  << "Content-Type: application/json; charset=utf-8[\r][\n]"
12:48:45.948 [main] DEBUG org.apache.http.wire --  << "Content-Length: 44[\r][\n]"
12:48:45.948 [main] DEBUG org.apache.http.wire --  << "Connection: keep-alive[\r][\n]"
12:48:45.948 [main] DEBUG org.apache.http.wire --  << "X-Powered-By: Express[\r][\n]"
12:48:45.948 [main] DEBUG org.apache.http.wire --  << "Access-Control-Allow-Origin: *[\r][\n]"
12:48:45.948 [main] DEBUG org.apache.http.wire --  << "ETag: W/"2c-EAnCIFy1uGovyo/FU6KYwnjLgrc"[\r][\n]"
12:48:45.948 [main] DEBUG org.apache.http.wire --  << "CF-Cache-Status: DYNAMIC[\r][\n]"
12:48:45.948 [main] DEBUG org.apache.http.wire --  << "Report-To: {"endpoints":[{"url":"https:\/\/a.nel.cloudflare.com\/report\/v4?s=JShuOFlOSXVYZKYCEp%2BqgiW1kroMl%2F59hAO3Y%2Fso2Ur7WV7wPKRTpxhN%2B44ldjFEDA8ZdrT5TPi5bhPPvyffRCb03iYmoYJGHvWpuXTDRVSPpH79qJFT84mrFJaAh6rAY3mbsZPxqyR25sySrErI7SIz7Ng%3D"}],"group":"cf-nel","max_age":604800}[\r][\n]"
12:48:45.948 [main] DEBUG org.apache.http.wire --  << "NEL: {"success_fraction":0,"report_to":"cf-nel","max_age":604800}[\r][\n]"
12:48:45.948 [main] DEBUG org.apache.http.wire --  << "Server: cloudflare[\r][\n]"
12:48:45.948 [main] DEBUG org.apache.http.wire --  << "CF-RAY: 887be4769dec9d3b-DME[\r][\n]"
12:48:45.948 [main] DEBUG org.apache.http.wire --  << "alt-svc: h3=":443"; ma=86400[\r][\n]"
12:48:45.948 [main] DEBUG org.apache.http.wire --  << "[\r][\n]"
12:48:45.949 [main] DEBUG org.apache.http.impl.conn.DefaultClientConnection -- Receiving response: HTTP/1.1 404 Not Found
12:48:45.949 [main] DEBUG org.apache.http.headers -- << HTTP/1.1 404 Not Found
12:48:45.949 [main] DEBUG org.apache.http.headers -- << Date: Wed, 22 May 2024 09:48:46 GMT
12:48:45.949 [main] DEBUG org.apache.http.headers -- << Content-Type: application/json; charset=utf-8
12:48:45.949 [main] DEBUG org.apache.http.headers -- << Content-Length: 44
12:48:45.949 [main] DEBUG org.apache.http.headers -- << Connection: keep-alive
12:48:45.949 [main] DEBUG org.apache.http.headers -- << X-Powered-By: Express
12:48:45.949 [main] DEBUG org.apache.http.headers -- << Access-Control-Allow-Origin: *
12:48:45.949 [main] DEBUG org.apache.http.headers -- << ETag: W/"2c-EAnCIFy1uGovyo/FU6KYwnjLgrc"
12:48:45.949 [main] DEBUG org.apache.http.headers -- << CF-Cache-Status: DYNAMIC
12:48:45.949 [main] DEBUG org.apache.http.headers -- << Report-To: {"endpoints":[{"url":"https:\/\/a.nel.cloudflare.com\/report\/v4?s=JShuOFlOSXVYZKYCEp%2BqgiW1kroMl%2F59hAO3Y%2Fso2Ur7WV7wPKRTpxhN%2B44ldjFEDA8ZdrT5TPi5bhPPvyffRCb03iYmoYJGHvWpuXTDRVSPpH79qJFT84mrFJaAh6rAY3mbsZPxqyR25sySrErI7SIz7Ng%3D"}],"group":"cf-nel","max_age":604800}
12:48:45.949 [main] DEBUG org.apache.http.headers -- << NEL: {"success_fraction":0,"report_to":"cf-nel","max_age":604800}
12:48:45.949 [main] DEBUG org.apache.http.headers -- << Server: cloudflare
12:48:45.949 [main] DEBUG org.apache.http.headers -- << CF-RAY: 887be4769dec9d3b-DME
12:48:45.949 [main] DEBUG org.apache.http.headers -- << alt-svc: h3=":443"; ma=86400
12:48:45.949 [main] DEBUG org.apache.http.impl.client.DefaultHttpClient -- Connection can be kept alive indefinitely
12:48:45.949 [main] DEBUG io.restassured.internal.RequestSpecificationImpl$RestAssuredHttpBuilder -- Parsing response as: application/json; charset=utf-8
12:48:45.949 [main] DEBUG io.restassured.internal.RequestSpecificationImpl$RestAssuredHttpBuilder -- Parsed data to instance of: class org.apache.http.conn.EofSensorInputStream
12:48:45.950 [main] DEBUG org.apache.http.wire --  << "{"success":false,"message":"User not found"}"
12:48:45.950 [main] DEBUG org.apache.http.impl.conn.BasicClientConnectionManager -- Releasing connection org.apache.http.impl.conn.ManagedClientConnectionImpl@3fdb6ae4
12:48:45.950 [main] DEBUG org.apache.http.impl.conn.BasicClientConnectionManager -- Connection can be kept alive indefinitely
HTTP/1.1 404 Not Found
Date: Wed, 22 May 2024 09:48:46 GMT
Content-Type: application/json; charset=utf-8
Content-Length: 44
Connection: keep-alive
X-Powered-By: Express
Access-Control-Allow-Origin: *
ETag: W/"2c-EAnCIFy1uGovyo/FU6KYwnjLgrc"
CF-Cache-Status: DYNAMIC
Report-To: {"endpoints":[{"url":"https:\/\/a.nel.cloudflare.com\/report\/v4?s=JShuOFlOSXVYZKYCEp%2BqgiW1kroMl%2F59hAO3Y%2Fso2Ur7WV7wPKRTpxhN%2B44ldjFEDA8ZdrT5TPi5bhPPvyffRCb03iYmoYJGHvWpuXTDRVSPpH79qJFT84mrFJaAh6rAY3mbsZPxqyR25sySrErI7SIz7Ng%3D"}],"group":"cf-nel","max_age":604800}
NEL: {"success_fraction":0,"report_to":"cf-nel","max_age":604800}
Server: cloudflare
CF-RAY: 887be4769dec9d3b-DME
alt-svc: h3=":443"; ma=86400

{
    "success": false,
    "message": "User not found"
}
HTTP/1.1 404 Not Found
Date: Wed, 22 May 2024 09:48:46 GMT
Content-Type: application/json; charset=utf-8
Content-Length: 44
Connection: keep-alive
X-Powered-By: Express
Access-Control-Allow-Origin: *
ETag: W/"2c-EAnCIFy1uGovyo/FU6KYwnjLgrc"
CF-Cache-Status: DYNAMIC
Report-To: {"endpoints":[{"url":"https:\/\/a.nel.cloudflare.com\/report\/v4?s=JShuOFlOSXVYZKYCEp%2BqgiW1kroMl%2F59hAO3Y%2Fso2Ur7WV7wPKRTpxhN%2B44ldjFEDA8ZdrT5TPi5bhPPvyffRCb03iYmoYJGHvWpuXTDRVSPpH79qJFT84mrFJaAh6rAY3mbsZPxqyR25sySrErI7SIz7Ng%3D"}],"group":"cf-nel","max_age":604800}
NEL: {"success_fraction":0,"report_to":"cf-nel","max_age":604800}
Server: cloudflare
CF-RAY: 887be4769dec9d3b-DME
alt-svc: h3=":443"; ma=86400

{
    "success": false,
    "message": "User not found"
}
HTTP/1.1 404 Not Found
Date: Wed, 22 May 2024 09:48:46 GMT
Content-Type: application/json; charset=utf-8
Content-Length: 44
Connection: keep-alive
X-Powered-By: Express
Access-Control-Allow-Origin: *
ETag: W/"2c-EAnCIFy1uGovyo/FU6KYwnjLgrc"
CF-Cache-Status: DYNAMIC
Report-To: {"endpoints":[{"url":"https:\/\/a.nel.cloudflare.com\/report\/v4?s=JShuOFlOSXVYZKYCEp%2BqgiW1kroMl%2F59hAO3Y%2Fso2Ur7WV7wPKRTpxhN%2B44ldjFEDA8ZdrT5TPi5bhPPvyffRCb03iYmoYJGHvWpuXTDRVSPpH79qJFT84mrFJaAh6rAY3mbsZPxqyR25sySrErI7SIz7Ng%3D"}],"group":"cf-nel","max_age":604800}
NEL: {"success_fraction":0,"report_to":"cf-nel","max_age":604800}
Server: cloudflare
CF-RAY: 887be4769dec9d3b-DME
alt-svc: h3=":443"; ma=86400

{
    "success": false,
    "message": "User not found"
}
HTTP/1.1 404 Not Found
Date: Wed, 22 May 2024 09:48:46 GMT
Content-Type: application/json; charset=utf-8
Content-Length: 44
Connection: keep-alive
X-Powered-By: Express
Access-Control-Allow-Origin: *
ETag: W/"2c-EAnCIFy1uGovyo/FU6KYwnjLgrc"
CF-Cache-Status: DYNAMIC
Report-To: {"endpoints":[{"url":"https:\/\/a.nel.cloudflare.com\/report\/v4?s=JShuOFlOSXVYZKYCEp%2BqgiW1kroMl%2F59hAO3Y%2Fso2Ur7WV7wPKRTpxhN%2B44ldjFEDA8ZdrT5TPi5bhPPvyffRCb03iYmoYJGHvWpuXTDRVSPpH79qJFT84mrFJaAh6rAY3mbsZPxqyR25sySrErI7SIz7Ng%3D"}],"group":"cf-nel","max_age":604800}
NEL: {"success_fraction":0,"report_to":"cf-nel","max_age":604800}
Server: cloudflare
CF-RAY: 887be4769dec9d3b-DME
alt-svc: h3=":443"; ma=86400

{
    "success": false,
    "message": "User not found"
}
HTTP/1.1 404 Not Found
Date: Wed, 22 May 2024 09:48:46 GMT
Content-Type: application/json; charset=utf-8
Content-Length: 44
Connection: keep-alive
X-Powered-By: Express
Access-Control-Allow-Origin: *
ETag: W/"2c-EAnCIFy1uGovyo/FU6KYwnjLgrc"
CF-Cache-Status: DYNAMIC
Report-To: {"endpoints":[{"url":"https:\/\/a.nel.cloudflare.com\/report\/v4?s=JShuOFlOSXVYZKYCEp%2BqgiW1kroMl%2F59hAO3Y%2Fso2Ur7WV7wPKRTpxhN%2B44ldjFEDA8ZdrT5TPi5bhPPvyffRCb03iYmoYJGHvWpuXTDRVSPpH79qJFT84mrFJaAh6rAY3mbsZPxqyR25sySrErI7SIz7Ng%3D"}],"group":"cf-nel","max_age":604800}
NEL: {"success_fraction":0,"report_to":"cf-nel","max_age":604800}
Server: cloudflare
CF-RAY: 887be4769dec9d3b-DME
alt-svc: h3=":443"; ma=86400

{
    "success": false,
    "message": "User not found"
}
HTTP/1.1 404 Not Found
Date: Wed, 22 May 2024 09:48:46 GMT
Content-Type: application/json; charset=utf-8
Content-Length: 44
Connection: keep-alive
X-Powered-By: Express
Access-Control-Allow-Origin: *
ETag: W/"2c-EAnCIFy1uGovyo/FU6KYwnjLgrc"
CF-Cache-Status: DYNAMIC
Report-To: {"endpoints":[{"url":"https:\/\/a.nel.cloudflare.com\/report\/v4?s=JShuOFlOSXVYZKYCEp%2BqgiW1kroMl%2F59hAO3Y%2Fso2Ur7WV7wPKRTpxhN%2B44ldjFEDA8ZdrT5TPi5bhPPvyffRCb03iYmoYJGHvWpuXTDRVSPpH79qJFT84mrFJaAh6rAY3mbsZPxqyR25sySrErI7SIz7Ng%3D"}],"group":"cf-nel","max_age":604800}
NEL: {"success_fraction":0,"report_to":"cf-nel","max_age":604800}
Server: cloudflare
CF-RAY: 887be4769dec9d3b-DME
alt-svc: h3=":443"; ma=86400

{
    "success": false,
    "message": "User not found"
}
HTTP/1.1 404 Not Found
Date: Wed, 22 May 2024 09:48:46 GMT
Content-Type: application/json; charset=utf-8
Content-Length: 44
Connection: keep-alive
X-Powered-By: Express
Access-Control-Allow-Origin: *
ETag: W/"2c-EAnCIFy1uGovyo/FU6KYwnjLgrc"
CF-Cache-Status: DYNAMIC
Report-To: {"endpoints":[{"url":"https:\/\/a.nel.cloudflare.com\/report\/v4?s=JShuOFlOSXVYZKYCEp%2BqgiW1kroMl%2F59hAO3Y%2Fso2Ur7WV7wPKRTpxhN%2B44ldjFEDA8ZdrT5TPi5bhPPvyffRCb03iYmoYJGHvWpuXTDRVSPpH79qJFT84mrFJaAh6rAY3mbsZPxqyR25sySrErI7SIz7Ng%3D"}],"group":"cf-nel","max_age":604800}
NEL: {"success_fraction":0,"report_to":"cf-nel","max_age":604800}
Server: cloudflare
CF-RAY: 887be4769dec9d3b-DME
alt-svc: h3=":443"; ma=86400

{
    "success": false,
    "message": "User not found"
}
HTTP/1.1 404 Not Found
Date: Wed, 22 May 2024 09:48:46 GMT
Content-Type: application/json; charset=utf-8
Content-Length: 44
Connection: keep-alive
X-Powered-By: Express
Access-Control-Allow-Origin: *
ETag: W/"2c-EAnCIFy1uGovyo/FU6KYwnjLgrc"
CF-Cache-Status: DYNAMIC
Report-To: {"endpoints":[{"url":"https:\/\/a.nel.cloudflare.com\/report\/v4?s=JShuOFlOSXVYZKYCEp%2BqgiW1kroMl%2F59hAO3Y%2Fso2Ur7WV7wPKRTpxhN%2B44ldjFEDA8ZdrT5TPi5bhPPvyffRCb03iYmoYJGHvWpuXTDRVSPpH79qJFT84mrFJaAh6rAY3mbsZPxqyR25sySrErI7SIz7Ng%3D"}],"group":"cf-nel","max_age":604800}
NEL: {"success_fraction":0,"report_to":"cf-nel","max_age":604800}
Server: cloudflare
CF-RAY: 887be4769dec9d3b-DME
alt-svc: h3=":443"; ma=86400

{
    "success": false,
    "message": "User not found"
}
HTTP/1.1 404 Not Found
Date: Wed, 22 May 2024 09:48:46 GMT
Content-Type: application/json; charset=utf-8
Content-Length: 44
Connection: keep-alive
X-Powered-By: Express
Access-Control-Allow-Origin: *
ETag: W/"2c-EAnCIFy1uGovyo/FU6KYwnjLgrc"
CF-Cache-Status: DYNAMIC
Report-To: {"endpoints":[{"url":"https:\/\/a.nel.cloudflare.com\/report\/v4?s=JShuOFlOSXVYZKYCEp%2BqgiW1kroMl%2F59hAO3Y%2Fso2Ur7WV7wPKRTpxhN%2B44ldjFEDA8ZdrT5TPi5bhPPvyffRCb03iYmoYJGHvWpuXTDRVSPpH79qJFT84mrFJaAh6rAY3mbsZPxqyR25sySrErI7SIz7Ng%3D"}],"group":"cf-nel","max_age":604800}
NEL: {"success_fraction":0,"report_to":"cf-nel","max_age":604800}
Server: cloudflare
CF-RAY: 887be4769dec9d3b-DME
alt-svc: h3=":443"; ma=86400

{
    "success": false,
    "message": "User not found"
}
HTTP/1.1 404 Not Found
Date: Wed, 22 May 2024 09:48:46 GMT
Content-Type: application/json; charset=utf-8
Content-Length: 44
Connection: keep-alive
X-Powered-By: Express
Access-Control-Allow-Origin: *
ETag: W/"2c-EAnCIFy1uGovyo/FU6KYwnjLgrc"
CF-Cache-Status: DYNAMIC
Report-To: {"endpoints":[{"url":"https:\/\/a.nel.cloudflare.com\/report\/v4?s=JShuOFlOSXVYZKYCEp%2BqgiW1kroMl%2F59hAO3Y%2Fso2Ur7WV7wPKRTpxhN%2B44ldjFEDA8ZdrT5TPi5bhPPvyffRCb03iYmoYJGHvWpuXTDRVSPpH79qJFT84mrFJaAh6rAY3mbsZPxqyR25sySrErI7SIz7Ng%3D"}],"group":"cf-nel","max_age":604800}
NEL: {"success_fraction":0,"report_to":"cf-nel","max_age":604800}
Server: cloudflare
CF-RAY: 887be4769dec9d3b-DME
alt-svc: h3=":443"; ma=86400

{
    "success": false,
    "message": "User not found"
}
HTTP/1.1 404 Not Found
Date: Wed, 22 May 2024 09:48:46 GMT
Content-Type: application/json; charset=utf-8
Content-Length: 44
Connection: keep-alive
X-Powered-By: Express
Access-Control-Allow-Origin: *
ETag: W/"2c-EAnCIFy1uGovyo/FU6KYwnjLgrc"
CF-Cache-Status: DYNAMIC
Report-To: {"endpoints":[{"url":"https:\/\/a.nel.cloudflare.com\/report\/v4?s=JShuOFlOSXVYZKYCEp%2BqgiW1kroMl%2F59hAO3Y%2Fso2Ur7WV7wPKRTpxhN%2B44ldjFEDA8ZdrT5TPi5bhPPvyffRCb03iYmoYJGHvWpuXTDRVSPpH79qJFT84mrFJaAh6rAY3mbsZPxqyR25sySrErI7SIz7Ng%3D"}],"group":"cf-nel","max_age":604800}
NEL: {"success_fraction":0,"report_to":"cf-nel","max_age":604800}
Server: cloudflare
CF-RAY: 887be4769dec9d3b-DME
alt-svc: h3=":443"; ma=86400

{
    "success": false,
    "message": "User not found"
}
HTTP/1.1 404 Not Found
Date: Wed, 22 May 2024 09:48:46 GMT
Content-Type: application/json; charset=utf-8
Content-Length: 44
Connection: keep-alive
X-Powered-By: Express
Access-Control-Allow-Origin: *
ETag: W/"2c-EAnCIFy1uGovyo/FU6KYwnjLgrc"
CF-Cache-Status: DYNAMIC
Report-To: {"endpoints":[{"url":"https:\/\/a.nel.cloudflare.com\/report\/v4?s=JShuOFlOSXVYZKYCEp%2BqgiW1kroMl%2F59hAO3Y%2Fso2Ur7WV7wPKRTpxhN%2B44ldjFEDA8ZdrT5TPi5bhPPvyffRCb03iYmoYJGHvWpuXTDRVSPpH79qJFT84mrFJaAh6rAY3mbsZPxqyR25sySrErI7SIz7Ng%3D"}],"group":"cf-nel","max_age":604800}
NEL: {"success_fraction":0,"report_to":"cf-nel","max_age":604800}
Server: cloudflare
CF-RAY: 887be4769dec9d3b-DME
alt-svc: h3=":443"; ma=86400

{
    "success": false,
    "message": "User not found"
}
HTTP/1.1 404 Not Found
Date: Wed, 22 May 2024 09:48:46 GMT
Content-Type: application/json; charset=utf-8
Content-Length: 44
Connection: keep-alive
X-Powered-By: Express
Access-Control-Allow-Origin: *
ETag: W/"2c-EAnCIFy1uGovyo/FU6KYwnjLgrc"
CF-Cache-Status: DYNAMIC
Report-To: {"endpoints":[{"url":"https:\/\/a.nel.cloudflare.com\/report\/v4?s=JShuOFlOSXVYZKYCEp%2BqgiW1kroMl%2F59hAO3Y%2Fso2Ur7WV7wPKRTpxhN%2B44ldjFEDA8ZdrT5TPi5bhPPvyffRCb03iYmoYJGHvWpuXTDRVSPpH79qJFT84mrFJaAh6rAY3mbsZPxqyR25sySrErI7SIz7Ng%3D"}],"group":"cf-nel","max_age":604800}
NEL: {"success_fraction":0,"report_to":"cf-nel","max_age":604800}
Server: cloudflare
CF-RAY: 887be4769dec9d3b-DME
alt-svc: h3=":443"; ma=86400

{
    "success": false,
    "message": "User not found"
}
]]></system-out>
  </testcase>
  <testcase name="testGoToMainPageIfClicLogoFromPersonalProfile" classname="site.nomoreparties.stellarburgers.YandexTests.AuthUserPersonalProfileYandexTest" time="0.171">
    <failure message="1 expectation failed.&#10;Expected status code &lt;202&gt; but was &lt;404&gt;.&#10;" type="java.lang.AssertionError"><![CDATA[java.lang.AssertionError: 
1 expectation failed.
Expected status code <202> but was <404>.

	at site.nomoreparties.stellarburgers.YandexTests.AuthUserPersonalProfileYandexTest.tearDown(AuthUserPersonalProfileYandexTest.java:45)
]]></failure>
  </testcase>
  <testcase name="testGoToConstructorFromPersonalProfile" classname="site.nomoreparties.stellarburgers.YandexTests.AuthUserPersonalProfileYandexTest" time="0.161">
    <error message="Unable to obtain: chromedriver, error chromedriver must exist: C:\Users\dabre\Diplom_3-WEB-Tests\src\resources\yandexdriver.exe&#10;For documentation on this error, please visit: https://www.selenium.dev/documentation/webdriver/troubleshooting/errors/driver_location/&#10;Build info: version: &apos;4.20.0&apos;, revision: &apos;866c76ca80&apos;&#10;System info: os.name: &apos;Windows 10&apos;, os.arch: &apos;amd64&apos;, os.version: &apos;10.0&apos;, java.version: &apos;17.0.11&apos;&#10;Driver info: driver.version: SelenideDriver&#10;selenide.url: https://stellarburgers.nomoreparties.site/&#10;selenide.baseUrl: http://localhost:8080" type="org.openqa.selenium.remote.NoSuchDriverException">org.openqa.selenium.remote.NoSuchDriverException: 
Unable to obtain: chromedriver, error chromedriver must exist: C:\Users\dabre\Diplom_3-WEB-Tests\src\resources\yandexdriver.exe
For documentation on this error, please visit: https://www.selenium.dev/documentation/webdriver/troubleshooting/errors/driver_location/
Build info: version: '4.20.0', revision: '866c76ca80'
System info: os.name: 'Windows 10', os.arch: 'amd64', os.version: '10.0', java.version: '17.0.11'
Driver info: driver.version: SelenideDriver
selenide.url: https://stellarburgers.nomoreparties.site/
selenide.baseUrl: http://localhost:8080
	at site.nomoreparties.stellarburgers.YandexTests.AuthUserPersonalProfileYandexTest.setUp(AuthUserPersonalProfileYandexTest.java:34)
Caused by: java.lang.IllegalStateException: chromedriver must exist: C:\Users\dabre\Diplom_3-WEB-Tests\src\resources\yandexdriver.exe
	at site.nomoreparties.stellarburgers.YandexTests.AuthUserPersonalProfileYandexTest.setUp(AuthUserPersonalProfileYandexTest.java:34)
</error>
    <system-out><![CDATA[12:48:46.011 [main] INFO com.codeborne.selenide.impl.WebDriverThreadLocalContainer -- No webdriver is bound to current thread: 1 - let's create a new webdriver
12:48:46.011 [main] DEBUG com.codeborne.selenide.drivercommands.CreateDriverCommand -- Creating webdriver in thread 1 (ip: 192.168.1.67, host: DESKTOP-7H9UBQR)...
12:48:46.012 [main] INFO com.codeborne.selenide.impl.FileHelper -- Creating folder: C:\Users\dabre\Diplom_3-WEB-Tests\build\downloads\1716371326011_19268_1
12:48:46.012 [main] DEBUG com.codeborne.selenide.webdriver.WebDriverFactory -- browser=chrome
12:48:46.012 [main] DEBUG com.codeborne.selenide.webdriver.WebDriverFactory -- browser.version=null
12:48:46.012 [main] DEBUG com.codeborne.selenide.webdriver.WebDriverFactory -- remote=null
12:48:46.012 [main] DEBUG com.codeborne.selenide.webdriver.WebDriverFactory -- browserSize=1366x768
12:48:46.012 [main] DEBUG com.codeborne.selenide.webdriver.WebDriverFactory -- downloadsFolder=C:\Users\dabre\Diplom_3-WEB-Tests\build\downloads\1716371326011_19268_1
12:48:46.013 [main] DEBUG com.codeborne.selenide.webdriver.AbstractChromiumDriverFactory -- Using chromium preferences: {credentials_enable_service=false, safebrowsing.enabled=true, plugins.always_open_pdf_externally=true, profile.default_content_setting_values.automatic_downloads=1, profile.password_manager_enabled=false, profile.password_manager_leak_detection=false, download.default_directory=C:\Users\dabre\Diplom_3-WEB-Tests\build\downloads\1716371326011_19268_1}
12:48:46.013 [main] DEBUG com.codeborne.selenide.webdriver.ChromeDriverFactory -- Chrome options: Capabilities {acceptInsecureCerts: true, browserName: chrome, goog:chromeOptions: {args: [--proxy-bypass-list=<-loopb..., --disable-dev-shm-usage, --window-size=1366,768], excludeSwitches: [enable-automation, load-extension], extensions: [], prefs: {credentials_enable_service: false, download.default_directory: C:\Users\dabre\Diplom_3-WEB..., plugins.always_open_pdf_externally: true, profile.default_content_setting_values.automatic_downloads: 1, profile.password_manager_enabled: false, profile.password_manager_leak_detection: false, safebrowsing.enabled: true}}, pageLoadStrategy: normal, unhandledPromptBehavior: accept}
Request method:	DELETE
Request URI:	https://stellarburgers.nomoreparties.site/api/auth/user
Proxy:			<none>
Request params:	<none>
Query params:	<none>
Form params:	<none>
Path params:	<none>
Headers:		Accept=*/*
				Content-Type=application/json
Cookies:		<none>
Multiparts:		<none>
Body:			<none>
Request method:	DELETE
Request URI:	https://stellarburgers.nomoreparties.site/api/auth/user
Proxy:			<none>
Request params:	<none>
Query params:	<none>
Form params:	<none>
Path params:	<none>
Headers:		Accept=*/*
				Content-Type=application/json
Cookies:		<none>
Multiparts:		<none>
Body:			<none>
Request method:	DELETE
Request URI:	https://stellarburgers.nomoreparties.site/api/auth/user
Proxy:			<none>
Request params:	<none>
Query params:	<none>
Form params:	<none>
Path params:	<none>
Headers:		Accept=*/*
				Content-Type=application/json
Cookies:		<none>
Multiparts:		<none>
Body:			<none>
Request method:	DELETE
Request URI:	https://stellarburgers.nomoreparties.site/api/auth/user
Proxy:			<none>
Request params:	<none>
Query params:	<none>
Form params:	<none>
Path params:	<none>
Headers:		Accept=*/*
				Content-Type=application/json
Cookies:		<none>
Multiparts:		<none>
Body:			<none>
Request method:	DELETE
Request URI:	https://stellarburgers.nomoreparties.site/api/auth/user
Proxy:			<none>
Request params:	<none>
Query params:	<none>
Form params:	<none>
Path params:	<none>
Headers:		Accept=*/*
				Content-Type=application/json
Cookies:		<none>
Multiparts:		<none>
Body:			<none>
Request method:	DELETE
Request URI:	https://stellarburgers.nomoreparties.site/api/auth/user
Proxy:			<none>
Request params:	<none>
Query params:	<none>
Form params:	<none>
Path params:	<none>
Headers:		Accept=*/*
				Content-Type=application/json
Cookies:		<none>
Multiparts:		<none>
Body:			<none>
Request method:	DELETE
Request URI:	https://stellarburgers.nomoreparties.site/api/auth/user
Proxy:			<none>
Request params:	<none>
Query params:	<none>
Form params:	<none>
Path params:	<none>
Headers:		Accept=*/*
				Content-Type=application/json
Cookies:		<none>
Multiparts:		<none>
Body:			<none>
Request method:	DELETE
Request URI:	https://stellarburgers.nomoreparties.site/api/auth/user
Proxy:			<none>
Request params:	<none>
Query params:	<none>
Form params:	<none>
Path params:	<none>
Headers:		Accept=*/*
				Content-Type=application/json
Cookies:		<none>
Multiparts:		<none>
Body:			<none>
Request method:	DELETE
Request URI:	https://stellarburgers.nomoreparties.site/api/auth/user
Proxy:			<none>
Request params:	<none>
Query params:	<none>
Form params:	<none>
Path params:	<none>
Headers:		Accept=*/*
				Content-Type=application/json
Cookies:		<none>
Multiparts:		<none>
Body:			<none>
Request method:	DELETE
Request URI:	https://stellarburgers.nomoreparties.site/api/auth/user
Proxy:			<none>
Request params:	<none>
Query params:	<none>
Form params:	<none>
Path params:	<none>
Headers:		Accept=*/*
				Content-Type=application/json
Cookies:		<none>
Multiparts:		<none>
Body:			<none>
Request method:	DELETE
Request URI:	https://stellarburgers.nomoreparties.site/api/auth/user
Proxy:			<none>
Request params:	<none>
Query params:	<none>
Form params:	<none>
Path params:	<none>
Headers:		Accept=*/*
				Content-Type=application/json
Cookies:		<none>
Multiparts:		<none>
Body:			<none>
Request method:	DELETE
Request URI:	https://stellarburgers.nomoreparties.site/api/auth/user
Proxy:			<none>
Request params:	<none>
Query params:	<none>
Form params:	<none>
Path params:	<none>
Headers:		Accept=*/*
				Content-Type=application/json
Cookies:		<none>
Multiparts:		<none>
Body:			<none>
Request method:	DELETE
Request URI:	https://stellarburgers.nomoreparties.site/api/auth/user
Proxy:			<none>
Request params:	<none>
Query params:	<none>
Form params:	<none>
Path params:	<none>
Headers:		Accept=*/*
				Content-Type=application/json
Cookies:		<none>
Multiparts:		<none>
Body:			<none>
Request method:	DELETE
Request URI:	https://stellarburgers.nomoreparties.site/api/auth/user
Proxy:			<none>
Request params:	<none>
Query params:	<none>
Form params:	<none>
Path params:	<none>
Headers:		Accept=*/*
				Content-Type=application/json
Cookies:		<none>
Multiparts:		<none>
Body:			<none>
12:48:46.029 [main] DEBUG org.apache.http.impl.conn.BasicClientConnectionManager -- Get connection for route {s}->https://stellarburgers.nomoreparties.site:443
12:48:46.029 [main] DEBUG org.apache.http.impl.conn.DefaultClientConnectionOperator -- Connecting to stellarburgers.nomoreparties.site:443
12:48:46.100 [main] DEBUG org.apache.http.client.protocol.RequestAddCookies -- CookieSpec selected: ignoreCookies
12:48:46.100 [main] DEBUG org.apache.http.client.protocol.RequestAuthCache -- Auth cache not set in the context
12:48:46.100 [main] DEBUG org.apache.http.client.protocol.RequestProxyAuthentication -- Proxy auth state: UNCHALLENGED
12:48:46.100 [main] DEBUG org.apache.http.impl.client.DefaultHttpClient -- Attempt 1 to execute request
12:48:46.100 [main] DEBUG org.apache.http.impl.conn.DefaultClientConnection -- Sending request: DELETE /api/auth/user HTTP/1.1
12:48:46.100 [main] DEBUG org.apache.http.wire --  >> "DELETE /api/auth/user HTTP/1.1[\r][\n]"
12:48:46.100 [main] DEBUG org.apache.http.wire --  >> "Content-Type: application/json[\r][\n]"
12:48:46.100 [main] DEBUG org.apache.http.wire --  >> "Authorization: Bearer eyJhbGciOiJIUzI1NiIsInR5cCI6IkpXVCJ9.eyJpZCI6IjY2NGRiZjc0OWVkMjgwMDAxYjQxNzRiZSIsImlhdCI6MTcxNjM3MTMxNiwiZXhwIjoxNzE2MzcyNTE2fQ.1gYRUtCGfKIYWUdaoMDMyhF_5UzMpUH8_V3yubGyXQk[\r][\n]"
12:48:46.101 [main] DEBUG org.apache.http.wire --  >> "Accept: */*[\r][\n]"
12:48:46.101 [main] DEBUG org.apache.http.wire --  >> "Host: stellarburgers.nomoreparties.site[\r][\n]"
12:48:46.101 [main] DEBUG org.apache.http.wire --  >> "Connection: Keep-Alive[\r][\n]"
12:48:46.101 [main] DEBUG org.apache.http.wire --  >> "User-Agent: Apache-HttpClient/4.5.13 (Java/17.0.11)[\r][\n]"
12:48:46.101 [main] DEBUG org.apache.http.wire --  >> "Accept-Encoding: gzip,deflate[\r][\n]"
12:48:46.101 [main] DEBUG org.apache.http.wire --  >> "[\r][\n]"
12:48:46.101 [main] DEBUG org.apache.http.headers -- >> DELETE /api/auth/user HTTP/1.1
12:48:46.101 [main] DEBUG org.apache.http.headers -- >> Content-Type: application/json
12:48:46.101 [main] DEBUG org.apache.http.headers -- >> Authorization: Bearer eyJhbGciOiJIUzI1NiIsInR5cCI6IkpXVCJ9.eyJpZCI6IjY2NGRiZjc0OWVkMjgwMDAxYjQxNzRiZSIsImlhdCI6MTcxNjM3MTMxNiwiZXhwIjoxNzE2MzcyNTE2fQ.1gYRUtCGfKIYWUdaoMDMyhF_5UzMpUH8_V3yubGyXQk
12:48:46.101 [main] DEBUG org.apache.http.headers -- >> Accept: */*
12:48:46.101 [main] DEBUG org.apache.http.headers -- >> Host: stellarburgers.nomoreparties.site
12:48:46.101 [main] DEBUG org.apache.http.headers -- >> Connection: Keep-Alive
12:48:46.101 [main] DEBUG org.apache.http.headers -- >> User-Agent: Apache-HttpClient/4.5.13 (Java/17.0.11)
12:48:46.101 [main] DEBUG org.apache.http.headers -- >> Accept-Encoding: gzip,deflate
12:48:46.154 [main] DEBUG org.apache.http.wire --  << "HTTP/1.1 404 Not Found[\r][\n]"
12:48:46.154 [main] DEBUG org.apache.http.wire --  << "Date: Wed, 22 May 2024 09:48:46 GMT[\r][\n]"
12:48:46.154 [main] DEBUG org.apache.http.wire --  << "Content-Type: application/json; charset=utf-8[\r][\n]"
12:48:46.154 [main] DEBUG org.apache.http.wire --  << "Content-Length: 44[\r][\n]"
12:48:46.154 [main] DEBUG org.apache.http.wire --  << "Connection: keep-alive[\r][\n]"
12:48:46.154 [main] DEBUG org.apache.http.wire --  << "X-Powered-By: Express[\r][\n]"
12:48:46.154 [main] DEBUG org.apache.http.wire --  << "Access-Control-Allow-Origin: *[\r][\n]"
12:48:46.155 [main] DEBUG org.apache.http.wire --  << "ETag: W/"2c-EAnCIFy1uGovyo/FU6KYwnjLgrc"[\r][\n]"
12:48:46.155 [main] DEBUG org.apache.http.wire --  << "CF-Cache-Status: DYNAMIC[\r][\n]"
12:48:46.155 [main] DEBUG org.apache.http.wire --  << "Report-To: {"endpoints":[{"url":"https:\/\/a.nel.cloudflare.com\/report\/v4?s=q93RFAMe8JgdmYOgYQ3l0Ta9FBd8Z5SUc%2BvDKaqCtPXj9tp0rws3hJt%2FN8AOxFhoD2eMS8BgaTCzf90N7J14%2B5RKespDOoK7w2c7q1CoCgX2QDo3IVLIOOmJyxTiMaXutnKJZwpNlCaGJZcqYOcFV91%2FIJo%3D"}],"group":"cf-nel","max_age":604800}[\r][\n]"
12:48:46.155 [main] DEBUG org.apache.http.wire --  << "NEL: {"success_fraction":0,"report_to":"cf-nel","max_age":604800}[\r][\n]"
12:48:46.155 [main] DEBUG org.apache.http.wire --  << "Server: cloudflare[\r][\n]"
12:48:46.155 [main] DEBUG org.apache.http.wire --  << "CF-RAY: 887be477ee3b82a1-ARN[\r][\n]"
12:48:46.155 [main] DEBUG org.apache.http.wire --  << "alt-svc: h3=":443"; ma=86400[\r][\n]"
12:48:46.155 [main] DEBUG org.apache.http.wire --  << "[\r][\n]"
12:48:46.155 [main] DEBUG org.apache.http.impl.conn.DefaultClientConnection -- Receiving response: HTTP/1.1 404 Not Found
12:48:46.155 [main] DEBUG org.apache.http.headers -- << HTTP/1.1 404 Not Found
12:48:46.155 [main] DEBUG org.apache.http.headers -- << Date: Wed, 22 May 2024 09:48:46 GMT
12:48:46.155 [main] DEBUG org.apache.http.headers -- << Content-Type: application/json; charset=utf-8
12:48:46.155 [main] DEBUG org.apache.http.headers -- << Content-Length: 44
12:48:46.155 [main] DEBUG org.apache.http.headers -- << Connection: keep-alive
12:48:46.155 [main] DEBUG org.apache.http.headers -- << X-Powered-By: Express
12:48:46.155 [main] DEBUG org.apache.http.headers -- << Access-Control-Allow-Origin: *
12:48:46.155 [main] DEBUG org.apache.http.headers -- << ETag: W/"2c-EAnCIFy1uGovyo/FU6KYwnjLgrc"
12:48:46.155 [main] DEBUG org.apache.http.headers -- << CF-Cache-Status: DYNAMIC
12:48:46.155 [main] DEBUG org.apache.http.headers -- << Report-To: {"endpoints":[{"url":"https:\/\/a.nel.cloudflare.com\/report\/v4?s=q93RFAMe8JgdmYOgYQ3l0Ta9FBd8Z5SUc%2BvDKaqCtPXj9tp0rws3hJt%2FN8AOxFhoD2eMS8BgaTCzf90N7J14%2B5RKespDOoK7w2c7q1CoCgX2QDo3IVLIOOmJyxTiMaXutnKJZwpNlCaGJZcqYOcFV91%2FIJo%3D"}],"group":"cf-nel","max_age":604800}
12:48:46.155 [main] DEBUG org.apache.http.headers -- << NEL: {"success_fraction":0,"report_to":"cf-nel","max_age":604800}
12:48:46.155 [main] DEBUG org.apache.http.headers -- << Server: cloudflare
12:48:46.155 [main] DEBUG org.apache.http.headers -- << CF-RAY: 887be477ee3b82a1-ARN
12:48:46.155 [main] DEBUG org.apache.http.headers -- << alt-svc: h3=":443"; ma=86400
12:48:46.155 [main] DEBUG org.apache.http.impl.client.DefaultHttpClient -- Connection can be kept alive indefinitely
12:48:46.156 [main] DEBUG io.restassured.internal.RequestSpecificationImpl$RestAssuredHttpBuilder -- Parsing response as: application/json; charset=utf-8
12:48:46.156 [main] DEBUG io.restassured.internal.RequestSpecificationImpl$RestAssuredHttpBuilder -- Parsed data to instance of: class org.apache.http.conn.EofSensorInputStream
12:48:46.156 [main] DEBUG org.apache.http.wire --  << "{"success":false,"message":"User not found"}"
12:48:46.156 [main] DEBUG org.apache.http.impl.conn.BasicClientConnectionManager -- Releasing connection org.apache.http.impl.conn.ManagedClientConnectionImpl@1f8315cf
12:48:46.156 [main] DEBUG org.apache.http.impl.conn.BasicClientConnectionManager -- Connection can be kept alive indefinitely
HTTP/1.1 404 Not Found
Date: Wed, 22 May 2024 09:48:46 GMT
Content-Type: application/json; charset=utf-8
Content-Length: 44
Connection: keep-alive
X-Powered-By: Express
Access-Control-Allow-Origin: *
ETag: W/"2c-EAnCIFy1uGovyo/FU6KYwnjLgrc"
CF-Cache-Status: DYNAMIC
Report-To: {"endpoints":[{"url":"https:\/\/a.nel.cloudflare.com\/report\/v4?s=q93RFAMe8JgdmYOgYQ3l0Ta9FBd8Z5SUc%2BvDKaqCtPXj9tp0rws3hJt%2FN8AOxFhoD2eMS8BgaTCzf90N7J14%2B5RKespDOoK7w2c7q1CoCgX2QDo3IVLIOOmJyxTiMaXutnKJZwpNlCaGJZcqYOcFV91%2FIJo%3D"}],"group":"cf-nel","max_age":604800}
NEL: {"success_fraction":0,"report_to":"cf-nel","max_age":604800}
Server: cloudflare
CF-RAY: 887be477ee3b82a1-ARN
alt-svc: h3=":443"; ma=86400

{
    "success": false,
    "message": "User not found"
}
HTTP/1.1 404 Not Found
Date: Wed, 22 May 2024 09:48:46 GMT
Content-Type: application/json; charset=utf-8
Content-Length: 44
Connection: keep-alive
X-Powered-By: Express
Access-Control-Allow-Origin: *
ETag: W/"2c-EAnCIFy1uGovyo/FU6KYwnjLgrc"
CF-Cache-Status: DYNAMIC
Report-To: {"endpoints":[{"url":"https:\/\/a.nel.cloudflare.com\/report\/v4?s=q93RFAMe8JgdmYOgYQ3l0Ta9FBd8Z5SUc%2BvDKaqCtPXj9tp0rws3hJt%2FN8AOxFhoD2eMS8BgaTCzf90N7J14%2B5RKespDOoK7w2c7q1CoCgX2QDo3IVLIOOmJyxTiMaXutnKJZwpNlCaGJZcqYOcFV91%2FIJo%3D"}],"group":"cf-nel","max_age":604800}
NEL: {"success_fraction":0,"report_to":"cf-nel","max_age":604800}
Server: cloudflare
CF-RAY: 887be477ee3b82a1-ARN
alt-svc: h3=":443"; ma=86400

{
    "success": false,
    "message": "User not found"
}
HTTP/1.1 404 Not Found
Date: Wed, 22 May 2024 09:48:46 GMT
Content-Type: application/json; charset=utf-8
Content-Length: 44
Connection: keep-alive
X-Powered-By: Express
Access-Control-Allow-Origin: *
ETag: W/"2c-EAnCIFy1uGovyo/FU6KYwnjLgrc"
CF-Cache-Status: DYNAMIC
Report-To: {"endpoints":[{"url":"https:\/\/a.nel.cloudflare.com\/report\/v4?s=q93RFAMe8JgdmYOgYQ3l0Ta9FBd8Z5SUc%2BvDKaqCtPXj9tp0rws3hJt%2FN8AOxFhoD2eMS8BgaTCzf90N7J14%2B5RKespDOoK7w2c7q1CoCgX2QDo3IVLIOOmJyxTiMaXutnKJZwpNlCaGJZcqYOcFV91%2FIJo%3D"}],"group":"cf-nel","max_age":604800}
NEL: {"success_fraction":0,"report_to":"cf-nel","max_age":604800}
Server: cloudflare
CF-RAY: 887be477ee3b82a1-ARN
alt-svc: h3=":443"; ma=86400

{
    "success": false,
    "message": "User not found"
}
HTTP/1.1 404 Not Found
Date: Wed, 22 May 2024 09:48:46 GMT
Content-Type: application/json; charset=utf-8
Content-Length: 44
Connection: keep-alive
X-Powered-By: Express
Access-Control-Allow-Origin: *
ETag: W/"2c-EAnCIFy1uGovyo/FU6KYwnjLgrc"
CF-Cache-Status: DYNAMIC
Report-To: {"endpoints":[{"url":"https:\/\/a.nel.cloudflare.com\/report\/v4?s=q93RFAMe8JgdmYOgYQ3l0Ta9FBd8Z5SUc%2BvDKaqCtPXj9tp0rws3hJt%2FN8AOxFhoD2eMS8BgaTCzf90N7J14%2B5RKespDOoK7w2c7q1CoCgX2QDo3IVLIOOmJyxTiMaXutnKJZwpNlCaGJZcqYOcFV91%2FIJo%3D"}],"group":"cf-nel","max_age":604800}
NEL: {"success_fraction":0,"report_to":"cf-nel","max_age":604800}
Server: cloudflare
CF-RAY: 887be477ee3b82a1-ARN
alt-svc: h3=":443"; ma=86400

{
    "success": false,
    "message": "User not found"
}
HTTP/1.1 404 Not Found
Date: Wed, 22 May 2024 09:48:46 GMT
Content-Type: application/json; charset=utf-8
Content-Length: 44
Connection: keep-alive
X-Powered-By: Express
Access-Control-Allow-Origin: *
ETag: W/"2c-EAnCIFy1uGovyo/FU6KYwnjLgrc"
CF-Cache-Status: DYNAMIC
Report-To: {"endpoints":[{"url":"https:\/\/a.nel.cloudflare.com\/report\/v4?s=q93RFAMe8JgdmYOgYQ3l0Ta9FBd8Z5SUc%2BvDKaqCtPXj9tp0rws3hJt%2FN8AOxFhoD2eMS8BgaTCzf90N7J14%2B5RKespDOoK7w2c7q1CoCgX2QDo3IVLIOOmJyxTiMaXutnKJZwpNlCaGJZcqYOcFV91%2FIJo%3D"}],"group":"cf-nel","max_age":604800}
NEL: {"success_fraction":0,"report_to":"cf-nel","max_age":604800}
Server: cloudflare
CF-RAY: 887be477ee3b82a1-ARN
alt-svc: h3=":443"; ma=86400

{
    "success": false,
    "message": "User not found"
}
HTTP/1.1 404 Not Found
Date: Wed, 22 May 2024 09:48:46 GMT
Content-Type: application/json; charset=utf-8
Content-Length: 44
Connection: keep-alive
X-Powered-By: Express
Access-Control-Allow-Origin: *
ETag: W/"2c-EAnCIFy1uGovyo/FU6KYwnjLgrc"
CF-Cache-Status: DYNAMIC
Report-To: {"endpoints":[{"url":"https:\/\/a.nel.cloudflare.com\/report\/v4?s=q93RFAMe8JgdmYOgYQ3l0Ta9FBd8Z5SUc%2BvDKaqCtPXj9tp0rws3hJt%2FN8AOxFhoD2eMS8BgaTCzf90N7J14%2B5RKespDOoK7w2c7q1CoCgX2QDo3IVLIOOmJyxTiMaXutnKJZwpNlCaGJZcqYOcFV91%2FIJo%3D"}],"group":"cf-nel","max_age":604800}
NEL: {"success_fraction":0,"report_to":"cf-nel","max_age":604800}
Server: cloudflare
CF-RAY: 887be477ee3b82a1-ARN
alt-svc: h3=":443"; ma=86400

{
    "success": false,
    "message": "User not found"
}
HTTP/1.1 404 Not Found
Date: Wed, 22 May 2024 09:48:46 GMT
Content-Type: application/json; charset=utf-8
Content-Length: 44
Connection: keep-alive
X-Powered-By: Express
Access-Control-Allow-Origin: *
ETag: W/"2c-EAnCIFy1uGovyo/FU6KYwnjLgrc"
CF-Cache-Status: DYNAMIC
Report-To: {"endpoints":[{"url":"https:\/\/a.nel.cloudflare.com\/report\/v4?s=q93RFAMe8JgdmYOgYQ3l0Ta9FBd8Z5SUc%2BvDKaqCtPXj9tp0rws3hJt%2FN8AOxFhoD2eMS8BgaTCzf90N7J14%2B5RKespDOoK7w2c7q1CoCgX2QDo3IVLIOOmJyxTiMaXutnKJZwpNlCaGJZcqYOcFV91%2FIJo%3D"}],"group":"cf-nel","max_age":604800}
NEL: {"success_fraction":0,"report_to":"cf-nel","max_age":604800}
Server: cloudflare
CF-RAY: 887be477ee3b82a1-ARN
alt-svc: h3=":443"; ma=86400

{
    "success": false,
    "message": "User not found"
}
HTTP/1.1 404 Not Found
Date: Wed, 22 May 2024 09:48:46 GMT
Content-Type: application/json; charset=utf-8
Content-Length: 44
Connection: keep-alive
X-Powered-By: Express
Access-Control-Allow-Origin: *
ETag: W/"2c-EAnCIFy1uGovyo/FU6KYwnjLgrc"
CF-Cache-Status: DYNAMIC
Report-To: {"endpoints":[{"url":"https:\/\/a.nel.cloudflare.com\/report\/v4?s=q93RFAMe8JgdmYOgYQ3l0Ta9FBd8Z5SUc%2BvDKaqCtPXj9tp0rws3hJt%2FN8AOxFhoD2eMS8BgaTCzf90N7J14%2B5RKespDOoK7w2c7q1CoCgX2QDo3IVLIOOmJyxTiMaXutnKJZwpNlCaGJZcqYOcFV91%2FIJo%3D"}],"group":"cf-nel","max_age":604800}
NEL: {"success_fraction":0,"report_to":"cf-nel","max_age":604800}
Server: cloudflare
CF-RAY: 887be477ee3b82a1-ARN
alt-svc: h3=":443"; ma=86400

{
    "success": false,
    "message": "User not found"
}
HTTP/1.1 404 Not Found
Date: Wed, 22 May 2024 09:48:46 GMT
Content-Type: application/json; charset=utf-8
Content-Length: 44
Connection: keep-alive
X-Powered-By: Express
Access-Control-Allow-Origin: *
ETag: W/"2c-EAnCIFy1uGovyo/FU6KYwnjLgrc"
CF-Cache-Status: DYNAMIC
Report-To: {"endpoints":[{"url":"https:\/\/a.nel.cloudflare.com\/report\/v4?s=q93RFAMe8JgdmYOgYQ3l0Ta9FBd8Z5SUc%2BvDKaqCtPXj9tp0rws3hJt%2FN8AOxFhoD2eMS8BgaTCzf90N7J14%2B5RKespDOoK7w2c7q1CoCgX2QDo3IVLIOOmJyxTiMaXutnKJZwpNlCaGJZcqYOcFV91%2FIJo%3D"}],"group":"cf-nel","max_age":604800}
NEL: {"success_fraction":0,"report_to":"cf-nel","max_age":604800}
Server: cloudflare
CF-RAY: 887be477ee3b82a1-ARN
alt-svc: h3=":443"; ma=86400

{
    "success": false,
    "message": "User not found"
}
HTTP/1.1 404 Not Found
Date: Wed, 22 May 2024 09:48:46 GMT
Content-Type: application/json; charset=utf-8
Content-Length: 44
Connection: keep-alive
X-Powered-By: Express
Access-Control-Allow-Origin: *
ETag: W/"2c-EAnCIFy1uGovyo/FU6KYwnjLgrc"
CF-Cache-Status: DYNAMIC
Report-To: {"endpoints":[{"url":"https:\/\/a.nel.cloudflare.com\/report\/v4?s=q93RFAMe8JgdmYOgYQ3l0Ta9FBd8Z5SUc%2BvDKaqCtPXj9tp0rws3hJt%2FN8AOxFhoD2eMS8BgaTCzf90N7J14%2B5RKespDOoK7w2c7q1CoCgX2QDo3IVLIOOmJyxTiMaXutnKJZwpNlCaGJZcqYOcFV91%2FIJo%3D"}],"group":"cf-nel","max_age":604800}
NEL: {"success_fraction":0,"report_to":"cf-nel","max_age":604800}
Server: cloudflare
CF-RAY: 887be477ee3b82a1-ARN
alt-svc: h3=":443"; ma=86400

{
    "success": false,
    "message": "User not found"
}
HTTP/1.1 404 Not Found
Date: Wed, 22 May 2024 09:48:46 GMT
Content-Type: application/json; charset=utf-8
Content-Length: 44
Connection: keep-alive
X-Powered-By: Express
Access-Control-Allow-Origin: *
ETag: W/"2c-EAnCIFy1uGovyo/FU6KYwnjLgrc"
CF-Cache-Status: DYNAMIC
Report-To: {"endpoints":[{"url":"https:\/\/a.nel.cloudflare.com\/report\/v4?s=q93RFAMe8JgdmYOgYQ3l0Ta9FBd8Z5SUc%2BvDKaqCtPXj9tp0rws3hJt%2FN8AOxFhoD2eMS8BgaTCzf90N7J14%2B5RKespDOoK7w2c7q1CoCgX2QDo3IVLIOOmJyxTiMaXutnKJZwpNlCaGJZcqYOcFV91%2FIJo%3D"}],"group":"cf-nel","max_age":604800}
NEL: {"success_fraction":0,"report_to":"cf-nel","max_age":604800}
Server: cloudflare
CF-RAY: 887be477ee3b82a1-ARN
alt-svc: h3=":443"; ma=86400

{
    "success": false,
    "message": "User not found"
}
HTTP/1.1 404 Not Found
Date: Wed, 22 May 2024 09:48:46 GMT
Content-Type: application/json; charset=utf-8
Content-Length: 44
Connection: keep-alive
X-Powered-By: Express
Access-Control-Allow-Origin: *
ETag: W/"2c-EAnCIFy1uGovyo/FU6KYwnjLgrc"
CF-Cache-Status: DYNAMIC
Report-To: {"endpoints":[{"url":"https:\/\/a.nel.cloudflare.com\/report\/v4?s=q93RFAMe8JgdmYOgYQ3l0Ta9FBd8Z5SUc%2BvDKaqCtPXj9tp0rws3hJt%2FN8AOxFhoD2eMS8BgaTCzf90N7J14%2B5RKespDOoK7w2c7q1CoCgX2QDo3IVLIOOmJyxTiMaXutnKJZwpNlCaGJZcqYOcFV91%2FIJo%3D"}],"group":"cf-nel","max_age":604800}
NEL: {"success_fraction":0,"report_to":"cf-nel","max_age":604800}
Server: cloudflare
CF-RAY: 887be477ee3b82a1-ARN
alt-svc: h3=":443"; ma=86400

{
    "success": false,
    "message": "User not found"
}
HTTP/1.1 404 Not Found
Date: Wed, 22 May 2024 09:48:46 GMT
Content-Type: application/json; charset=utf-8
Content-Length: 44
Connection: keep-alive
X-Powered-By: Express
Access-Control-Allow-Origin: *
ETag: W/"2c-EAnCIFy1uGovyo/FU6KYwnjLgrc"
CF-Cache-Status: DYNAMIC
Report-To: {"endpoints":[{"url":"https:\/\/a.nel.cloudflare.com\/report\/v4?s=q93RFAMe8JgdmYOgYQ3l0Ta9FBd8Z5SUc%2BvDKaqCtPXj9tp0rws3hJt%2FN8AOxFhoD2eMS8BgaTCzf90N7J14%2B5RKespDOoK7w2c7q1CoCgX2QDo3IVLIOOmJyxTiMaXutnKJZwpNlCaGJZcqYOcFV91%2FIJo%3D"}],"group":"cf-nel","max_age":604800}
NEL: {"success_fraction":0,"report_to":"cf-nel","max_age":604800}
Server: cloudflare
CF-RAY: 887be477ee3b82a1-ARN
alt-svc: h3=":443"; ma=86400

{
    "success": false,
    "message": "User not found"
}
HTTP/1.1 404 Not Found
Date: Wed, 22 May 2024 09:48:46 GMT
Content-Type: application/json; charset=utf-8
Content-Length: 44
Connection: keep-alive
X-Powered-By: Express
Access-Control-Allow-Origin: *
ETag: W/"2c-EAnCIFy1uGovyo/FU6KYwnjLgrc"
CF-Cache-Status: DYNAMIC
Report-To: {"endpoints":[{"url":"https:\/\/a.nel.cloudflare.com\/report\/v4?s=q93RFAMe8JgdmYOgYQ3l0Ta9FBd8Z5SUc%2BvDKaqCtPXj9tp0rws3hJt%2FN8AOxFhoD2eMS8BgaTCzf90N7J14%2B5RKespDOoK7w2c7q1CoCgX2QDo3IVLIOOmJyxTiMaXutnKJZwpNlCaGJZcqYOcFV91%2FIJo%3D"}],"group":"cf-nel","max_age":604800}
NEL: {"success_fraction":0,"report_to":"cf-nel","max_age":604800}
Server: cloudflare
CF-RAY: 887be477ee3b82a1-ARN
alt-svc: h3=":443"; ma=86400

{
    "success": false,
    "message": "User not found"
}
]]></system-out>
  </testcase>
  <testcase name="testGoToConstructorFromPersonalProfile" classname="site.nomoreparties.stellarburgers.YandexTests.AuthUserPersonalProfileYandexTest" time="0.161">
    <failure message="1 expectation failed.&#10;Expected status code &lt;202&gt; but was &lt;404&gt;.&#10;" type="java.lang.AssertionError"><![CDATA[java.lang.AssertionError: 
1 expectation failed.
Expected status code <202> but was <404>.

	at site.nomoreparties.stellarburgers.YandexTests.AuthUserPersonalProfileYandexTest.tearDown(AuthUserPersonalProfileYandexTest.java:45)
]]></failure>
  </testcase>
  <testcase name="testExitFromPersonalProfile" classname="site.nomoreparties.stellarburgers.YandexTests.AuthUserPersonalProfileYandexTest" time="0.156">
    <error message="Unable to obtain: chromedriver, error chromedriver must exist: C:\Users\dabre\Diplom_3-WEB-Tests\src\resources\yandexdriver.exe&#10;For documentation on this error, please visit: https://www.selenium.dev/documentation/webdriver/troubleshooting/errors/driver_location/&#10;Build info: version: &apos;4.20.0&apos;, revision: &apos;866c76ca80&apos;&#10;System info: os.name: &apos;Windows 10&apos;, os.arch: &apos;amd64&apos;, os.version: &apos;10.0&apos;, java.version: &apos;17.0.11&apos;&#10;Driver info: driver.version: SelenideDriver&#10;selenide.url: https://stellarburgers.nomoreparties.site/&#10;selenide.baseUrl: http://localhost:8080" type="org.openqa.selenium.remote.NoSuchDriverException">org.openqa.selenium.remote.NoSuchDriverException: 
Unable to obtain: chromedriver, error chromedriver must exist: C:\Users\dabre\Diplom_3-WEB-Tests\src\resources\yandexdriver.exe
For documentation on this error, please visit: https://www.selenium.dev/documentation/webdriver/troubleshooting/errors/driver_location/
Build info: version: '4.20.0', revision: '866c76ca80'
System info: os.name: 'Windows 10', os.arch: 'amd64', os.version: '10.0', java.version: '17.0.11'
Driver info: driver.version: SelenideDriver
selenide.url: https://stellarburgers.nomoreparties.site/
selenide.baseUrl: http://localhost:8080
	at site.nomoreparties.stellarburgers.YandexTests.AuthUserPersonalProfileYandexTest.setUp(AuthUserPersonalProfileYandexTest.java:34)
Caused by: java.lang.IllegalStateException: chromedriver must exist: C:\Users\dabre\Diplom_3-WEB-Tests\src\resources\yandexdriver.exe
	at site.nomoreparties.stellarburgers.YandexTests.AuthUserPersonalProfileYandexTest.setUp(AuthUserPersonalProfileYandexTest.java:34)
</error>
    <system-out><![CDATA[12:48:46.167 [main] INFO com.codeborne.selenide.impl.WebDriverThreadLocalContainer -- No webdriver is bound to current thread: 1 - let's create a new webdriver
12:48:46.167 [main] DEBUG com.codeborne.selenide.drivercommands.CreateDriverCommand -- Creating webdriver in thread 1 (ip: 192.168.1.67, host: DESKTOP-7H9UBQR)...
12:48:46.167 [main] INFO com.codeborne.selenide.impl.FileHelper -- Creating folder: C:\Users\dabre\Diplom_3-WEB-Tests\build\downloads\1716371326167_19268_1
12:48:46.168 [main] DEBUG com.codeborne.selenide.webdriver.WebDriverFactory -- browser=chrome
12:48:46.168 [main] DEBUG com.codeborne.selenide.webdriver.WebDriverFactory -- browser.version=null
12:48:46.168 [main] DEBUG com.codeborne.selenide.webdriver.WebDriverFactory -- remote=null
12:48:46.168 [main] DEBUG com.codeborne.selenide.webdriver.WebDriverFactory -- browserSize=1366x768
12:48:46.168 [main] DEBUG com.codeborne.selenide.webdriver.WebDriverFactory -- downloadsFolder=C:\Users\dabre\Diplom_3-WEB-Tests\build\downloads\1716371326167_19268_1
12:48:46.168 [main] DEBUG com.codeborne.selenide.webdriver.AbstractChromiumDriverFactory -- Using chromium preferences: {credentials_enable_service=false, safebrowsing.enabled=true, plugins.always_open_pdf_externally=true, profile.default_content_setting_values.automatic_downloads=1, profile.password_manager_enabled=false, profile.password_manager_leak_detection=false, download.default_directory=C:\Users\dabre\Diplom_3-WEB-Tests\build\downloads\1716371326167_19268_1}
12:48:46.169 [main] DEBUG com.codeborne.selenide.webdriver.ChromeDriverFactory -- Chrome options: Capabilities {acceptInsecureCerts: true, browserName: chrome, goog:chromeOptions: {args: [--proxy-bypass-list=<-loopb..., --disable-dev-shm-usage, --window-size=1366,768], excludeSwitches: [enable-automation, load-extension], extensions: [], prefs: {credentials_enable_service: false, download.default_directory: C:\Users\dabre\Diplom_3-WEB..., plugins.always_open_pdf_externally: true, profile.default_content_setting_values.automatic_downloads: 1, profile.password_manager_enabled: false, profile.password_manager_leak_detection: false, safebrowsing.enabled: true}}, pageLoadStrategy: normal, unhandledPromptBehavior: accept}
Request method:	DELETE
Request URI:	https://stellarburgers.nomoreparties.site/api/auth/user
Proxy:			<none>
Request params:	<none>
Query params:	<none>
Form params:	<none>
Path params:	<none>
Headers:		Accept=*/*
				Content-Type=application/json
Cookies:		<none>
Multiparts:		<none>
Body:			<none>
Request method:	DELETE
Request URI:	https://stellarburgers.nomoreparties.site/api/auth/user
Proxy:			<none>
Request params:	<none>
Query params:	<none>
Form params:	<none>
Path params:	<none>
Headers:		Accept=*/*
				Content-Type=application/json
Cookies:		<none>
Multiparts:		<none>
Body:			<none>
Request method:	DELETE
Request URI:	https://stellarburgers.nomoreparties.site/api/auth/user
Proxy:			<none>
Request params:	<none>
Query params:	<none>
Form params:	<none>
Path params:	<none>
Headers:		Accept=*/*
				Content-Type=application/json
Cookies:		<none>
Multiparts:		<none>
Body:			<none>
Request method:	DELETE
Request URI:	https://stellarburgers.nomoreparties.site/api/auth/user
Proxy:			<none>
Request params:	<none>
Query params:	<none>
Form params:	<none>
Path params:	<none>
Headers:		Accept=*/*
				Content-Type=application/json
Cookies:		<none>
Multiparts:		<none>
Body:			<none>
Request method:	DELETE
Request URI:	https://stellarburgers.nomoreparties.site/api/auth/user
Proxy:			<none>
Request params:	<none>
Query params:	<none>
Form params:	<none>
Path params:	<none>
Headers:		Accept=*/*
				Content-Type=application/json
Cookies:		<none>
Multiparts:		<none>
Body:			<none>
Request method:	DELETE
Request URI:	https://stellarburgers.nomoreparties.site/api/auth/user
Proxy:			<none>
Request params:	<none>
Query params:	<none>
Form params:	<none>
Path params:	<none>
Headers:		Accept=*/*
				Content-Type=application/json
Cookies:		<none>
Multiparts:		<none>
Body:			<none>
Request method:	DELETE
Request URI:	https://stellarburgers.nomoreparties.site/api/auth/user
Proxy:			<none>
Request params:	<none>
Query params:	<none>
Form params:	<none>
Path params:	<none>
Headers:		Accept=*/*
				Content-Type=application/json
Cookies:		<none>
Multiparts:		<none>
Body:			<none>
Request method:	DELETE
Request URI:	https://stellarburgers.nomoreparties.site/api/auth/user
Proxy:			<none>
Request params:	<none>
Query params:	<none>
Form params:	<none>
Path params:	<none>
Headers:		Accept=*/*
				Content-Type=application/json
Cookies:		<none>
Multiparts:		<none>
Body:			<none>
Request method:	DELETE
Request URI:	https://stellarburgers.nomoreparties.site/api/auth/user
Proxy:			<none>
Request params:	<none>
Query params:	<none>
Form params:	<none>
Path params:	<none>
Headers:		Accept=*/*
				Content-Type=application/json
Cookies:		<none>
Multiparts:		<none>
Body:			<none>
Request method:	DELETE
Request URI:	https://stellarburgers.nomoreparties.site/api/auth/user
Proxy:			<none>
Request params:	<none>
Query params:	<none>
Form params:	<none>
Path params:	<none>
Headers:		Accept=*/*
				Content-Type=application/json
Cookies:		<none>
Multiparts:		<none>
Body:			<none>
Request method:	DELETE
Request URI:	https://stellarburgers.nomoreparties.site/api/auth/user
Proxy:			<none>
Request params:	<none>
Query params:	<none>
Form params:	<none>
Path params:	<none>
Headers:		Accept=*/*
				Content-Type=application/json
Cookies:		<none>
Multiparts:		<none>
Body:			<none>
Request method:	DELETE
Request URI:	https://stellarburgers.nomoreparties.site/api/auth/user
Proxy:			<none>
Request params:	<none>
Query params:	<none>
Form params:	<none>
Path params:	<none>
Headers:		Accept=*/*
				Content-Type=application/json
Cookies:		<none>
Multiparts:		<none>
Body:			<none>
Request method:	DELETE
Request URI:	https://stellarburgers.nomoreparties.site/api/auth/user
Proxy:			<none>
Request params:	<none>
Query params:	<none>
Form params:	<none>
Path params:	<none>
Headers:		Accept=*/*
				Content-Type=application/json
Cookies:		<none>
Multiparts:		<none>
Body:			<none>
Request method:	DELETE
Request URI:	https://stellarburgers.nomoreparties.site/api/auth/user
Proxy:			<none>
Request params:	<none>
Query params:	<none>
Form params:	<none>
Path params:	<none>
Headers:		Accept=*/*
				Content-Type=application/json
Cookies:		<none>
Multiparts:		<none>
Body:			<none>
Request method:	DELETE
Request URI:	https://stellarburgers.nomoreparties.site/api/auth/user
Proxy:			<none>
Request params:	<none>
Query params:	<none>
Form params:	<none>
Path params:	<none>
Headers:		Accept=*/*
				Content-Type=application/json
Cookies:		<none>
Multiparts:		<none>
Body:			<none>
12:48:46.182 [main] DEBUG org.apache.http.impl.conn.BasicClientConnectionManager -- Get connection for route {s}->https://stellarburgers.nomoreparties.site:443
12:48:46.182 [main] DEBUG org.apache.http.impl.conn.DefaultClientConnectionOperator -- Connecting to stellarburgers.nomoreparties.site:443
12:48:46.251 [main] DEBUG org.apache.http.client.protocol.RequestAddCookies -- CookieSpec selected: ignoreCookies
12:48:46.251 [main] DEBUG org.apache.http.client.protocol.RequestAuthCache -- Auth cache not set in the context
12:48:46.251 [main] DEBUG org.apache.http.client.protocol.RequestProxyAuthentication -- Proxy auth state: UNCHALLENGED
12:48:46.251 [main] DEBUG org.apache.http.impl.client.DefaultHttpClient -- Attempt 1 to execute request
12:48:46.251 [main] DEBUG org.apache.http.impl.conn.DefaultClientConnection -- Sending request: DELETE /api/auth/user HTTP/1.1
12:48:46.251 [main] DEBUG org.apache.http.wire --  >> "DELETE /api/auth/user HTTP/1.1[\r][\n]"
12:48:46.251 [main] DEBUG org.apache.http.wire --  >> "Content-Type: application/json[\r][\n]"
12:48:46.251 [main] DEBUG org.apache.http.wire --  >> "Authorization: Bearer eyJhbGciOiJIUzI1NiIsInR5cCI6IkpXVCJ9.eyJpZCI6IjY2NGRiZjc0OWVkMjgwMDAxYjQxNzRiZSIsImlhdCI6MTcxNjM3MTMxNiwiZXhwIjoxNzE2MzcyNTE2fQ.1gYRUtCGfKIYWUdaoMDMyhF_5UzMpUH8_V3yubGyXQk[\r][\n]"
12:48:46.251 [main] DEBUG org.apache.http.wire --  >> "Accept: */*[\r][\n]"
12:48:46.251 [main] DEBUG org.apache.http.wire --  >> "Host: stellarburgers.nomoreparties.site[\r][\n]"
12:48:46.251 [main] DEBUG org.apache.http.wire --  >> "Connection: Keep-Alive[\r][\n]"
12:48:46.251 [main] DEBUG org.apache.http.wire --  >> "User-Agent: Apache-HttpClient/4.5.13 (Java/17.0.11)[\r][\n]"
12:48:46.251 [main] DEBUG org.apache.http.wire --  >> "Accept-Encoding: gzip,deflate[\r][\n]"
12:48:46.251 [main] DEBUG org.apache.http.wire --  >> "[\r][\n]"
12:48:46.251 [main] DEBUG org.apache.http.headers -- >> DELETE /api/auth/user HTTP/1.1
12:48:46.251 [main] DEBUG org.apache.http.headers -- >> Content-Type: application/json
12:48:46.251 [main] DEBUG org.apache.http.headers -- >> Authorization: Bearer eyJhbGciOiJIUzI1NiIsInR5cCI6IkpXVCJ9.eyJpZCI6IjY2NGRiZjc0OWVkMjgwMDAxYjQxNzRiZSIsImlhdCI6MTcxNjM3MTMxNiwiZXhwIjoxNzE2MzcyNTE2fQ.1gYRUtCGfKIYWUdaoMDMyhF_5UzMpUH8_V3yubGyXQk
12:48:46.251 [main] DEBUG org.apache.http.headers -- >> Accept: */*
12:48:46.251 [main] DEBUG org.apache.http.headers -- >> Host: stellarburgers.nomoreparties.site
12:48:46.252 [main] DEBUG org.apache.http.headers -- >> Connection: Keep-Alive
12:48:46.252 [main] DEBUG org.apache.http.headers -- >> User-Agent: Apache-HttpClient/4.5.13 (Java/17.0.11)
12:48:46.252 [main] DEBUG org.apache.http.headers -- >> Accept-Encoding: gzip,deflate
12:48:46.310 [main] DEBUG org.apache.http.wire --  << "HTTP/1.1 404 Not Found[\r][\n]"
12:48:46.310 [main] DEBUG org.apache.http.wire --  << "Date: Wed, 22 May 2024 09:48:46 GMT[\r][\n]"
12:48:46.310 [main] DEBUG org.apache.http.wire --  << "Content-Type: application/json; charset=utf-8[\r][\n]"
12:48:46.310 [main] DEBUG org.apache.http.wire --  << "Content-Length: 44[\r][\n]"
12:48:46.310 [main] DEBUG org.apache.http.wire --  << "Connection: keep-alive[\r][\n]"
12:48:46.310 [main] DEBUG org.apache.http.wire --  << "X-Powered-By: Express[\r][\n]"
12:48:46.310 [main] DEBUG org.apache.http.wire --  << "Access-Control-Allow-Origin: *[\r][\n]"
12:48:46.310 [main] DEBUG org.apache.http.wire --  << "ETag: W/"2c-EAnCIFy1uGovyo/FU6KYwnjLgrc"[\r][\n]"
12:48:46.310 [main] DEBUG org.apache.http.wire --  << "CF-Cache-Status: DYNAMIC[\r][\n]"
12:48:46.310 [main] DEBUG org.apache.http.wire --  << "Report-To: {"endpoints":[{"url":"https:\/\/a.nel.cloudflare.com\/report\/v4?s=bHrP42SgR39Co7%2BNe%2FP8FUKsAAzB5cCWj%2F3b6IWfqhZQUNwJzHh5rVXKdDRGu4Fkg5L73NE5sN%2BYgnDXogrDnD7QFQXR6vn%2B028%2BR8qVyxZCcMKMwUzMLHOZAWqdQAlCHEZ5KbyxFEnX0xossnVhSrcx26Q%3D"}],"group":"cf-nel","max_age":604800}[\r][\n]"
12:48:46.310 [main] DEBUG org.apache.http.wire --  << "NEL: {"success_fraction":0,"report_to":"cf-nel","max_age":604800}[\r][\n]"
12:48:46.310 [main] DEBUG org.apache.http.wire --  << "Server: cloudflare[\r][\n]"
12:48:46.310 [main] DEBUG org.apache.http.wire --  << "CF-RAY: 887be478d8e00a19-ARN[\r][\n]"
12:48:46.310 [main] DEBUG org.apache.http.wire --  << "alt-svc: h3=":443"; ma=86400[\r][\n]"
12:48:46.310 [main] DEBUG org.apache.http.wire --  << "[\r][\n]"
12:48:46.310 [main] DEBUG org.apache.http.impl.conn.DefaultClientConnection -- Receiving response: HTTP/1.1 404 Not Found
12:48:46.310 [main] DEBUG org.apache.http.headers -- << HTTP/1.1 404 Not Found
12:48:46.310 [main] DEBUG org.apache.http.headers -- << Date: Wed, 22 May 2024 09:48:46 GMT
12:48:46.310 [main] DEBUG org.apache.http.headers -- << Content-Type: application/json; charset=utf-8
12:48:46.310 [main] DEBUG org.apache.http.headers -- << Content-Length: 44
12:48:46.310 [main] DEBUG org.apache.http.headers -- << Connection: keep-alive
12:48:46.310 [main] DEBUG org.apache.http.headers -- << X-Powered-By: Express
12:48:46.310 [main] DEBUG org.apache.http.headers -- << Access-Control-Allow-Origin: *
12:48:46.310 [main] DEBUG org.apache.http.headers -- << ETag: W/"2c-EAnCIFy1uGovyo/FU6KYwnjLgrc"
12:48:46.310 [main] DEBUG org.apache.http.headers -- << CF-Cache-Status: DYNAMIC
12:48:46.310 [main] DEBUG org.apache.http.headers -- << Report-To: {"endpoints":[{"url":"https:\/\/a.nel.cloudflare.com\/report\/v4?s=bHrP42SgR39Co7%2BNe%2FP8FUKsAAzB5cCWj%2F3b6IWfqhZQUNwJzHh5rVXKdDRGu4Fkg5L73NE5sN%2BYgnDXogrDnD7QFQXR6vn%2B028%2BR8qVyxZCcMKMwUzMLHOZAWqdQAlCHEZ5KbyxFEnX0xossnVhSrcx26Q%3D"}],"group":"cf-nel","max_age":604800}
12:48:46.310 [main] DEBUG org.apache.http.headers -- << NEL: {"success_fraction":0,"report_to":"cf-nel","max_age":604800}
12:48:46.310 [main] DEBUG org.apache.http.headers -- << Server: cloudflare
12:48:46.310 [main] DEBUG org.apache.http.headers -- << CF-RAY: 887be478d8e00a19-ARN
12:48:46.310 [main] DEBUG org.apache.http.headers -- << alt-svc: h3=":443"; ma=86400
12:48:46.310 [main] DEBUG org.apache.http.impl.client.DefaultHttpClient -- Connection can be kept alive indefinitely
12:48:46.310 [main] DEBUG io.restassured.internal.RequestSpecificationImpl$RestAssuredHttpBuilder -- Parsing response as: application/json; charset=utf-8
12:48:46.310 [main] DEBUG io.restassured.internal.RequestSpecificationImpl$RestAssuredHttpBuilder -- Parsed data to instance of: class org.apache.http.conn.EofSensorInputStream
12:48:46.311 [main] DEBUG org.apache.http.wire --  << "{"success":false,"message":"User not found"}"
12:48:46.311 [main] DEBUG org.apache.http.impl.conn.BasicClientConnectionManager -- Releasing connection org.apache.http.impl.conn.ManagedClientConnectionImpl@4b39b5fe
12:48:46.311 [main] DEBUG org.apache.http.impl.conn.BasicClientConnectionManager -- Connection can be kept alive indefinitely
HTTP/1.1 404 Not Found
Date: Wed, 22 May 2024 09:48:46 GMT
Content-Type: application/json; charset=utf-8
Content-Length: 44
Connection: keep-alive
X-Powered-By: Express
Access-Control-Allow-Origin: *
ETag: W/"2c-EAnCIFy1uGovyo/FU6KYwnjLgrc"
CF-Cache-Status: DYNAMIC
Report-To: {"endpoints":[{"url":"https:\/\/a.nel.cloudflare.com\/report\/v4?s=bHrP42SgR39Co7%2BNe%2FP8FUKsAAzB5cCWj%2F3b6IWfqhZQUNwJzHh5rVXKdDRGu4Fkg5L73NE5sN%2BYgnDXogrDnD7QFQXR6vn%2B028%2BR8qVyxZCcMKMwUzMLHOZAWqdQAlCHEZ5KbyxFEnX0xossnVhSrcx26Q%3D"}],"group":"cf-nel","max_age":604800}
NEL: {"success_fraction":0,"report_to":"cf-nel","max_age":604800}
Server: cloudflare
CF-RAY: 887be478d8e00a19-ARN
alt-svc: h3=":443"; ma=86400

{
    "success": false,
    "message": "User not found"
}
HTTP/1.1 404 Not Found
Date: Wed, 22 May 2024 09:48:46 GMT
Content-Type: application/json; charset=utf-8
Content-Length: 44
Connection: keep-alive
X-Powered-By: Express
Access-Control-Allow-Origin: *
ETag: W/"2c-EAnCIFy1uGovyo/FU6KYwnjLgrc"
CF-Cache-Status: DYNAMIC
Report-To: {"endpoints":[{"url":"https:\/\/a.nel.cloudflare.com\/report\/v4?s=bHrP42SgR39Co7%2BNe%2FP8FUKsAAzB5cCWj%2F3b6IWfqhZQUNwJzHh5rVXKdDRGu4Fkg5L73NE5sN%2BYgnDXogrDnD7QFQXR6vn%2B028%2BR8qVyxZCcMKMwUzMLHOZAWqdQAlCHEZ5KbyxFEnX0xossnVhSrcx26Q%3D"}],"group":"cf-nel","max_age":604800}
NEL: {"success_fraction":0,"report_to":"cf-nel","max_age":604800}
Server: cloudflare
CF-RAY: 887be478d8e00a19-ARN
alt-svc: h3=":443"; ma=86400

{
    "success": false,
    "message": "User not found"
}
HTTP/1.1 404 Not Found
Date: Wed, 22 May 2024 09:48:46 GMT
Content-Type: application/json; charset=utf-8
Content-Length: 44
Connection: keep-alive
X-Powered-By: Express
Access-Control-Allow-Origin: *
ETag: W/"2c-EAnCIFy1uGovyo/FU6KYwnjLgrc"
CF-Cache-Status: DYNAMIC
Report-To: {"endpoints":[{"url":"https:\/\/a.nel.cloudflare.com\/report\/v4?s=bHrP42SgR39Co7%2BNe%2FP8FUKsAAzB5cCWj%2F3b6IWfqhZQUNwJzHh5rVXKdDRGu4Fkg5L73NE5sN%2BYgnDXogrDnD7QFQXR6vn%2B028%2BR8qVyxZCcMKMwUzMLHOZAWqdQAlCHEZ5KbyxFEnX0xossnVhSrcx26Q%3D"}],"group":"cf-nel","max_age":604800}
NEL: {"success_fraction":0,"report_to":"cf-nel","max_age":604800}
Server: cloudflare
CF-RAY: 887be478d8e00a19-ARN
alt-svc: h3=":443"; ma=86400

{
    "success": false,
    "message": "User not found"
}
HTTP/1.1 404 Not Found
Date: Wed, 22 May 2024 09:48:46 GMT
Content-Type: application/json; charset=utf-8
Content-Length: 44
Connection: keep-alive
X-Powered-By: Express
Access-Control-Allow-Origin: *
ETag: W/"2c-EAnCIFy1uGovyo/FU6KYwnjLgrc"
CF-Cache-Status: DYNAMIC
Report-To: {"endpoints":[{"url":"https:\/\/a.nel.cloudflare.com\/report\/v4?s=bHrP42SgR39Co7%2BNe%2FP8FUKsAAzB5cCWj%2F3b6IWfqhZQUNwJzHh5rVXKdDRGu4Fkg5L73NE5sN%2BYgnDXogrDnD7QFQXR6vn%2B028%2BR8qVyxZCcMKMwUzMLHOZAWqdQAlCHEZ5KbyxFEnX0xossnVhSrcx26Q%3D"}],"group":"cf-nel","max_age":604800}
NEL: {"success_fraction":0,"report_to":"cf-nel","max_age":604800}
Server: cloudflare
CF-RAY: 887be478d8e00a19-ARN
alt-svc: h3=":443"; ma=86400

{
    "success": false,
    "message": "User not found"
}
HTTP/1.1 404 Not Found
Date: Wed, 22 May 2024 09:48:46 GMT
Content-Type: application/json; charset=utf-8
Content-Length: 44
Connection: keep-alive
X-Powered-By: Express
Access-Control-Allow-Origin: *
ETag: W/"2c-EAnCIFy1uGovyo/FU6KYwnjLgrc"
CF-Cache-Status: DYNAMIC
Report-To: {"endpoints":[{"url":"https:\/\/a.nel.cloudflare.com\/report\/v4?s=bHrP42SgR39Co7%2BNe%2FP8FUKsAAzB5cCWj%2F3b6IWfqhZQUNwJzHh5rVXKdDRGu4Fkg5L73NE5sN%2BYgnDXogrDnD7QFQXR6vn%2B028%2BR8qVyxZCcMKMwUzMLHOZAWqdQAlCHEZ5KbyxFEnX0xossnVhSrcx26Q%3D"}],"group":"cf-nel","max_age":604800}
NEL: {"success_fraction":0,"report_to":"cf-nel","max_age":604800}
Server: cloudflare
CF-RAY: 887be478d8e00a19-ARN
alt-svc: h3=":443"; ma=86400

{
    "success": false,
    "message": "User not found"
}
HTTP/1.1 404 Not Found
Date: Wed, 22 May 2024 09:48:46 GMT
Content-Type: application/json; charset=utf-8
Content-Length: 44
Connection: keep-alive
X-Powered-By: Express
Access-Control-Allow-Origin: *
ETag: W/"2c-EAnCIFy1uGovyo/FU6KYwnjLgrc"
CF-Cache-Status: DYNAMIC
Report-To: {"endpoints":[{"url":"https:\/\/a.nel.cloudflare.com\/report\/v4?s=bHrP42SgR39Co7%2BNe%2FP8FUKsAAzB5cCWj%2F3b6IWfqhZQUNwJzHh5rVXKdDRGu4Fkg5L73NE5sN%2BYgnDXogrDnD7QFQXR6vn%2B028%2BR8qVyxZCcMKMwUzMLHOZAWqdQAlCHEZ5KbyxFEnX0xossnVhSrcx26Q%3D"}],"group":"cf-nel","max_age":604800}
NEL: {"success_fraction":0,"report_to":"cf-nel","max_age":604800}
Server: cloudflare
CF-RAY: 887be478d8e00a19-ARN
alt-svc: h3=":443"; ma=86400

{
    "success": false,
    "message": "User not found"
}
HTTP/1.1 404 Not Found
Date: Wed, 22 May 2024 09:48:46 GMT
Content-Type: application/json; charset=utf-8
Content-Length: 44
Connection: keep-alive
X-Powered-By: Express
Access-Control-Allow-Origin: *
ETag: W/"2c-EAnCIFy1uGovyo/FU6KYwnjLgrc"
CF-Cache-Status: DYNAMIC
Report-To: {"endpoints":[{"url":"https:\/\/a.nel.cloudflare.com\/report\/v4?s=bHrP42SgR39Co7%2BNe%2FP8FUKsAAzB5cCWj%2F3b6IWfqhZQUNwJzHh5rVXKdDRGu4Fkg5L73NE5sN%2BYgnDXogrDnD7QFQXR6vn%2B028%2BR8qVyxZCcMKMwUzMLHOZAWqdQAlCHEZ5KbyxFEnX0xossnVhSrcx26Q%3D"}],"group":"cf-nel","max_age":604800}
NEL: {"success_fraction":0,"report_to":"cf-nel","max_age":604800}
Server: cloudflare
CF-RAY: 887be478d8e00a19-ARN
alt-svc: h3=":443"; ma=86400

{
    "success": false,
    "message": "User not found"
}
HTTP/1.1 404 Not Found
Date: Wed, 22 May 2024 09:48:46 GMT
Content-Type: application/json; charset=utf-8
Content-Length: 44
Connection: keep-alive
X-Powered-By: Express
Access-Control-Allow-Origin: *
ETag: W/"2c-EAnCIFy1uGovyo/FU6KYwnjLgrc"
CF-Cache-Status: DYNAMIC
Report-To: {"endpoints":[{"url":"https:\/\/a.nel.cloudflare.com\/report\/v4?s=bHrP42SgR39Co7%2BNe%2FP8FUKsAAzB5cCWj%2F3b6IWfqhZQUNwJzHh5rVXKdDRGu4Fkg5L73NE5sN%2BYgnDXogrDnD7QFQXR6vn%2B028%2BR8qVyxZCcMKMwUzMLHOZAWqdQAlCHEZ5KbyxFEnX0xossnVhSrcx26Q%3D"}],"group":"cf-nel","max_age":604800}
NEL: {"success_fraction":0,"report_to":"cf-nel","max_age":604800}
Server: cloudflare
CF-RAY: 887be478d8e00a19-ARN
alt-svc: h3=":443"; ma=86400

{
    "success": false,
    "message": "User not found"
}
HTTP/1.1 404 Not Found
Date: Wed, 22 May 2024 09:48:46 GMT
Content-Type: application/json; charset=utf-8
Content-Length: 44
Connection: keep-alive
X-Powered-By: Express
Access-Control-Allow-Origin: *
ETag: W/"2c-EAnCIFy1uGovyo/FU6KYwnjLgrc"
CF-Cache-Status: DYNAMIC
Report-To: {"endpoints":[{"url":"https:\/\/a.nel.cloudflare.com\/report\/v4?s=bHrP42SgR39Co7%2BNe%2FP8FUKsAAzB5cCWj%2F3b6IWfqhZQUNwJzHh5rVXKdDRGu4Fkg5L73NE5sN%2BYgnDXogrDnD7QFQXR6vn%2B028%2BR8qVyxZCcMKMwUzMLHOZAWqdQAlCHEZ5KbyxFEnX0xossnVhSrcx26Q%3D"}],"group":"cf-nel","max_age":604800}
NEL: {"success_fraction":0,"report_to":"cf-nel","max_age":604800}
Server: cloudflare
CF-RAY: 887be478d8e00a19-ARN
alt-svc: h3=":443"; ma=86400

{
    "success": false,
    "message": "User not found"
}
HTTP/1.1 404 Not Found
Date: Wed, 22 May 2024 09:48:46 GMT
Content-Type: application/json; charset=utf-8
Content-Length: 44
Connection: keep-alive
X-Powered-By: Express
Access-Control-Allow-Origin: *
ETag: W/"2c-EAnCIFy1uGovyo/FU6KYwnjLgrc"
CF-Cache-Status: DYNAMIC
Report-To: {"endpoints":[{"url":"https:\/\/a.nel.cloudflare.com\/report\/v4?s=bHrP42SgR39Co7%2BNe%2FP8FUKsAAzB5cCWj%2F3b6IWfqhZQUNwJzHh5rVXKdDRGu4Fkg5L73NE5sN%2BYgnDXogrDnD7QFQXR6vn%2B028%2BR8qVyxZCcMKMwUzMLHOZAWqdQAlCHEZ5KbyxFEnX0xossnVhSrcx26Q%3D"}],"group":"cf-nel","max_age":604800}
NEL: {"success_fraction":0,"report_to":"cf-nel","max_age":604800}
Server: cloudflare
CF-RAY: 887be478d8e00a19-ARN
alt-svc: h3=":443"; ma=86400

{
    "success": false,
    "message": "User not found"
}
HTTP/1.1 404 Not Found
Date: Wed, 22 May 2024 09:48:46 GMT
Content-Type: application/json; charset=utf-8
Content-Length: 44
Connection: keep-alive
X-Powered-By: Express
Access-Control-Allow-Origin: *
ETag: W/"2c-EAnCIFy1uGovyo/FU6KYwnjLgrc"
CF-Cache-Status: DYNAMIC
Report-To: {"endpoints":[{"url":"https:\/\/a.nel.cloudflare.com\/report\/v4?s=bHrP42SgR39Co7%2BNe%2FP8FUKsAAzB5cCWj%2F3b6IWfqhZQUNwJzHh5rVXKdDRGu4Fkg5L73NE5sN%2BYgnDXogrDnD7QFQXR6vn%2B028%2BR8qVyxZCcMKMwUzMLHOZAWqdQAlCHEZ5KbyxFEnX0xossnVhSrcx26Q%3D"}],"group":"cf-nel","max_age":604800}
NEL: {"success_fraction":0,"report_to":"cf-nel","max_age":604800}
Server: cloudflare
CF-RAY: 887be478d8e00a19-ARN
alt-svc: h3=":443"; ma=86400

{
    "success": false,
    "message": "User not found"
}
HTTP/1.1 404 Not Found
Date: Wed, 22 May 2024 09:48:46 GMT
Content-Type: application/json; charset=utf-8
Content-Length: 44
Connection: keep-alive
X-Powered-By: Express
Access-Control-Allow-Origin: *
ETag: W/"2c-EAnCIFy1uGovyo/FU6KYwnjLgrc"
CF-Cache-Status: DYNAMIC
Report-To: {"endpoints":[{"url":"https:\/\/a.nel.cloudflare.com\/report\/v4?s=bHrP42SgR39Co7%2BNe%2FP8FUKsAAzB5cCWj%2F3b6IWfqhZQUNwJzHh5rVXKdDRGu4Fkg5L73NE5sN%2BYgnDXogrDnD7QFQXR6vn%2B028%2BR8qVyxZCcMKMwUzMLHOZAWqdQAlCHEZ5KbyxFEnX0xossnVhSrcx26Q%3D"}],"group":"cf-nel","max_age":604800}
NEL: {"success_fraction":0,"report_to":"cf-nel","max_age":604800}
Server: cloudflare
CF-RAY: 887be478d8e00a19-ARN
alt-svc: h3=":443"; ma=86400

{
    "success": false,
    "message": "User not found"
}
HTTP/1.1 404 Not Found
Date: Wed, 22 May 2024 09:48:46 GMT
Content-Type: application/json; charset=utf-8
Content-Length: 44
Connection: keep-alive
X-Powered-By: Express
Access-Control-Allow-Origin: *
ETag: W/"2c-EAnCIFy1uGovyo/FU6KYwnjLgrc"
CF-Cache-Status: DYNAMIC
Report-To: {"endpoints":[{"url":"https:\/\/a.nel.cloudflare.com\/report\/v4?s=bHrP42SgR39Co7%2BNe%2FP8FUKsAAzB5cCWj%2F3b6IWfqhZQUNwJzHh5rVXKdDRGu4Fkg5L73NE5sN%2BYgnDXogrDnD7QFQXR6vn%2B028%2BR8qVyxZCcMKMwUzMLHOZAWqdQAlCHEZ5KbyxFEnX0xossnVhSrcx26Q%3D"}],"group":"cf-nel","max_age":604800}
NEL: {"success_fraction":0,"report_to":"cf-nel","max_age":604800}
Server: cloudflare
CF-RAY: 887be478d8e00a19-ARN
alt-svc: h3=":443"; ma=86400

{
    "success": false,
    "message": "User not found"
}
HTTP/1.1 404 Not Found
Date: Wed, 22 May 2024 09:48:46 GMT
Content-Type: application/json; charset=utf-8
Content-Length: 44
Connection: keep-alive
X-Powered-By: Express
Access-Control-Allow-Origin: *
ETag: W/"2c-EAnCIFy1uGovyo/FU6KYwnjLgrc"
CF-Cache-Status: DYNAMIC
Report-To: {"endpoints":[{"url":"https:\/\/a.nel.cloudflare.com\/report\/v4?s=bHrP42SgR39Co7%2BNe%2FP8FUKsAAzB5cCWj%2F3b6IWfqhZQUNwJzHh5rVXKdDRGu4Fkg5L73NE5sN%2BYgnDXogrDnD7QFQXR6vn%2B028%2BR8qVyxZCcMKMwUzMLHOZAWqdQAlCHEZ5KbyxFEnX0xossnVhSrcx26Q%3D"}],"group":"cf-nel","max_age":604800}
NEL: {"success_fraction":0,"report_to":"cf-nel","max_age":604800}
Server: cloudflare
CF-RAY: 887be478d8e00a19-ARN
alt-svc: h3=":443"; ma=86400

{
    "success": false,
    "message": "User not found"
}
HTTP/1.1 404 Not Found
Date: Wed, 22 May 2024 09:48:46 GMT
Content-Type: application/json; charset=utf-8
Content-Length: 44
Connection: keep-alive
X-Powered-By: Express
Access-Control-Allow-Origin: *
ETag: W/"2c-EAnCIFy1uGovyo/FU6KYwnjLgrc"
CF-Cache-Status: DYNAMIC
Report-To: {"endpoints":[{"url":"https:\/\/a.nel.cloudflare.com\/report\/v4?s=bHrP42SgR39Co7%2BNe%2FP8FUKsAAzB5cCWj%2F3b6IWfqhZQUNwJzHh5rVXKdDRGu4Fkg5L73NE5sN%2BYgnDXogrDnD7QFQXR6vn%2B028%2BR8qVyxZCcMKMwUzMLHOZAWqdQAlCHEZ5KbyxFEnX0xossnVhSrcx26Q%3D"}],"group":"cf-nel","max_age":604800}
NEL: {"success_fraction":0,"report_to":"cf-nel","max_age":604800}
Server: cloudflare
CF-RAY: 887be478d8e00a19-ARN
alt-svc: h3=":443"; ma=86400

{
    "success": false,
    "message": "User not found"
}
]]></system-out>
  </testcase>
  <testcase name="testExitFromPersonalProfile" classname="site.nomoreparties.stellarburgers.YandexTests.AuthUserPersonalProfileYandexTest" time="0.156">
    <failure message="1 expectation failed.&#10;Expected status code &lt;202&gt; but was &lt;404&gt;.&#10;" type="java.lang.AssertionError"><![CDATA[java.lang.AssertionError: 
1 expectation failed.
Expected status code <202> but was <404>.

	at site.nomoreparties.stellarburgers.YandexTests.AuthUserPersonalProfileYandexTest.tearDown(AuthUserPersonalProfileYandexTest.java:45)
]]></failure>
  </testcase>
  <testcase name="testEnterPersonalProfile" classname="site.nomoreparties.stellarburgers.YandexTests.AuthUserPersonalProfileYandexTest" time="0.235">
[...]
Request params:	<none>
Query params:	<none>
Form params:	<none>
Path params:	<none>
Headers:		Accept=*/*
				Content-Type=application/json
Cookies:		<none>
Multiparts:		<none>
Body:			<none>
Request method:	DELETE
Request URI:	https://stellarburgers.nomoreparties.site/api/auth/user
Proxy:			<none>
Request params:	<none>
Query params:	<none>
Form params:	<none>
Path params:	<none>
Headers:		Accept=*/*
				Content-Type=application/json
Cookies:		<none>
Multiparts:		<none>
Body:			<none>
12:48:46.332 [main] DEBUG org.apache.http.impl.conn.BasicClientConnectionManager -- Get connection for route {s}->https://stellarburgers.nomoreparties.site:443
12:48:46.332 [main] DEBUG org.apache.http.impl.conn.DefaultClientConnectionOperator -- Connecting to stellarburgers.nomoreparties.site:443
12:48:46.466 [main] DEBUG org.apache.http.client.protocol.RequestAddCookies -- CookieSpec selected: ignoreCookies
12:48:46.466 [main] DEBUG org.apache.http.client.protocol.RequestAuthCache -- Auth cache not set in the context
12:48:46.466 [main] DEBUG org.apache.http.client.protocol.RequestProxyAuthentication -- Proxy auth state: UNCHALLENGED
12:48:46.466 [main] DEBUG org.apache.http.impl.client.DefaultHttpClient -- Attempt 1 to execute request
12:48:46.466 [main] DEBUG org.apache.http.impl.conn.DefaultClientConnection -- Sending request: DELETE /api/auth/user HTTP/1.1
12:48:46.466 [main] DEBUG org.apache.http.wire --  >> "DELETE /api/auth/user HTTP/1.1[\r][\n]"
12:48:46.466 [main] DEBUG org.apache.http.wire --  >> "Content-Type: application/json[\r][\n]"
12:48:46.466 [main] DEBUG org.apache.http.wire --  >> "Authorization: Bearer eyJhbGciOiJIUzI1NiIsInR5cCI6IkpXVCJ9.eyJpZCI6IjY2NGRiZjc0OWVkMjgwMDAxYjQxNzRiZSIsImlhdCI6MTcxNjM3MTMxNiwiZXhwIjoxNzE2MzcyNTE2fQ.1gYRUtCGfKIYWUdaoMDMyhF_5UzMpUH8_V3yubGyXQk[\r][\n]"
12:48:46.466 [main] DEBUG org.apache.http.wire --  >> "Accept: */*[\r][\n]"
12:48:46.466 [main] DEBUG org.apache.http.wire --  >> "Host: stellarburgers.nomoreparties.site[\r][\n]"
12:48:46.467 [main] DEBUG org.apache.http.wire --  >> "Connection: Keep-Alive[\r][\n]"
12:48:46.467 [main] DEBUG org.apache.http.wire --  >> "User-Agent: Apache-HttpClient/4.5.13 (Java/17.0.11)[\r][\n]"
12:48:46.467 [main] DEBUG org.apache.http.wire --  >> "Accept-Encoding: gzip,deflate[\r][\n]"
12:48:46.467 [main] DEBUG org.apache.http.wire --  >> "[\r][\n]"
12:48:46.467 [main] DEBUG org.apache.http.headers -- >> DELETE /api/auth/user HTTP/1.1
12:48:46.467 [main] DEBUG org.apache.http.headers -- >> Content-Type: application/json
12:48:46.467 [main] DEBUG org.apache.http.headers -- >> Authorization: Bearer eyJhbGciOiJIUzI1NiIsInR5cCI6IkpXVCJ9.eyJpZCI6IjY2NGRiZjc0OWVkMjgwMDAxYjQxNzRiZSIsImlhdCI6MTcxNjM3MTMxNiwiZXhwIjoxNzE2MzcyNTE2fQ.1gYRUtCGfKIYWUdaoMDMyhF_5UzMpUH8_V3yubGyXQk
12:48:46.467 [main] DEBUG org.apache.http.headers -- >> Accept: */*
12:48:46.467 [main] DEBUG org.apache.http.headers -- >> Host: stellarburgers.nomoreparties.site
12:48:46.467 [main] DEBUG org.apache.http.headers -- >> Connection: Keep-Alive
12:48:46.467 [main] DEBUG org.apache.http.headers -- >> User-Agent: Apache-HttpClient/4.5.13 (Java/17.0.11)
12:48:46.467 [main] DEBUG org.apache.http.headers -- >> Accept-Encoding: gzip,deflate
12:48:46.533 [main] DEBUG org.apache.http.wire --  << "HTTP/1.1 404 Not Found[\r][\n]"
12:48:46.533 [main] DEBUG org.apache.http.wire --  << "Date: Wed, 22 May 2024 09:48:47 GMT[\r][\n]"
12:48:46.533 [main] DEBUG org.apache.http.wire --  << "Content-Type: application/json; charset=utf-8[\r][\n]"
12:48:46.533 [main] DEBUG org.apache.http.wire --  << "Content-Length: 44[\r][\n]"
12:48:46.533 [main] DEBUG org.apache.http.wire --  << "Connection: keep-alive[\r][\n]"
12:48:46.533 [main] DEBUG org.apache.http.wire --  << "X-Powered-By: Express[\r][\n]"
12:48:46.534 [main] DEBUG org.apache.http.wire --  << "Access-Control-Allow-Origin: *[\r][\n]"
12:48:46.534 [main] DEBUG org.apache.http.wire --  << "ETag: W/"2c-EAnCIFy1uGovyo/FU6KYwnjLgrc"[\r][\n]"
12:48:46.534 [main] DEBUG org.apache.http.wire --  << "CF-Cache-Status: DYNAMIC[\r][\n]"
12:48:46.534 [main] DEBUG org.apache.http.wire --  << "Report-To: {"endpoints":[{"url":"https:\/\/a.nel.cloudflare.com\/report\/v4?s=RklfIeSX%2FInnGVSKk0ce392lrFKEa4aU5bODJpl2nARNQsfX9XBMwcfi172pnMWJFcA%2F5WR7P%2Fh%2BiCuy0z%2BRnmYMOv33wZ8pkA5ROiQOXwmf3jSQEH00PSfN3yeBBPWhKCL8So1Tp1Qj%2FOdBtxlUcGBhOBw%3D"}],"group":"cf-nel","max_age":604800}[\r][\n]"
12:48:46.534 [main] DEBUG org.apache.http.wire --  << "NEL: {"success_fraction":0,"report_to":"cf-nel","max_age":604800}[\r][\n]"
12:48:46.534 [main] DEBUG org.apache.http.wire --  << "Server: cloudflare[\r][\n]"
12:48:46.534 [main] DEBUG org.apache.http.wire --  << "CF-RAY: 887be47a3a90abcc-CPH[\r][\n]"
12:48:46.534 [main] DEBUG org.apache.http.wire --  << "alt-svc: h3=":443"; ma=86400[\r][\n]"
12:48:46.534 [main] DEBUG org.apache.http.wire --  << "[\r][\n]"
12:48:46.534 [main] DEBUG org.apache.http.impl.conn.DefaultClientConnection -- Receiving response: HTTP/1.1 404 Not Found
12:48:46.534 [main] DEBUG org.apache.http.headers -- << HTTP/1.1 404 Not Found
12:48:46.534 [main] DEBUG org.apache.http.headers -- << Date: Wed, 22 May 2024 09:48:47 GMT
12:48:46.534 [main] DEBUG org.apache.http.headers -- << Content-Type: application/json; charset=utf-8
12:48:46.534 [main] DEBUG org.apache.http.headers -- << Content-Length: 44
12:48:46.534 [main] DEBUG org.apache.http.headers -- << Connection: keep-alive
12:48:46.534 [main] DEBUG org.apache.http.headers -- << X-Powered-By: Express
12:48:46.534 [main] DEBUG org.apache.http.headers -- << Access-Control-Allow-Origin: *
12:48:46.534 [main] DEBUG org.apache.http.headers -- << ETag: W/"2c-EAnCIFy1uGovyo/FU6KYwnjLgrc"
12:48:46.534 [main] DEBUG org.apache.http.headers -- << CF-Cache-Status: DYNAMIC
12:48:46.534 [main] DEBUG org.apache.http.headers -- << Report-To: {"endpoints":[{"url":"https:\/\/a.nel.cloudflare.com\/report\/v4?s=RklfIeSX%2FInnGVSKk0ce392lrFKEa4aU5bODJpl2nARNQsfX9XBMwcfi172pnMWJFcA%2F5WR7P%2Fh%2BiCuy0z%2BRnmYMOv33wZ8pkA5ROiQOXwmf3jSQEH00PSfN3yeBBPWhKCL8So1Tp1Qj%2FOdBtxlUcGBhOBw%3D"}],"group":"cf-nel","max_age":604800}
12:48:46.534 [main] DEBUG org.apache.http.headers -- << NEL: {"success_fraction":0,"report_to":"cf-nel","max_age":604800}
12:48:46.534 [main] DEBUG org.apache.http.headers -- << Server: cloudflare
12:48:46.534 [main] DEBUG org.apache.http.headers -- << CF-RAY: 887be47a3a90abcc-CPH
12:48:46.534 [main] DEBUG org.apache.http.headers -- << alt-svc: h3=":443"; ma=86400
12:48:46.534 [main] DEBUG org.apache.http.impl.client.DefaultHttpClient -- Connection can be kept alive indefinitely
12:48:46.534 [main] DEBUG io.restassured.internal.RequestSpecificationImpl$RestAssuredHttpBuilder -- Parsing response as: application/json; charset=utf-8
12:48:46.534 [main] DEBUG io.restassured.internal.RequestSpecificationImpl$RestAssuredHttpBuilder -- Parsed data to instance of: class org.apache.http.conn.EofSensorInputStream
12:48:46.535 [main] DEBUG org.apache.http.wire --  << "{"success":false,"message":"User not found"}"
12:48:46.535 [main] DEBUG org.apache.http.impl.conn.BasicClientConnectionManager -- Releasing connection org.apache.http.impl.conn.ManagedClientConnectionImpl@18212778
12:48:46.535 [main] DEBUG org.apache.http.impl.conn.BasicClientConnectionManager -- Connection can be kept alive indefinitely
HTTP/1.1 404 Not Found
Date: Wed, 22 May 2024 09:48:47 GMT
Content-Type: application/json; charset=utf-8
Content-Length: 44
Connection: keep-alive
X-Powered-By: Express
Access-Control-Allow-Origin: *
ETag: W/"2c-EAnCIFy1uGovyo/FU6KYwnjLgrc"
CF-Cache-Status: DYNAMIC
Report-To: {"endpoints":[{"url":"https:\/\/a.nel.cloudflare.com\/report\/v4?s=RklfIeSX%2FInnGVSKk0ce392lrFKEa4aU5bODJpl2nARNQsfX9XBMwcfi172pnMWJFcA%2F5WR7P%2Fh%2BiCuy0z%2BRnmYMOv33wZ8pkA5ROiQOXwmf3jSQEH00PSfN3yeBBPWhKCL8So1Tp1Qj%2FOdBtxlUcGBhOBw%3D"}],"group":"cf-nel","max_age":604800}
NEL: {"success_fraction":0,"report_to":"cf-nel","max_age":604800}
Server: cloudflare
CF-RAY: 887be47a3a90abcc-CPH
alt-svc: h3=":443"; ma=86400

{
    "success": false,
    "message": "User not found"
}
HTTP/1.1 404 Not Found
Date: Wed, 22 May 2024 09:48:47 GMT
Content-Type: application/json; charset=utf-8
Content-Length: 44
Connection: keep-alive
X-Powered-By: Express
Access-Control-Allow-Origin: *
ETag: W/"2c-EAnCIFy1uGovyo/FU6KYwnjLgrc"
CF-Cache-Status: DYNAMIC
Report-To: {"endpoints":[{"url":"https:\/\/a.nel.cloudflare.com\/report\/v4?s=RklfIeSX%2FInnGVSKk0ce392lrFKEa4aU5bODJpl2nARNQsfX9XBMwcfi172pnMWJFcA%2F5WR7P%2Fh%2BiCuy0z%2BRnmYMOv33wZ8pkA5ROiQOXwmf3jSQEH00PSfN3yeBBPWhKCL8So1Tp1Qj%2FOdBtxlUcGBhOBw%3D"}],"group":"cf-nel","max_age":604800}
NEL: {"success_fraction":0,"report_to":"cf-nel","max_age":604800}
Server: cloudflare
CF-RAY: 887be47a3a90abcc-CPH
alt-svc: h3=":443"; ma=86400

{
    "success": false,
    "message": "User not found"
}
HTTP/1.1 404 Not Found
Date: Wed, 22 May 2024 09:48:47 GMT
Content-Type: application/json; charset=utf-8
Content-Length: 44
Connection: keep-alive
X-Powered-By: Express
Access-Control-Allow-Origin: *
ETag: W/"2c-EAnCIFy1uGovyo/FU6KYwnjLgrc"
CF-Cache-Status: DYNAMIC
Report-To: {"endpoints":[{"url":"https:\/\/a.nel.cloudflare.com\/report\/v4?s=RklfIeSX%2FInnGVSKk0ce392lrFKEa4aU5bODJpl2nARNQsfX9XBMwcfi172pnMWJFcA%2F5WR7P%2Fh%2BiCuy0z%2BRnmYMOv33wZ8pkA5ROiQOXwmf3jSQEH00PSfN3yeBBPWhKCL8So1Tp1Qj%2FOdBtxlUcGBhOBw%3D"}],"group":"cf-nel","max_age":604800}
NEL: {"success_fraction":0,"report_to":"cf-nel","max_age":604800}
Server: cloudflare
CF-RAY: 887be47a3a90abcc-CPH
alt-svc: h3=":443"; ma=86400

{
    "success": false,
    "message": "User not found"
}
HTTP/1.1 404 Not Found
Date: Wed, 22 May 2024 09:48:47 GMT
Content-Type: application/json; charset=utf-8
Content-Length: 44
Connection: keep-alive
X-Powered-By: Express
Access-Control-Allow-Origin: *
ETag: W/"2c-EAnCIFy1uGovyo/FU6KYwnjLgrc"
CF-Cache-Status: DYNAMIC
Report-To: {"endpoints":[{"url":"https:\/\/a.nel.cloudflare.com\/report\/v4?s=RklfIeSX%2FInnGVSKk0ce392lrFKEa4aU5bODJpl2nARNQsfX9XBMwcfi172pnMWJFcA%2F5WR7P%2Fh%2BiCuy0z%2BRnmYMOv33wZ8pkA5ROiQOXwmf3jSQEH00PSfN3yeBBPWhKCL8So1Tp1Qj%2FOdBtxlUcGBhOBw%3D"}],"group":"cf-nel","max_age":604800}
NEL: {"success_fraction":0,"report_to":"cf-nel","max_age":604800}
Server: cloudflare
CF-RAY: 887be47a3a90abcc-CPH
alt-svc: h3=":443"; ma=86400

{
    "success": false,
    "message": "User not found"
}
HTTP/1.1 404 Not Found
Date: Wed, 22 May 2024 09:48:47 GMT
Content-Type: application/json; charset=utf-8
Content-Length: 44
Connection: keep-alive
X-Powered-By: Express
Access-Control-Allow-Origin: *
ETag: W/"2c-EAnCIFy1uGovyo/FU6KYwnjLgrc"
CF-Cache-Status: DYNAMIC
Report-To: {"endpoints":[{"url":"https:\/\/a.nel.cloudflare.com\/report\/v4?s=RklfIeSX%2FInnGVSKk0ce392lrFKEa4aU5bODJpl2nARNQsfX9XBMwcfi172pnMWJFcA%2F5WR7P%2Fh%2BiCuy0z%2BRnmYMOv33wZ8pkA5ROiQOXwmf3jSQEH00PSfN3yeBBPWhKCL8So1Tp1Qj%2FOdBtxlUcGBhOBw%3D"}],"group":"cf-nel","max_age":604800}
NEL: {"success_fraction":0,"report_to":"cf-nel","max_age":604800}
Server: cloudflare
CF-RAY: 887be47a3a90abcc-CPH
alt-svc: h3=":443"; ma=86400

{
    "success": false,
    "message": "User not found"
}
HTTP/1.1 404 Not Found
Date: Wed, 22 May 2024 09:48:47 GMT
Content-Type: application/json; charset=utf-8
Content-Length: 44
Connection: keep-alive
X-Powered-By: Express
Access-Control-Allow-Origin: *
ETag: W/"2c-EAnCIFy1uGovyo/FU6KYwnjLgrc"
CF-Cache-Status: DYNAMIC
Report-To: {"endpoints":[{"url":"https:\/\/a.nel.cloudflare.com\/report\/v4?s=RklfIeSX%2FInnGVSKk0ce392lrFKEa4aU5bODJpl2nARNQsfX9XBMwcfi172pnMWJFcA%2F5WR7P%2Fh%2BiCuy0z%2BRnmYMOv33wZ8pkA5ROiQOXwmf3jSQEH00PSfN3yeBBPWhKCL8So1Tp1Qj%2FOdBtxlUcGBhOBw%3D"}],"group":"cf-nel","max_age":604800}
NEL: {"success_fraction":0,"report_to":"cf-nel","max_age":604800}
Server: cloudflare
CF-RAY: 887be47a3a90abcc-CPH
alt-svc: h3=":443"; ma=86400

{
    "success": false,
    "message": "User not found"
}
HTTP/1.1 404 Not Found
Date: Wed, 22 May 2024 09:48:47 GMT
Content-Type: application/json; charset=utf-8
Content-Length: 44
Connection: keep-alive
X-Powered-By: Express
Access-Control-Allow-Origin: *
ETag: W/"2c-EAnCIFy1uGovyo/FU6KYwnjLgrc"
CF-Cache-Status: DYNAMIC
Report-To: {"endpoints":[{"url":"https:\/\/a.nel.cloudflare.com\/report\/v4?s=RklfIeSX%2FInnGVSKk0ce392lrFKEa4aU5bODJpl2nARNQsfX9XBMwcfi172pnMWJFcA%2F5WR7P%2Fh%2BiCuy0z%2BRnmYMOv33wZ8pkA5ROiQOXwmf3jSQEH00PSfN3yeBBPWhKCL8So1Tp1Qj%2FOdBtxlUcGBhOBw%3D"}],"group":"cf-nel","max_age":604800}
NEL: {"success_fraction":0,"report_to":"cf-nel","max_age":604800}
Server: cloudflare
CF-RAY: 887be47a3a90abcc-CPH
alt-svc: h3=":443"; ma=86400

{
    "success": false,
    "message": "User not found"
}
HTTP/1.1 404 Not Found
Date: Wed, 22 May 2024 09:48:47 GMT
Content-Type: application/json; charset=utf-8
Content-Length: 44
Connection: keep-alive
X-Powered-By: Express
Access-Control-Allow-Origin: *
ETag: W/"2c-EAnCIFy1uGovyo/FU6KYwnjLgrc"
CF-Cache-Status: DYNAMIC
Report-To: {"endpoints":[{"url":"https:\/\/a.nel.cloudflare.com\/report\/v4?s=RklfIeSX%2FInnGVSKk0ce392lrFKEa4aU5bODJpl2nARNQsfX9XBMwcfi172pnMWJFcA%2F5WR7P%2Fh%2BiCuy0z%2BRnmYMOv33wZ8pkA5ROiQOXwmf3jSQEH00PSfN3yeBBPWhKCL8So1Tp1Qj%2FOdBtxlUcGBhOBw%3D"}],"group":"cf-nel","max_age":604800}
NEL: {"success_fraction":0,"report_to":"cf-nel","max_age":604800}
Server: cloudflare
CF-RAY: 887be47a3a90abcc-CPH
alt-svc: h3=":443"; ma=86400

{
    "success": false,
    "message": "User not found"
}
HTTP/1.1 404 Not Found
Date: Wed, 22 May 2024 09:48:47 GMT
Content-Type: application/json; charset=utf-8
Content-Length: 44
Connection: keep-alive
X-Powered-By: Express
Access-Control-Allow-Origin: *
ETag: W/"2c-EAnCIFy1uGovyo/FU6KYwnjLgrc"
CF-Cache-Status: DYNAMIC
Report-To: {"endpoints":[{"url":"https:\/\/a.nel.cloudflare.com\/report\/v4?s=RklfIeSX%2FInnGVSKk0ce392lrFKEa4aU5bODJpl2nARNQsfX9XBMwcfi172pnMWJFcA%2F5WR7P%2Fh%2BiCuy0z%2BRnmYMOv33wZ8pkA5ROiQOXwmf3jSQEH00PSfN3yeBBPWhKCL8So1Tp1Qj%2FOdBtxlUcGBhOBw%3D"}],"group":"cf-nel","max_age":604800}
NEL: {"success_fraction":0,"report_to":"cf-nel","max_age":604800}
Server: cloudflare
CF-RAY: 887be47a3a90abcc-CPH
alt-svc: h3=":443"; ma=86400

{
    "success": false,
    "message": "User not found"
}
HTTP/1.1 404 Not Found
Date: Wed, 22 May 2024 09:48:47 GMT
Content-Type: application/json; charset=utf-8
Content-Length: 44
Connection: keep-alive
X-Powered-By: Express
Access-Control-Allow-Origin: *
ETag: W/"2c-EAnCIFy1uGovyo/FU6KYwnjLgrc"
CF-Cache-Status: DYNAMIC
Report-To: {"endpoints":[{"url":"https:\/\/a.nel.cloudflare.com\/report\/v4?s=RklfIeSX%2FInnGVSKk0ce392lrFKEa4aU5bODJpl2nARNQsfX9XBMwcfi172pnMWJFcA%2F5WR7P%2Fh%2BiCuy0z%2BRnmYMOv33wZ8pkA5ROiQOXwmf3jSQEH00PSfN3yeBBPWhKCL8So1Tp1Qj%2FOdBtxlUcGBhOBw%3D"}],"group":"cf-nel","max_age":604800}
NEL: {"success_fraction":0,"report_to":"cf-nel","max_age":604800}
Server: cloudflare
CF-RAY: 887be47a3a90abcc-CPH
alt-svc: h3=":443"; ma=86400

{
    "success": false,
    "message": "User not found"
}
HTTP/1.1 404 Not Found
Date: Wed, 22 May 2024 09:48:47 GMT
Content-Type: application/json; charset=utf-8
Content-Length: 44
Connection: keep-alive
X-Powered-By: Express
Access-Control-Allow-Origin: *
ETag: W/"2c-EAnCIFy1uGovyo/FU6KYwnjLgrc"
CF-Cache-Status: DYNAMIC
Report-To: {"endpoints":[{"url":"https:\/\/a.nel.cloudflare.com\/report\/v4?s=RklfIeSX%2FInnGVSKk0ce392lrFKEa4aU5bODJpl2nARNQsfX9XBMwcfi172pnMWJFcA%2F5WR7P%2Fh%2BiCuy0z%2BRnmYMOv33wZ8pkA5ROiQOXwmf3jSQEH00PSfN3yeBBPWhKCL8So1Tp1Qj%2FOdBtxlUcGBhOBw%3D"}],"group":"cf-nel","max_age":604800}
NEL: {"success_fraction":0,"report_to":"cf-nel","max_age":604800}
Server: cloudflare
CF-RAY: 887be47a3a90abcc-CPH
alt-svc: h3=":443"; ma=86400

{
    "success": false,
    "message": "User not found"
}
HTTP/1.1 404 Not Found
Date: Wed, 22 May 2024 09:48:47 GMT
Content-Type: application/json; charset=utf-8
Content-Length: 44
Connection: keep-alive
X-Powered-By: Express
Access-Control-Allow-Origin: *
ETag: W/"2c-EAnCIFy1uGovyo/FU6KYwnjLgrc"
CF-Cache-Status: DYNAMIC
Report-To: {"endpoints":[{"url":"https:\/\/a.nel.cloudflare.com\/report\/v4?s=RklfIeSX%2FInnGVSKk0ce392lrFKEa4aU5bODJpl2nARNQsfX9XBMwcfi172pnMWJFcA%2F5WR7P%2Fh%2BiCuy0z%2BRnmYMOv33wZ8pkA5ROiQOXwmf3jSQEH00PSfN3yeBBPWhKCL8So1Tp1Qj%2FOdBtxlUcGBhOBw%3D"}],"group":"cf-nel","max_age":604800}
NEL: {"success_fraction":0,"report_to":"cf-nel","max_age":604800}
Server: cloudflare
CF-RAY: 887be47a3a90abcc-CPH
alt-svc: h3=":443"; ma=86400

{
    "success": false,
    "message": "User not found"
}
HTTP/1.1 404 Not Found
Date: Wed, 22 May 2024 09:48:47 GMT
Content-Type: application/json; charset=utf-8
Content-Length: 44
Connection: keep-alive
X-Powered-By: Express
Access-Control-Allow-Origin: *
ETag: W/"2c-EAnCIFy1uGovyo/FU6KYwnjLgrc"
CF-Cache-Status: DYNAMIC
Report-To: {"endpoints":[{"url":"https:\/\/a.nel.cloudflare.com\/report\/v4?s=RklfIeSX%2FInnGVSKk0ce392lrFKEa4aU5bODJpl2nARNQsfX9XBMwcfi172pnMWJFcA%2F5WR7P%2Fh%2BiCuy0z%2BRnmYMOv33wZ8pkA5ROiQOXwmf3jSQEH00PSfN3yeBBPWhKCL8So1Tp1Qj%2FOdBtxlUcGBhOBw%3D"}],"group":"cf-nel","max_age":604800}
NEL: {"success_fraction":0,"report_to":"cf-nel","max_age":604800}
Server: cloudflare
CF-RAY: 887be47a3a90abcc-CPH
alt-svc: h3=":443"; ma=86400

{
    "success": false,
    "message": "User not found"
}
HTTP/1.1 404 Not Found
Date: Wed, 22 May 2024 09:48:47 GMT
Content-Type: application/json; charset=utf-8
Content-Length: 44
Connection: keep-alive
X-Powered-By: Express
Access-Control-Allow-Origin: *
ETag: W/"2c-EAnCIFy1uGovyo/FU6KYwnjLgrc"
CF-Cache-Status: DYNAMIC
Report-To: {"endpoints":[{"url":"https:\/\/a.nel.cloudflare.com\/report\/v4?s=RklfIeSX%2FInnGVSKk0ce392lrFKEa4aU5bODJpl2nARNQsfX9XBMwcfi172pnMWJFcA%2F5WR7P%2Fh%2BiCuy0z%2BRnmYMOv33wZ8pkA5ROiQOXwmf3jSQEH00PSfN3yeBBPWhKCL8So1Tp1Qj%2FOdBtxlUcGBhOBw%3D"}],"group":"cf-nel","max_age":604800}
NEL: {"success_fraction":0,"report_to":"cf-nel","max_age":604800}
Server: cloudflare
CF-RAY: 887be47a3a90abcc-CPH
alt-svc: h3=":443"; ma=86400

{
    "success": false,
    "message": "User not found"
}
HTTP/1.1 404 Not Found
Date: Wed, 22 May 2024 09:48:47 GMT
Content-Type: application/json; charset=utf-8
Content-Length: 44
Connection: keep-alive
X-Powered-By: Express
Access-Control-Allow-Origin: *
ETag: W/"2c-EAnCIFy1uGovyo/FU6KYwnjLgrc"
CF-Cache-Status: DYNAMIC
Report-To: {"endpoints":[{"url":"https:\/\/a.nel.cloudflare.com\/report\/v4?s=RklfIeSX%2FInnGVSKk0ce392lrFKEa4aU5bODJpl2nARNQsfX9XBMwcfi172pnMWJFcA%2F5WR7P%2Fh%2BiCuy0z%2BRnmYMOv33wZ8pkA5ROiQOXwmf3jSQEH00PSfN3yeBBPWhKCL8So1Tp1Qj%2FOdBtxlUcGBhOBw%3D"}],"group":"cf-nel","max_age":604800}
NEL: {"success_fraction":0,"report_to":"cf-nel","max_age":604800}
Server: cloudflare
CF-RAY: 887be47a3a90abcc-CPH
alt-svc: h3=":443"; ma=86400

{
    "success": false,
    "message": "User not found"
}
HTTP/1.1 404 Not Found
Date: Wed, 22 May 2024 09:48:47 GMT
Content-Type: application/json; charset=utf-8
Content-Length: 44
Connection: keep-alive
X-Powered-By: Express
Access-Control-Allow-Origin: *
ETag: W/"2c-EAnCIFy1uGovyo/FU6KYwnjLgrc"
CF-Cache-Status: DYNAMIC
Report-To: {"endpoints":[{"url":"https:\/\/a.nel.cloudflare.com\/report\/v4?s=RklfIeSX%2FInnGVSKk0ce392lrFKEa4aU5bODJpl2nARNQsfX9XBMwcfi172pnMWJFcA%2F5WR7P%2Fh%2BiCuy0z%2BRnmYMOv33wZ8pkA5ROiQOXwmf3jSQEH00PSfN3yeBBPWhKCL8So1Tp1Qj%2FOdBtxlUcGBhOBw%3D"}],"group":"cf-nel","max_age":604800}
NEL: {"success_fraction":0,"report_to":"cf-nel","max_age":604800}
Server: cloudflare
CF-RAY: 887be47a3a90abcc-CPH
alt-svc: h3=":443"; ma=86400

{
    "success": false,
    "message": "User not found"
}
]]></system-out>
  </testcase>
  <testcase name="testEnterPersonalProfile" classname="site.nomoreparties.stellarburgers.YandexTests.AuthUserPersonalProfileYandexTest" time="0.235">
    <failure message="1 expectation failed.&#10;Expected status code &lt;202&gt; but was &lt;404&gt;.&#10;" type="java.lang.AssertionError"><![CDATA[java.lang.AssertionError: 
1 expectation failed.
Expected status code <202> but was <404>.

	at site.nomoreparties.stellarburgers.YandexTests.AuthUserPersonalProfileYandexTest.tearDown(AuthUserPersonalProfileYandexTest.java:45)
]]></failure>
  </testcase>
</testsuite>