<?xml version="1.0" encoding="UTF-8"?>
<testsuite xmlns:xsi="http://www.w3.org/2001/XMLSchema-instance" xsi:noNamespaceSchemaLocation="https://maven.apache.org/surefire/maven-surefire-plugin/xsd/surefire-test-report.xsd" name="site.nomoreparties.stellarburgers.YandexTests.ConstructorYandexTest" time="0.463" tests="6" errors="3" skipped="0" failures="3">
  <properties>
[...]
</properties>
  <testcase name="testClickSauceInConstructor" classname="site.nomoreparties.stellarburgers.YandexTests.ConstructorYandexTest" time="0.182">
    <error message="Unable to obtain: chromedriver, error chromedriver must exist: C:\Users\dabre\Diplom_3-WEB-Tests\src\resources\yandexdriver.exe&#10;For documentation on this error, please visit: https://www.selenium.dev/documentation/webdriver/troubleshooting/errors/driver_location/&#10;Build info: version: &apos;4.20.0&apos;, revision: &apos;866c76ca80&apos;&#10;System info: os.name: &apos;Windows 10&apos;, os.arch: &apos;amd64&apos;, os.version: &apos;10.0&apos;, java.version: &apos;17.0.11&apos;&#10;Driver info: driver.version: SelenideDriver&#10;selenide.url: https://stellarburgers.nomoreparties.site/&#10;selenide.baseUrl: http://localhost:8080" type="org.openqa.selenium.remote.NoSuchDriverException">org.openqa.selenium.remote.NoSuchDriverException: 
Unable to obtain: chromedriver, error chromedriver must exist: C:\Users\dabre\Diplom_3-WEB-Tests\src\resources\yandexdriver.exe
For documentation on this error, please visit: https://www.selenium.dev/documentation/webdriver/troubleshooting/errors/driver_location/
Build info: version: '4.20.0', revision: '866c76ca80'
System info: os.name: 'Windows 10', os.arch: 'amd64', os.version: '10.0', java.version: '17.0.11'
Driver info: driver.version: SelenideDriver
selenide.url: https://stellarburgers.nomoreparties.site/
selenide.baseUrl: http://localhost:8080
	at site.nomoreparties.stellarburgers.YandexTests.ConstructorYandexTest.setUp(ConstructorYandexTest.java:30)
Caused by: java.lang.IllegalStateException: chromedriver must exist: C:\Users\dabre\Diplom_3-WEB-Tests\src\resources\yandexdriver.exe
	at site.nomoreparties.stellarburgers.YandexTests.ConstructorYandexTest.setUp(ConstructorYandexTest.java:30)
</error>
    <system-out><![CDATA[12:48:46.548 [main] INFO com.codeborne.selenide.impl.WebDriverThreadLocalContainer -- No webdriver is bound to current thread: 1 - let's create a new webdriver
12:48:46.548 [main] DEBUG com.codeborne.selenide.drivercommands.CreateDriverCommand -- Creating webdriver in thread 1 (ip: 192.168.1.67, host: DESKTOP-7H9UBQR)...
12:48:46.548 [main] INFO com.codeborne.selenide.impl.FileHelper -- Creating folder: C:\Users\dabre\Diplom_3-WEB-Tests\build\downloads\1716371326548_19268_1
12:48:46.549 [main] DEBUG com.codeborne.selenide.webdriver.WebDriverFactory -- browser=chrome
12:48:46.549 [main] DEBUG com.codeborne.selenide.webdriver.WebDriverFactory -- browser.version=null
12:48:46.549 [main] DEBUG com.codeborne.selenide.webdriver.WebDriverFactory -- remote=null
12:48:46.549 [main] DEBUG com.codeborne.selenide.webdriver.WebDriverFactory -- browserSize=1366x768
12:48:46.549 [main] DEBUG com.codeborne.selenide.webdriver.WebDriverFactory -- downloadsFolder=C:\Users\dabre\Diplom_3-WEB-Tests\build\downloads\1716371326548_19268_1
12:48:46.549 [main] DEBUG com.codeborne.selenide.webdriver.AbstractChromiumDriverFactory -- Using chromium preferences: {credentials_enable_service=false, safebrowsing.enabled=true, plugins.always_open_pdf_externally=true, profile.default_content_setting_values.automatic_downloads=1, profile.password_manager_enabled=false, profile.password_manager_leak_detection=false, download.default_directory=C:\Users\dabre\Diplom_3-WEB-Tests\build\downloads\1716371326548_19268_1}
12:48:46.549 [main] DEBUG com.codeborne.selenide.webdriver.ChromeDriverFactory -- Chrome options: Capabilities {acceptInsecureCerts: true, browserName: chrome, goog:chromeOptions: {args: [--proxy-bypass-list=<-loopb..., --disable-dev-shm-usage, --window-size=1366,768], excludeSwitches: [enable-automation, load-extension], extensions: [], prefs: {credentials_enable_service: false, download.default_directory: C:\Users\dabre\Diplom_3-WEB..., plugins.always_open_pdf_externally: true, profile.default_content_setting_values.automatic_downloads: 1, profile.password_manager_enabled: false, profile.password_manager_leak_detection: false, safebrowsing.enabled: true}}, pageLoadStrategy: normal, unhandledPromptBehavior: accept}
Request method:	DELETE
Request URI:	https://stellarburgers.nomoreparties.site/api/auth/user
Proxy:			<none>
Request params:	<none>
Query params:	<none>
Form params:	<none>
Path params:	<none>
Headers:		Accept=*/*
				Content-Type=application/json
Cookies:		<none>
Multiparts:		<none>
Body:			<none>
Request method:	DELETE
Request URI:	https://stellarburgers.nomoreparties.site/api/auth/user
Proxy:			<none>
Request params:	<none>
Query params:	<none>
Form params:	<none>
Path params:	<none>
Headers:		Accept=*/*
				Content-Type=application/json
Cookies:		<none>
Multiparts:		<none>
Body:			<none>
Request method:	DELETE
Request URI:	https://stellarburgers.nomoreparties.site/api/auth/user
Proxy:			<none>
Request params:	<none>
Query params:	<none>
Form params:	<none>
Path params:	<none>
Headers:		Accept=*/*
				Content-Type=application/json
Cookies:		<none>
Multiparts:		<none>
Body:			<none>
Request method:	DELETE
Request URI:	https://stellarburgers.nomoreparties.site/api/auth/user
Proxy:			<none>
Request params:	<none>
Query params:	<none>
Form params:	<none>
Path params:	<none>
Headers:		Accept=*/*
				Content-Type=application/json
Cookies:		<none>
Multiparts:		<none>
Body:			<none>
Request method:	DELETE
Request URI:	https://stellarburgers.nomoreparties.site/api/auth/user
Proxy:			<none>
Request params:	<none>
Query params:	<none>
Form params:	<none>
Path params:	<none>
Headers:		Accept=*/*
				Content-Type=application/json
Cookies:		<none>
Multiparts:		<none>
Body:			<none>
Request method:	DELETE
Request URI:	https://stellarburgers.nomoreparties.site/api/auth/user
Proxy:			<none>
Request params:	<none>
Query params:	<none>
Form params:	<none>
Path params:	<none>
Headers:		Accept=*/*
				Content-Type=application/json
Cookies:		<none>
Multiparts:		<none>
Body:			<none>
Request method:	DELETE
Request URI:	https://stellarburgers.nomoreparties.site/api/auth/user
Proxy:			<none>
Request params:	<none>
Query params:	<none>
Form params:	<none>
Path params:	<none>
Headers:		Accept=*/*
				Content-Type=application/json
Cookies:		<none>
Multiparts:		<none>
Body:			<none>
Request method:	DELETE
Request URI:	https://stellarburgers.nomoreparties.site/api/auth/user
Proxy:			<none>
Request params:	<none>
Query params:	<none>
Form params:	<none>
Path params:	<none>
Headers:		Accept=*/*
				Content-Type=application/json
Cookies:		<none>
Multiparts:		<none>
Body:			<none>
Request method:	DELETE
Request URI:	https://stellarburgers.nomoreparties.site/api/auth/user
Proxy:			<none>
Request params:	<none>
Query params:	<none>
Form params:	<none>
Path params:	<none>
Headers:		Accept=*/*
				Content-Type=application/json
Cookies:		<none>
Multiparts:		<none>
Body:			<none>
Request method:	DELETE
Request URI:	https://stellarburgers.nomoreparties.site/api/auth/user
Proxy:			<none>
Request params:	<none>
Query params:	<none>
Form params:	<none>
Path params:	<none>
Headers:		Accept=*/*
				Content-Type=application/json
Cookies:		<none>
Multiparts:		<none>
Body:			<none>
Request method:	DELETE
Request URI:	https://stellarburgers.nomoreparties.site/api/auth/user
Proxy:			<none>
Request params:	<none>
Query params:	<none>
Form params:	<none>
Path params:	<none>
Headers:		Accept=*/*
				Content-Type=application/json
Cookies:		<none>
Multiparts:		<none>
Body:			<none>
Request method:	DELETE
Request URI:	https://stellarburgers.nomoreparties.site/api/auth/user
Proxy:			<none>
Request params:	<none>
Query params:	<none>
Form params:	<none>
Path params:	<none>
Headers:		Accept=*/*
				Content-Type=application/json
Cookies:		<none>
Multiparts:		<none>
Body:			<none>
Request method:	DELETE
Request URI:	https://stellarburgers.nomoreparties.site/api/auth/user
Proxy:			<none>
Request params:	<none>
Query params:	<none>
Form params:	<none>
Path params:	<none>
Headers:		Accept=*/*
				Content-Type=application/json
Cookies:		<none>
Multiparts:		<none>
Body:			<none>
Request method:	DELETE
Request URI:	https://stellarburgers.nomoreparties.site/api/auth/user
Proxy:			<none>
Request params:	<none>
Query params:	<none>
Form params:	<none>
Path params:	<none>
Headers:		Accept=*/*
				Content-Type=application/json
Cookies:		<none>
Multiparts:		<none>
Body:			<none>
Request method:	DELETE
Request URI:	https://stellarburgers.nomoreparties.site/api/auth/user
Proxy:			<none>
Request params:	<none>
Query params:	<none>
Form params:	<none>
Path params:	<none>
Headers:		Accept=*/*
				Content-Type=application/json
Cookies:		<none>
Multiparts:		<none>
Body:			<none>
Request method:	DELETE
Request URI:	https://stellarburgers.nomoreparties.site/api/auth/user
Proxy:			<none>
Request params:	<none>
Query params:	<none>
Form params:	<none>
Path params:	<none>
Headers:		Accept=*/*
				Content-Type=application/json
Cookies:		<none>
Multiparts:		<none>
Body:			<none>
Request method:	DELETE
Request URI:	https://stellarburgers.nomoreparties.site/api/auth/user
Proxy:			<none>
Request params:	<none>
Query params:	<none>
Form params:	<none>
Path params:	<none>
Headers:		Accept=*/*
				Content-Type=application/json
Cookies:		<none>
Multiparts:		<none>
Body:			<none>
12:48:46.565 [main] DEBUG org.apache.http.impl.conn.BasicClientConnectionManager -- Get connection for route {s}->https://stellarburgers.nomoreparties.site:443
12:48:46.565 [main] DEBUG org.apache.http.impl.conn.DefaultClientConnectionOperator -- Connecting to stellarburgers.nomoreparties.site:443
12:48:46.671 [main] DEBUG org.apache.http.client.protocol.RequestAddCookies -- CookieSpec selected: ignoreCookies
12:48:46.671 [main] DEBUG org.apache.http.client.protocol.RequestAuthCache -- Auth cache not set in the context
12:48:46.671 [main] DEBUG org.apache.http.client.protocol.RequestProxyAuthentication -- Proxy auth state: UNCHALLENGED
12:48:46.671 [main] DEBUG org.apache.http.impl.client.DefaultHttpClient -- Attempt 1 to execute request
12:48:46.671 [main] DEBUG org.apache.http.impl.conn.DefaultClientConnection -- Sending request: DELETE /api/auth/user HTTP/1.1
12:48:46.671 [main] DEBUG org.apache.http.wire --  >> "DELETE /api/auth/user HTTP/1.1[\r][\n]"
12:48:46.672 [main] DEBUG org.apache.http.wire --  >> "Content-Type: application/json[\r][\n]"
12:48:46.672 [main] DEBUG org.apache.http.wire --  >> "Authorization: Bearer eyJhbGciOiJIUzI1NiIsInR5cCI6IkpXVCJ9.eyJpZCI6IjY2NGRiZjc0OWVkMjgwMDAxYjQxNzRiZSIsImlhdCI6MTcxNjM3MTMxNiwiZXhwIjoxNzE2MzcyNTE2fQ.1gYRUtCGfKIYWUdaoMDMyhF_5UzMpUH8_V3yubGyXQk[\r][\n]"
12:48:46.672 [main] DEBUG org.apache.http.wire --  >> "Accept: */*[\r][\n]"
12:48:46.672 [main] DEBUG org.apache.http.wire --  >> "Host: stellarburgers.nomoreparties.site[\r][\n]"
12:48:46.672 [main] DEBUG org.apache.http.wire --  >> "Connection: Keep-Alive[\r][\n]"
12:48:46.672 [main] DEBUG org.apache.http.wire --  >> "User-Agent: Apache-HttpClient/4.5.13 (Java/17.0.11)[\r][\n]"
12:48:46.672 [main] DEBUG org.apache.http.wire --  >> "Accept-Encoding: gzip,deflate[\r][\n]"
12:48:46.672 [main] DEBUG org.apache.http.wire --  >> "[\r][\n]"
12:48:46.672 [main] DEBUG org.apache.http.headers -- >> DELETE /api/auth/user HTTP/1.1
12:48:46.672 [main] DEBUG org.apache.http.headers -- >> Content-Type: application/json
12:48:46.672 [main] DEBUG org.apache.http.headers -- >> Authorization: Bearer eyJhbGciOiJIUzI1NiIsInR5cCI6IkpXVCJ9.eyJpZCI6IjY2NGRiZjc0OWVkMjgwMDAxYjQxNzRiZSIsImlhdCI6MTcxNjM3MTMxNiwiZXhwIjoxNzE2MzcyNTE2fQ.1gYRUtCGfKIYWUdaoMDMyhF_5UzMpUH8_V3yubGyXQk
12:48:46.672 [main] DEBUG org.apache.http.headers -- >> Accept: */*
12:48:46.672 [main] DEBUG org.apache.http.headers -- >> Host: stellarburgers.nomoreparties.site
12:48:46.672 [main] DEBUG org.apache.http.headers -- >> Connection: Keep-Alive
12:48:46.672 [main] DEBUG org.apache.http.headers -- >> User-Agent: Apache-HttpClient/4.5.13 (Java/17.0.11)
12:48:46.672 [main] DEBUG org.apache.http.headers -- >> Accept-Encoding: gzip,deflate
12:48:46.745 [main] DEBUG org.apache.http.wire --  << "HTTP/1.1 404 Not Found[\r][\n]"
12:48:46.745 [main] DEBUG org.apache.http.wire --  << "Date: Wed, 22 May 2024 09:48:47 GMT[\r][\n]"
12:48:46.745 [main] DEBUG org.apache.http.wire --  << "Content-Type: application/json; charset=utf-8[\r][\n]"
12:48:46.745 [main] DEBUG org.apache.http.wire --  << "Content-Length: 44[\r][\n]"
12:48:46.745 [main] DEBUG org.apache.http.wire --  << "Connection: keep-alive[\r][\n]"
12:48:46.745 [main] DEBUG org.apache.http.wire --  << "X-Powered-By: Express[\r][\n]"
12:48:46.745 [main] DEBUG org.apache.http.wire --  << "Access-Control-Allow-Origin: *[\r][\n]"
12:48:46.745 [main] DEBUG org.apache.http.wire --  << "ETag: W/"2c-EAnCIFy1uGovyo/FU6KYwnjLgrc"[\r][\n]"
12:48:46.745 [main] DEBUG org.apache.http.wire --  << "CF-Cache-Status: DYNAMIC[\r][\n]"
12:48:46.745 [main] DEBUG org.apache.http.wire --  << "Report-To: {"endpoints":[{"url":"https:\/\/a.nel.cloudflare.com\/report\/v4?s=IWw7mrl9%2BZk0xhq3WDoSO6pLOM08Y%2FOjp4f0LjI1bJzbrzU24e7c5SHhbZsaHjaTIgMSn9BDJNYd%2F%2Fjk%2Ff8p6QRhsG%2By6EmNAwHWj50rpa%2BIoeFHgjtJD3zgxTWn%2FUcJ3xdMnWx7%2Fqw%2BG0wugrz2YY9aTMQ%3D"}],"group":"cf-nel","max_age":604800}[\r][\n]"
12:48:46.745 [main] DEBUG org.apache.http.wire --  << "NEL: {"success_fraction":0,"report_to":"cf-nel","max_age":604800}[\r][\n]"
12:48:46.745 [main] DEBUG org.apache.http.wire --  << "Server: cloudflare[\r][\n]"
12:48:46.745 [main] DEBUG org.apache.http.wire --  << "CF-RAY: 887be47b8bd6712a-OSL[\r][\n]"
12:48:46.745 [main] DEBUG org.apache.http.wire --  << "alt-svc: h3=":443"; ma=86400[\r][\n]"
12:48:46.745 [main] DEBUG org.apache.http.wire --  << "[\r][\n]"
12:48:46.745 [main] DEBUG org.apache.http.impl.conn.DefaultClientConnection -- Receiving response: HTTP/1.1 404 Not Found
12:48:46.745 [main] DEBUG org.apache.http.headers -- << HTTP/1.1 404 Not Found
12:48:46.745 [main] DEBUG org.apache.http.headers -- << Date: Wed, 22 May 2024 09:48:47 GMT
12:48:46.745 [main] DEBUG org.apache.http.headers -- << Content-Type: application/json; charset=utf-8
12:48:46.745 [main] DEBUG org.apache.http.headers -- << Content-Length: 44
12:48:46.745 [main] DEBUG org.apache.http.headers -- << Connection: keep-alive
12:48:46.745 [main] DEBUG org.apache.http.headers -- << X-Powered-By: Express
12:48:46.745 [main] DEBUG org.apache.http.headers -- << Access-Control-Allow-Origin: *
12:48:46.745 [main] DEBUG org.apache.http.headers -- << ETag: W/"2c-EAnCIFy1uGovyo/FU6KYwnjLgrc"
12:48:46.745 [main] DEBUG org.apache.http.headers -- << CF-Cache-Status: DYNAMIC
12:48:46.745 [main] DEBUG org.apache.http.headers -- << Report-To: {"endpoints":[{"url":"https:\/\/a.nel.cloudflare.com\/report\/v4?s=IWw7mrl9%2BZk0xhq3WDoSO6pLOM08Y%2FOjp4f0LjI1bJzbrzU24e7c5SHhbZsaHjaTIgMSn9BDJNYd%2F%2Fjk%2Ff8p6QRhsG%2By6EmNAwHWj50rpa%2BIoeFHgjtJD3zgxTWn%2FUcJ3xdMnWx7%2Fqw%2BG0wugrz2YY9aTMQ%3D"}],"group":"cf-nel","max_age":604800}
12:48:46.745 [main] DEBUG org.apache.http.headers -- << NEL: {"success_fraction":0,"report_to":"cf-nel","max_age":604800}
12:48:46.745 [main] DEBUG org.apache.http.headers -- << Server: cloudflare
12:48:46.745 [main] DEBUG org.apache.http.headers -- << CF-RAY: 887be47b8bd6712a-OSL
12:48:46.745 [main] DEBUG org.apache.http.headers -- << alt-svc: h3=":443"; ma=86400
12:48:46.746 [main] DEBUG org.apache.http.impl.client.DefaultHttpClient -- Connection can be kept alive indefinitely
12:48:46.746 [main] DEBUG io.restassured.internal.RequestSpecificationImpl$RestAssuredHttpBuilder -- Parsing response as: application/json; charset=utf-8
12:48:46.746 [main] DEBUG io.restassured.internal.RequestSpecificationImpl$RestAssuredHttpBuilder -- Parsed data to instance of: class org.apache.http.conn.EofSensorInputStream
12:48:46.746 [main] DEBUG org.apache.http.wire --  << "{"success":false,"message":"User not found"}"
12:48:46.746 [main] DEBUG org.apache.http.impl.conn.BasicClientConnectionManager -- Releasing connection org.apache.http.impl.conn.ManagedClientConnectionImpl@6cd79426
12:48:46.746 [main] DEBUG org.apache.http.impl.conn.BasicClientConnectionManager -- Connection can be kept alive indefinitely
HTTP/1.1 404 Not Found
Date: Wed, 22 May 2024 09:48:47 GMT
Content-Type: application/json; charset=utf-8
Content-Length: 44
Connection: keep-alive
X-Powered-By: Express
Access-Control-Allow-Origin: *
ETag: W/"2c-EAnCIFy1uGovyo/FU6KYwnjLgrc"
CF-Cache-Status: DYNAMIC
Report-To: {"endpoints":[{"url":"https:\/\/a.nel.cloudflare.com\/report\/v4?s=IWw7mrl9%2BZk0xhq3WDoSO6pLOM08Y%2FOjp4f0LjI1bJzbrzU24e7c5SHhbZsaHjaTIgMSn9BDJNYd%2F%2Fjk%2Ff8p6QRhsG%2By6EmNAwHWj50rpa%2BIoeFHgjtJD3zgxTWn%2FUcJ3xdMnWx7%2Fqw%2BG0wugrz2YY9aTMQ%3D"}],"group":"cf-nel","max_age":604800}
NEL: {"success_fraction":0,"report_to":"cf-nel","max_age":604800}
Server: cloudflare
CF-RAY: 887be47b8bd6712a-OSL
alt-svc: h3=":443"; ma=86400

{
    "success": false,
    "message": "User not found"
}
HTTP/1.1 404 Not Found
Date: Wed, 22 May 2024 09:48:47 GMT
Content-Type: application/json; charset=utf-8
Content-Length: 44
Connection: keep-alive
X-Powered-By: Express
Access-Control-Allow-Origin: *
ETag: W/"2c-EAnCIFy1uGovyo/FU6KYwnjLgrc"
CF-Cache-Status: DYNAMIC
Report-To: {"endpoints":[{"url":"https:\/\/a.nel.cloudflare.com\/report\/v4?s=IWw7mrl9%2BZk0xhq3WDoSO6pLOM08Y%2FOjp4f0LjI1bJzbrzU24e7c5SHhbZsaHjaTIgMSn9BDJNYd%2F%2Fjk%2Ff8p6QRhsG%2By6EmNAwHWj50rpa%2BIoeFHgjtJD3zgxTWn%2FUcJ3xdMnWx7%2Fqw%2BG0wugrz2YY9aTMQ%3D"}],"group":"cf-nel","max_age":604800}
NEL: {"success_fraction":0,"report_to":"cf-nel","max_age":604800}
Server: cloudflare
CF-RAY: 887be47b8bd6712a-OSL
alt-svc: h3=":443"; ma=86400

{
    "success": false,
    "message": "User not found"
}
HTTP/1.1 404 Not Found
Date: Wed, 22 May 2024 09:48:47 GMT
Content-Type: application/json; charset=utf-8
Content-Length: 44
Connection: keep-alive
X-Powered-By: Express
Access-Control-Allow-Origin: *
ETag: W/"2c-EAnCIFy1uGovyo/FU6KYwnjLgrc"
CF-Cache-Status: DYNAMIC
Report-To: {"endpoints":[{"url":"https:\/\/a.nel.cloudflare.com\/report\/v4?s=IWw7mrl9%2BZk0xhq3WDoSO6pLOM08Y%2FOjp4f0LjI1bJzbrzU24e7c5SHhbZsaHjaTIgMSn9BDJNYd%2F%2Fjk%2Ff8p6QRhsG%2By6EmNAwHWj50rpa%2BIoeFHgjtJD3zgxTWn%2FUcJ3xdMnWx7%2Fqw%2BG0wugrz2YY9aTMQ%3D"}],"group":"cf-nel","max_age":604800}
NEL: {"success_fraction":0,"report_to":"cf-nel","max_age":604800}
Server: cloudflare
CF-RAY: 887be47b8bd6712a-OSL
alt-svc: h3=":443"; ma=86400

{
    "success": false,
    "message": "User not found"
}
HTTP/1.1 404 Not Found
Date: Wed, 22 May 2024 09:48:47 GMT
Content-Type: application/json; charset=utf-8
Content-Length: 44
Connection: keep-alive
X-Powered-By: Express
Access-Control-Allow-Origin: *
ETag: W/"2c-EAnCIFy1uGovyo/FU6KYwnjLgrc"
CF-Cache-Status: DYNAMIC
Report-To: {"endpoints":[{"url":"https:\/\/a.nel.cloudflare.com\/report\/v4?s=IWw7mrl9%2BZk0xhq3WDoSO6pLOM08Y%2FOjp4f0LjI1bJzbrzU24e7c5SHhbZsaHjaTIgMSn9BDJNYd%2F%2Fjk%2Ff8p6QRhsG%2By6EmNAwHWj50rpa%2BIoeFHgjtJD3zgxTWn%2FUcJ3xdMnWx7%2Fqw%2BG0wugrz2YY9aTMQ%3D"}],"group":"cf-nel","max_age":604800}
NEL: {"success_fraction":0,"report_to":"cf-nel","max_age":604800}
Server: cloudflare
CF-RAY: 887be47b8bd6712a-OSL
alt-svc: h3=":443"; ma=86400

{
    "success": false,
    "message": "User not found"
}
HTTP/1.1 404 Not Found
Date: Wed, 22 May 2024 09:48:47 GMT
Content-Type: application/json; charset=utf-8
Content-Length: 44
Connection: keep-alive
X-Powered-By: Express
Access-Control-Allow-Origin: *
ETag: W/"2c-EAnCIFy1uGovyo/FU6KYwnjLgrc"
CF-Cache-Status: DYNAMIC
Report-To: {"endpoints":[{"url":"https:\/\/a.nel.cloudflare.com\/report\/v4?s=IWw7mrl9%2BZk0xhq3WDoSO6pLOM08Y%2FOjp4f0LjI1bJzbrzU24e7c5SHhbZsaHjaTIgMSn9BDJNYd%2F%2Fjk%2Ff8p6QRhsG%2By6EmNAwHWj50rpa%2BIoeFHgjtJD3zgxTWn%2FUcJ3xdMnWx7%2Fqw%2BG0wugrz2YY9aTMQ%3D"}],"group":"cf-nel","max_age":604800}
NEL: {"success_fraction":0,"report_to":"cf-nel","max_age":604800}
Server: cloudflare
CF-RAY: 887be47b8bd6712a-OSL
alt-svc: h3=":443"; ma=86400

{
    "success": false,
    "message": "User not found"
}
HTTP/1.1 404 Not Found
Date: Wed, 22 May 2024 09:48:47 GMT
Content-Type: application/json; charset=utf-8
Content-Length: 44
Connection: keep-alive
X-Powered-By: Express
Access-Control-Allow-Origin: *
ETag: W/"2c-EAnCIFy1uGovyo/FU6KYwnjLgrc"
CF-Cache-Status: DYNAMIC
Report-To: {"endpoints":[{"url":"https:\/\/a.nel.cloudflare.com\/report\/v4?s=IWw7mrl9%2BZk0xhq3WDoSO6pLOM08Y%2FOjp4f0LjI1bJzbrzU24e7c5SHhbZsaHjaTIgMSn9BDJNYd%2F%2Fjk%2Ff8p6QRhsG%2By6EmNAwHWj50rpa%2BIoeFHgjtJD3zgxTWn%2FUcJ3xdMnWx7%2Fqw%2BG0wugrz2YY9aTMQ%3D"}],"group":"cf-nel","max_age":604800}
NEL: {"success_fraction":0,"report_to":"cf-nel","max_age":604800}
Server: cloudflare
CF-RAY: 887be47b8bd6712a-OSL
alt-svc: h3=":443"; ma=86400

{
    "success": false,
    "message": "User not found"
}
HTTP/1.1 404 Not Found
Date: Wed, 22 May 2024 09:48:47 GMT
Content-Type: application/json; charset=utf-8
Content-Length: 44
Connection: keep-alive
X-Powered-By: Express
Access-Control-Allow-Origin: *
ETag: W/"2c-EAnCIFy1uGovyo/FU6KYwnjLgrc"
CF-Cache-Status: DYNAMIC
Report-To: {"endpoints":[{"url":"https:\/\/a.nel.cloudflare.com\/report\/v4?s=IWw7mrl9%2BZk0xhq3WDoSO6pLOM08Y%2FOjp4f0LjI1bJzbrzU24e7c5SHhbZsaHjaTIgMSn9BDJNYd%2F%2Fjk%2Ff8p6QRhsG%2By6EmNAwHWj50rpa%2BIoeFHgjtJD3zgxTWn%2FUcJ3xdMnWx7%2Fqw%2BG0wugrz2YY9aTMQ%3D"}],"group":"cf-nel","max_age":604800}
NEL: {"success_fraction":0,"report_to":"cf-nel","max_age":604800}
Server: cloudflare
CF-RAY: 887be47b8bd6712a-OSL
alt-svc: h3=":443"; ma=86400

{
    "success": false,
    "message": "User not found"
}
HTTP/1.1 404 Not Found
Date: Wed, 22 May 2024 09:48:47 GMT
Content-Type: application/json; charset=utf-8
Content-Length: 44
Connection: keep-alive
X-Powered-By: Express
Access-Control-Allow-Origin: *
ETag: W/"2c-EAnCIFy1uGovyo/FU6KYwnjLgrc"
CF-Cache-Status: DYNAMIC
Report-To: {"endpoints":[{"url":"https:\/\/a.nel.cloudflare.com\/report\/v4?s=IWw7mrl9%2BZk0xhq3WDoSO6pLOM08Y%2FOjp4f0LjI1bJzbrzU24e7c5SHhbZsaHjaTIgMSn9BDJNYd%2F%2Fjk%2Ff8p6QRhsG%2By6EmNAwHWj50rpa%2BIoeFHgjtJD3zgxTWn%2FUcJ3xdMnWx7%2Fqw%2BG0wugrz2YY9aTMQ%3D"}],"group":"cf-nel","max_age":604800}
NEL: {"success_fraction":0,"report_to":"cf-nel","max_age":604800}
Server: cloudflare
CF-RAY: 887be47b8bd6712a-OSL
alt-svc: h3=":443"; ma=86400

{
    "success": false,
    "message": "User not found"
}
HTTP/1.1 404 Not Found
Date: Wed, 22 May 2024 09:48:47 GMT
Content-Type: application/json; charset=utf-8
Content-Length: 44
Connection: keep-alive
X-Powered-By: Express
Access-Control-Allow-Origin: *
ETag: W/"2c-EAnCIFy1uGovyo/FU6KYwnjLgrc"
CF-Cache-Status: DYNAMIC
Report-To: {"endpoints":[{"url":"https:\/\/a.nel.cloudflare.com\/report\/v4?s=IWw7mrl9%2BZk0xhq3WDoSO6pLOM08Y%2FOjp4f0LjI1bJzbrzU24e7c5SHhbZsaHjaTIgMSn9BDJNYd%2F%2Fjk%2Ff8p6QRhsG%2By6EmNAwHWj50rpa%2BIoeFHgjtJD3zgxTWn%2FUcJ3xdMnWx7%2Fqw%2BG0wugrz2YY9aTMQ%3D"}],"group":"cf-nel","max_age":604800}
NEL: {"success_fraction":0,"report_to":"cf-nel","max_age":604800}
Server: cloudflare
CF-RAY: 887be47b8bd6712a-OSL
alt-svc: h3=":443"; ma=86400

{
    "success": false,
    "message": "User not found"
}
HTTP/1.1 404 Not Found
Date: Wed, 22 May 2024 09:48:47 GMT
Content-Type: application/json; charset=utf-8
Content-Length: 44
Connection: keep-alive
X-Powered-By: Express
Access-Control-Allow-Origin: *
ETag: W/"2c-EAnCIFy1uGovyo/FU6KYwnjLgrc"
CF-Cache-Status: DYNAMIC
Report-To: {"endpoints":[{"url":"https:\/\/a.nel.cloudflare.com\/report\/v4?s=IWw7mrl9%2BZk0xhq3WDoSO6pLOM08Y%2FOjp4f0LjI1bJzbrzU24e7c5SHhbZsaHjaTIgMSn9BDJNYd%2F%2Fjk%2Ff8p6QRhsG%2By6EmNAwHWj50rpa%2BIoeFHgjtJD3zgxTWn%2FUcJ3xdMnWx7%2Fqw%2BG0wugrz2YY9aTMQ%3D"}],"group":"cf-nel","max_age":604800}
NEL: {"success_fraction":0,"report_to":"cf-nel","max_age":604800}
Server: cloudflare
CF-RAY: 887be47b8bd6712a-OSL
alt-svc: h3=":443"; ma=86400

{
    "success": false,
    "message": "User not found"
}
HTTP/1.1 404 Not Found
Date: Wed, 22 May 2024 09:48:47 GMT
Content-Type: application/json; charset=utf-8
Content-Length: 44
Connection: keep-alive
X-Powered-By: Express
Access-Control-Allow-Origin: *
ETag: W/"2c-EAnCIFy1uGovyo/FU6KYwnjLgrc"
CF-Cache-Status: DYNAMIC
Report-To: {"endpoints":[{"url":"https:\/\/a.nel.cloudflare.com\/report\/v4?s=IWw7mrl9%2BZk0xhq3WDoSO6pLOM08Y%2FOjp4f0LjI1bJzbrzU24e7c5SHhbZsaHjaTIgMSn9BDJNYd%2F%2Fjk%2Ff8p6QRhsG%2By6EmNAwHWj50rpa%2BIoeFHgjtJD3zgxTWn%2FUcJ3xdMnWx7%2Fqw%2BG0wugrz2YY9aTMQ%3D"}],"group":"cf-nel","max_age":604800}
NEL: {"success_fraction":0,"report_to":"cf-nel","max_age":604800}
Server: cloudflare
CF-RAY: 887be47b8bd6712a-OSL
alt-svc: h3=":443"; ma=86400

{
    "success": false,
    "message": "User not found"
}
HTTP/1.1 404 Not Found
Date: Wed, 22 May 2024 09:48:47 GMT
Content-Type: application/json; charset=utf-8
Content-Length: 44
Connection: keep-alive
X-Powered-By: Express
Access-Control-Allow-Origin: *
ETag: W/"2c-EAnCIFy1uGovyo/FU6KYwnjLgrc"
CF-Cache-Status: DYNAMIC
Report-To: {"endpoints":[{"url":"https:\/\/a.nel.cloudflare.com\/report\/v4?s=IWw7mrl9%2BZk0xhq3WDoSO6pLOM08Y%2FOjp4f0LjI1bJzbrzU24e7c5SHhbZsaHjaTIgMSn9BDJNYd%2F%2Fjk%2Ff8p6QRhsG%2By6EmNAwHWj50rpa%2BIoeFHgjtJD3zgxTWn%2FUcJ3xdMnWx7%2Fqw%2BG0wugrz2YY9aTMQ%3D"}],"group":"cf-nel","max_age":604800}
NEL: {"success_fraction":0,"report_to":"cf-nel","max_age":604800}
Server: cloudflare
CF-RAY: 887be47b8bd6712a-OSL
alt-svc: h3=":443"; ma=86400

{
    "success": false,
    "message": "User not found"
}
HTTP/1.1 404 Not Found
Date: Wed, 22 May 2024 09:48:47 GMT
Content-Type: application/json; charset=utf-8
Content-Length: 44
Connection: keep-alive
X-Powered-By: Express
Access-Control-Allow-Origin: *
ETag: W/"2c-EAnCIFy1uGovyo/FU6KYwnjLgrc"
CF-Cache-Status: DYNAMIC
Report-To: {"endpoints":[{"url":"https:\/\/a.nel.cloudflare.com\/report\/v4?s=IWw7mrl9%2BZk0xhq3WDoSO6pLOM08Y%2FOjp4f0LjI1bJzbrzU24e7c5SHhbZsaHjaTIgMSn9BDJNYd%2F%2Fjk%2Ff8p6QRhsG%2By6EmNAwHWj50rpa%2BIoeFHgjtJD3zgxTWn%2FUcJ3xdMnWx7%2Fqw%2BG0wugrz2YY9aTMQ%3D"}],"group":"cf-nel","max_age":604800}
NEL: {"success_fraction":0,"report_to":"cf-nel","max_age":604800}
Server: cloudflare
CF-RAY: 887be47b8bd6712a-OSL
alt-svc: h3=":443"; ma=86400

{
    "success": false,
    "message": "User not found"
}
HTTP/1.1 404 Not Found
Date: Wed, 22 May 2024 09:48:47 GMT
Content-Type: application/json; charset=utf-8
Content-Length: 44
Connection: keep-alive
X-Powered-By: Express
Access-Control-Allow-Origin: *
ETag: W/"2c-EAnCIFy1uGovyo/FU6KYwnjLgrc"
CF-Cache-Status: DYNAMIC
Report-To: {"endpoints":[{"url":"https:\/\/a.nel.cloudflare.com\/report\/v4?s=IWw7mrl9%2BZk0xhq3WDoSO6pLOM08Y%2FOjp4f0LjI1bJzbrzU24e7c5SHhbZsaHjaTIgMSn9BDJNYd%2F%2Fjk%2Ff8p6QRhsG%2By6EmNAwHWj50rpa%2BIoeFHgjtJD3zgxTWn%2FUcJ3xdMnWx7%2Fqw%2BG0wugrz2YY9aTMQ%3D"}],"group":"cf-nel","max_age":604800}
NEL: {"success_fraction":0,"report_to":"cf-nel","max_age":604800}
Server: cloudflare
CF-RAY: 887be47b8bd6712a-OSL
alt-svc: h3=":443"; ma=86400

{
    "success": false,
    "message": "User not found"
}
HTTP/1.1 404 Not Found
Date: Wed, 22 May 2024 09:48:47 GMT
Content-Type: application/json; charset=utf-8
Content-Length: 44
Connection: keep-alive
X-Powered-By: Express
Access-Control-Allow-Origin: *
ETag: W/"2c-EAnCIFy1uGovyo/FU6KYwnjLgrc"
CF-Cache-Status: DYNAMIC
Report-To: {"endpoints":[{"url":"https:\/\/a.nel.cloudflare.com\/report\/v4?s=IWw7mrl9%2BZk0xhq3WDoSO6pLOM08Y%2FOjp4f0LjI1bJzbrzU24e7c5SHhbZsaHjaTIgMSn9BDJNYd%2F%2Fjk%2Ff8p6QRhsG%2By6EmNAwHWj50rpa%2BIoeFHgjtJD3zgxTWn%2FUcJ3xdMnWx7%2Fqw%2BG0wugrz2YY9aTMQ%3D"}],"group":"cf-nel","max_age":604800}
NEL: {"success_fraction":0,"report_to":"cf-nel","max_age":604800}
Server: cloudflare
CF-RAY: 887be47b8bd6712a-OSL
alt-svc: h3=":443"; ma=86400

{
    "success": false,
    "message": "User not found"
}
HTTP/1.1 404 Not Found
Date: Wed, 22 May 2024 09:48:47 GMT
Content-Type: application/json; charset=utf-8
Content-Length: 44
Connection: keep-alive
X-Powered-By: Express
Access-Control-Allow-Origin: *
ETag: W/"2c-EAnCIFy1uGovyo/FU6KYwnjLgrc"
CF-Cache-Status: DYNAMIC
Report-To: {"endpoints":[{"url":"https:\/\/a.nel.cloudflare.com\/report\/v4?s=IWw7mrl9%2BZk0xhq3WDoSO6pLOM08Y%2FOjp4f0LjI1bJzbrzU24e7c5SHhbZsaHjaTIgMSn9BDJNYd%2F%2Fjk%2Ff8p6QRhsG%2By6EmNAwHWj50rpa%2BIoeFHgjtJD3zgxTWn%2FUcJ3xdMnWx7%2Fqw%2BG0wugrz2YY9aTMQ%3D"}],"group":"cf-nel","max_age":604800}
NEL: {"success_fraction":0,"report_to":"cf-nel","max_age":604800}
Server: cloudflare
CF-RAY: 887be47b8bd6712a-OSL
alt-svc: h3=":443"; ma=86400

{
    "success": false,
    "message": "User not found"
}
HTTP/1.1 404 Not Found
Date: Wed, 22 May 2024 09:48:47 GMT
Content-Type: application/json; charset=utf-8
Content-Length: 44
Connection: keep-alive
X-Powered-By: Express
Access-Control-Allow-Origin: *
ETag: W/"2c-EAnCIFy1uGovyo/FU6KYwnjLgrc"
CF-Cache-Status: DYNAMIC
Report-To: {"endpoints":[{"url":"https:\/\/a.nel.cloudflare.com\/report\/v4?s=IWw7mrl9%2BZk0xhq3WDoSO6pLOM08Y%2FOjp4f0LjI1bJzbrzU24e7c5SHhbZsaHjaTIgMSn9BDJNYd%2F%2Fjk%2Ff8p6QRhsG%2By6EmNAwHWj50rpa%2BIoeFHgjtJD3zgxTWn%2FUcJ3xdMnWx7%2Fqw%2BG0wugrz2YY9aTMQ%3D"}],"group":"cf-nel","max_age":604800}
NEL: {"success_fraction":0,"report_to":"cf-nel","max_age":604800}
Server: cloudflare
CF-RAY: 887be47b8bd6712a-OSL
alt-svc: h3=":443"; ma=86400

{
    "success": false,
    "message": "User not found"
}
]]></system-out>
  </testcase>
  <testcase name="testClickSauceInConstructor" classname="site.nomoreparties.stellarburgers.YandexTests.ConstructorYandexTest" time="0.182">
    <failure message="1 expectation failed.&#10;Expected status code &lt;202&gt; but was &lt;404&gt;.&#10;" type="java.lang.AssertionError"><![CDATA[java.lang.AssertionError: 
1 expectation failed.
Expected status code <202> but was <404>.

	at site.nomoreparties.stellarburgers.YandexTests.ConstructorYandexTest.tearDown(ConstructorYandexTest.java:39)
]]></failure>
  </testcase>
  <testcase name="testClickFillingInConstructor" classname="site.nomoreparties.stellarburgers.YandexTests.ConstructorYandexTest" time="0.112">
    <error message="Unable to obtain: chromedriver, error chromedriver must exist: C:\Users\dabre\Diplom_3-WEB-Tests\src\resources\yandexdriver.exe&#10;For documentation on this error, please visit: https://www.selenium.dev/documentation/webdriver/troubleshooting/errors/driver_location/&#10;Build info: version: &apos;4.20.0&apos;, revision: &apos;866c76ca80&apos;&#10;System info: os.name: &apos;Windows 10&apos;, os.arch: &apos;amd64&apos;, os.version: &apos;10.0&apos;, java.version: &apos;17.0.11&apos;&#10;Driver info: driver.version: SelenideDriver&#10;selenide.url: https://stellarburgers.nomoreparties.site/&#10;selenide.baseUrl: http://localhost:8080" type="org.openqa.selenium.remote.NoSuchDriverException">org.openqa.selenium.remote.NoSuchDriverException: 
Unable to obtain: chromedriver, error chromedriver must exist: C:\Users\dabre\Diplom_3-WEB-Tests\src\resources\yandexdriver.exe
For documentation on this error, please visit: https://www.selenium.dev/documentation/webdriver/troubleshooting/errors/driver_location/
Build info: version: '4.20.0', revision: '866c76ca80'
System info: os.name: 'Windows 10', os.arch: 'amd64', os.version: '10.0', java.version: '17.0.11'
Driver info: driver.version: SelenideDriver
selenide.url: https://stellarburgers.nomoreparties.site/
selenide.baseUrl: http://localhost:8080
	at site.nomoreparties.stellarburgers.YandexTests.ConstructorYandexTest.setUp(ConstructorYandexTest.java:30)
Caused by: java.lang.IllegalStateException: chromedriver must exist: C:\Users\dabre\Diplom_3-WEB-Tests\src\resources\yandexdriver.exe
	at site.nomoreparties.stellarburgers.YandexTests.ConstructorYandexTest.setUp(ConstructorYandexTest.java:30)
</error>
    <system-out><![CDATA[12:48:46.753 [main] INFO com.codeborne.selenide.impl.WebDriverThreadLocalContainer -- No webdriver is bound to current thread: 1 - let's create a new webdriver
12:48:46.753 [main] DEBUG com.codeborne.selenide.drivercommands.CreateDriverCommand -- Creating webdriver in thread 1 (ip: 192.168.1.67, host: DESKTOP-7H9UBQR)...
12:48:46.754 [main] INFO com.codeborne.selenide.impl.FileHelper -- Creating folder: C:\Users\dabre\Diplom_3-WEB-Tests\build\downloads\1716371326754_19268_1
12:48:46.754 [main] DEBUG com.codeborne.selenide.webdriver.WebDriverFactory -- browser=chrome
12:48:46.754 [main] DEBUG com.codeborne.selenide.webdriver.WebDriverFactory -- browser.version=null
12:48:46.754 [main] DEBUG com.codeborne.selenide.webdriver.WebDriverFactory -- remote=null
12:48:46.754 [main] DEBUG com.codeborne.selenide.webdriver.WebDriverFactory -- browserSize=1366x768
12:48:46.754 [main] DEBUG com.codeborne.selenide.webdriver.WebDriverFactory -- downloadsFolder=C:\Users\dabre\Diplom_3-WEB-Tests\build\downloads\1716371326754_19268_1
12:48:46.754 [main] DEBUG com.codeborne.selenide.webdriver.AbstractChromiumDriverFactory -- Using chromium preferences: {credentials_enable_service=false, safebrowsing.enabled=true, plugins.always_open_pdf_externally=true, profile.default_content_setting_values.automatic_downloads=1, profile.password_manager_enabled=false, profile.password_manager_leak_detection=false, download.default_directory=C:\Users\dabre\Diplom_3-WEB-Tests\build\downloads\1716371326754_19268_1}
12:48:46.754 [main] DEBUG com.codeborne.selenide.webdriver.ChromeDriverFactory -- Chrome options: Capabilities {acceptInsecureCerts: true, browserName: chrome, goog:chromeOptions: {args: [--proxy-bypass-list=<-loopb..., --disable-dev-shm-usage, --window-size=1366,768], excludeSwitches: [enable-automation, load-extension], extensions: [], prefs: {credentials_enable_service: false, download.default_directory: C:\Users\dabre\Diplom_3-WEB..., plugins.always_open_pdf_externally: true, profile.default_content_setting_values.automatic_downloads: 1, profile.password_manager_enabled: false, profile.password_manager_leak_detection: false, safebrowsing.enabled: true}}, pageLoadStrategy: normal, unhandledPromptBehavior: accept}
Request method:	DELETE
Request URI:	https://stellarburgers.nomoreparties.site/api/auth/user
Proxy:			<none>
Request params:	<none>
Query params:	<none>
Form params:	<none>
Path params:	<none>
Headers:		Accept=*/*
				Content-Type=application/json
Cookies:		<none>
Multiparts:		<none>
Body:			<none>
Request method:	DELETE
Request URI:	https://stellarburgers.nomoreparties.site/api/auth/user
Proxy:			<none>
Request params:	<none>
Query params:	<none>
Form params:	<none>
Path params:	<none>
Headers:		Accept=*/*
				Content-Type=application/json
Cookies:		<none>
Multiparts:		<none>
Body:			<none>
Request method:	DELETE
Request URI:	https://stellarburgers.nomoreparties.site/api/auth/user
Proxy:			<none>
Request params:	<none>
Query params:	<none>
Form params:	<none>
Path params:	<none>
Headers:		Accept=*/*
				Content-Type=application/json
Cookies:		<none>
Multiparts:		<none>
Body:			<none>
Request method:	DELETE
Request URI:	https://stellarburgers.nomoreparties.site/api/auth/user
Proxy:			<none>
Request params:	<none>
Query params:	<none>
Form params:	<none>
Path params:	<none>
Headers:		Accept=*/*
				Content-Type=application/json
Cookies:		<none>
Multiparts:		<none>
Body:			<none>
Request method:	DELETE
Request URI:	https://stellarburgers.nomoreparties.site/api/auth/user
Proxy:			<none>
Request params:	<none>
Query params:	<none>
Form params:	<none>
Path params:	<none>
Headers:		Accept=*/*
				Content-Type=application/json
Cookies:		<none>
Multiparts:		<none>
Body:			<none>
Request method:	DELETE
Request URI:	https://stellarburgers.nomoreparties.site/api/auth/user
Proxy:			<none>
Request params:	<none>
Query params:	<none>
Form params:	<none>
Path params:	<none>
Headers:		Accept=*/*
				Content-Type=application/json
Cookies:		<none>
Multiparts:		<none>
Body:			<none>
Request method:	DELETE
Request URI:	https://stellarburgers.nomoreparties.site/api/auth/user
Proxy:			<none>
Request params:	<none>
Query params:	<none>
Form params:	<none>
Path params:	<none>
Headers:		Accept=*/*
				Content-Type=application/json
Cookies:		<none>
Multiparts:		<none>
Body:			<none>
Request method:	DELETE
Request URI:	https://stellarburgers.nomoreparties.site/api/auth/user
Proxy:			<none>
Request params:	<none>
Query params:	<none>
Form params:	<none>
Path params:	<none>
Headers:		Accept=*/*
				Content-Type=application/json
Cookies:		<none>
Multiparts:		<none>
Body:			<none>
Request method:	DELETE
Request URI:	https://stellarburgers.nomoreparties.site/api/auth/user
Proxy:			<none>
Request params:	<none>
Query params:	<none>
Form params:	<none>
Path params:	<none>
Headers:		Accept=*/*
				Content-Type=application/json
Cookies:		<none>
Multiparts:		<none>
Body:			<none>
Request method:	DELETE
Request URI:	https://stellarburgers.nomoreparties.site/api/auth/user
Proxy:			<none>
Request params:	<none>
Query params:	<none>
Form params:	<none>
Path params:	<none>
Headers:		Accept=*/*
				Content-Type=application/json
Cookies:		<none>
Multiparts:		<none>
Body:			<none>
Request method:	DELETE
Request URI:	https://stellarburgers.nomoreparties.site/api/auth/user
Proxy:			<none>
Request params:	<none>
Query params:	<none>
Form params:	<none>
Path params:	<none>
Headers:		Accept=*/*
				Content-Type=application/json
Cookies:		<none>
Multiparts:		<none>
Body:			<none>
Request method:	DELETE
Request URI:	https://stellarburgers.nomoreparties.site/api/auth/user
Proxy:			<none>
Request params:	<none>
Query params:	<none>
Form params:	<none>
Path params:	<none>
Headers:		Accept=*/*
				Content-Type=application/json
Cookies:		<none>
Multiparts:		<none>
Body:			<none>
Request method:	DELETE
Request URI:	https://stellarburgers.nomoreparties.site/api/auth/user
Proxy:			<none>
Request params:	<none>
Query params:	<none>
Form params:	<none>
Path params:	<none>
Headers:		Accept=*/*
				Content-Type=application/json
Cookies:		<none>
Multiparts:		<none>
Body:			<none>
Request method:	DELETE
Request URI:	https://stellarburgers.nomoreparties.site/api/auth/user
Proxy:			<none>
Request params:	<none>
Query params:	<none>
Form params:	<none>
Path params:	<none>
Headers:		Accept=*/*
				Content-Type=application/json
Cookies:		<none>
Multiparts:		<none>
Body:			<none>
Request method:	DELETE
Request URI:	https://stellarburgers.nomoreparties.site/api/auth/user
Proxy:			<none>
Request params:	<none>
Query params:	<none>
Form params:	<none>
Path params:	<none>
Headers:		Accept=*/*
				Content-Type=application/json
Cookies:		<none>
Multiparts:		<none>
Body:			<none>
Request method:	DELETE
Request URI:	https://stellarburgers.nomoreparties.site/api/auth/user
Proxy:			<none>
Request params:	<none>
Query params:	<none>
Form params:	<none>
Path params:	<none>
Headers:		Accept=*/*
				Content-Type=application/json
Cookies:		<none>
Multiparts:		<none>
Body:			<none>
Request method:	DELETE
Request URI:	https://stellarburgers.nomoreparties.site/api/auth/user
Proxy:			<none>
Request params:	<none>
Query params:	<none>
Form params:	<none>
Path params:	<none>
Headers:		Accept=*/*
				Content-Type=application/json
Cookies:		<none>
Multiparts:		<none>
Body:			<none>
Request method:	DELETE
Request URI:	https://stellarburgers.nomoreparties.site/api/auth/user
Proxy:			<none>
Request params:	<none>
Query params:	<none>
Form params:	<none>
Path params:	<none>
Headers:		Accept=*/*
				Content-Type=application/json
Cookies:		<none>
Multiparts:		<none>
Body:			<none>
12:48:46.767 [main] DEBUG org.apache.http.impl.conn.BasicClientConnectionManager -- Get connection for route {s}->https://stellarburgers.nomoreparties.site:443
12:48:46.767 [main] DEBUG org.apache.http.impl.conn.DefaultClientConnectionOperator -- Connecting to stellarburgers.nomoreparties.site:443
12:48:46.820 [main] DEBUG org.apache.http.client.protocol.RequestAddCookies -- CookieSpec selected: ignoreCookies
12:48:46.821 [main] DEBUG org.apache.http.client.protocol.RequestAuthCache -- Auth cache not set in the context
12:48:46.821 [main] DEBUG org.apache.http.client.protocol.RequestProxyAuthentication -- Proxy auth state: UNCHALLENGED
12:48:46.821 [main] DEBUG org.apache.http.impl.client.DefaultHttpClient -- Attempt 1 to execute request
12:48:46.821 [main] DEBUG org.apache.http.impl.conn.DefaultClientConnection -- Sending request: DELETE /api/auth/user HTTP/1.1
12:48:46.821 [main] DEBUG org.apache.http.wire --  >> "DELETE /api/auth/user HTTP/1.1[\r][\n]"
12:48:46.821 [main] DEBUG org.apache.http.wire --  >> "Content-Type: application/json[\r][\n]"
12:48:46.821 [main] DEBUG org.apache.http.wire --  >> "Authorization: Bearer eyJhbGciOiJIUzI1NiIsInR5cCI6IkpXVCJ9.eyJpZCI6IjY2NGRiZjc0OWVkMjgwMDAxYjQxNzRiZSIsImlhdCI6MTcxNjM3MTMxNiwiZXhwIjoxNzE2MzcyNTE2fQ.1gYRUtCGfKIYWUdaoMDMyhF_5UzMpUH8_V3yubGyXQk[\r][\n]"
12:48:46.821 [main] DEBUG org.apache.http.wire --  >> "Accept: */*[\r][\n]"
12:48:46.821 [main] DEBUG org.apache.http.wire --  >> "Host: stellarburgers.nomoreparties.site[\r][\n]"
12:48:46.821 [main] DEBUG org.apache.http.wire --  >> "Connection: Keep-Alive[\r][\n]"
12:48:46.821 [main] DEBUG org.apache.http.wire --  >> "User-Agent: Apache-HttpClient/4.5.13 (Java/17.0.11)[\r][\n]"
12:48:46.821 [main] DEBUG org.apache.http.wire --  >> "Accept-Encoding: gzip,deflate[\r][\n]"
12:48:46.821 [main] DEBUG org.apache.http.wire --  >> "[\r][\n]"
12:48:46.821 [main] DEBUG org.apache.http.headers -- >> DELETE /api/auth/user HTTP/1.1
12:48:46.821 [main] DEBUG org.apache.http.headers -- >> Content-Type: application/json
12:48:46.821 [main] DEBUG org.apache.http.headers -- >> Authorization: Bearer eyJhbGciOiJIUzI1NiIsInR5cCI6IkpXVCJ9.eyJpZCI6IjY2NGRiZjc0OWVkMjgwMDAxYjQxNzRiZSIsImlhdCI6MTcxNjM3MTMxNiwiZXhwIjoxNzE2MzcyNTE2fQ.1gYRUtCGfKIYWUdaoMDMyhF_5UzMpUH8_V3yubGyXQk
12:48:46.821 [main] DEBUG org.apache.http.headers -- >> Accept: */*
12:48:46.821 [main] DEBUG org.apache.http.headers -- >> Host: stellarburgers.nomoreparties.site
12:48:46.821 [main] DEBUG org.apache.http.headers -- >> Connection: Keep-Alive
12:48:46.821 [main] DEBUG org.apache.http.headers -- >> User-Agent: Apache-HttpClient/4.5.13 (Java/17.0.11)
12:48:46.821 [main] DEBUG org.apache.http.headers -- >> Accept-Encoding: gzip,deflate
12:48:46.862 [main] DEBUG org.apache.http.wire --  << "HTTP/1.1 404 Not Found[\r][\n]"
12:48:46.863 [main] DEBUG org.apache.http.wire --  << "Date: Wed, 22 May 2024 09:48:47 GMT[\r][\n]"
12:48:46.863 [main] DEBUG org.apache.http.wire --  << "Content-Type: application/json; charset=utf-8[\r][\n]"
12:48:46.863 [main] DEBUG org.apache.http.wire --  << "Content-Length: 44[\r][\n]"
12:48:46.863 [main] DEBUG org.apache.http.wire --  << "Connection: keep-alive[\r][\n]"
12:48:46.863 [main] DEBUG org.apache.http.wire --  << "X-Powered-By: Express[\r][\n]"
12:48:46.863 [main] DEBUG org.apache.http.wire --  << "Access-Control-Allow-Origin: *[\r][\n]"
12:48:46.863 [main] DEBUG org.apache.http.wire --  << "ETag: W/"2c-EAnCIFy1uGovyo/FU6KYwnjLgrc"[\r][\n]"
12:48:46.863 [main] DEBUG org.apache.http.wire --  << "CF-Cache-Status: DYNAMIC[\r][\n]"
12:48:46.863 [main] DEBUG org.apache.http.wire --  << "Report-To: {"endpoints":[{"url":"https:\/\/a.nel.cloudflare.com\/report\/v4?s=iUI7%2F78sz12gjHWKgBMSZbyqXLygDY4c4KCaTQCZiS2%2F5dNy8j81es3YyCX5f2cDWeqMKhu%2FAq4%2FMKek%2FVAXG8JUJjRU0gJQ9UmwwBmijuA8HHq%2BVQwei88OLTrzoicOXxY2bQRklxB8ZMuhkbg5Aoe5kYE%3D"}],"group":"cf-nel","max_age":604800}[\r][\n]"
12:48:46.863 [main] DEBUG org.apache.http.wire --  << "NEL: {"success_fraction":0,"report_to":"cf-nel","max_age":604800}[\r][\n]"
12:48:46.863 [main] DEBUG org.apache.http.wire --  << "Server: cloudflare[\r][\n]"
12:48:46.863 [main] DEBUG org.apache.http.wire --  << "CF-RAY: 887be47c5c219d59-DME[\r][\n]"
12:48:46.863 [main] DEBUG org.apache.http.wire --  << "alt-svc: h3=":443"; ma=86400[\r][\n]"
12:48:46.863 [main] DEBUG org.apache.http.wire --  << "[\r][\n]"
12:48:46.863 [main] DEBUG org.apache.http.impl.conn.DefaultClientConnection -- Receiving response: HTTP/1.1 404 Not Found
12:48:46.863 [main] DEBUG org.apache.http.headers -- << HTTP/1.1 404 Not Found
12:48:46.863 [main] DEBUG org.apache.http.headers -- << Date: Wed, 22 May 2024 09:48:47 GMT
12:48:46.863 [main] DEBUG org.apache.http.headers -- << Content-Type: application/json; charset=utf-8
12:48:46.863 [main] DEBUG org.apache.http.headers -- << Content-Length: 44
12:48:46.863 [main] DEBUG org.apache.http.headers -- << Connection: keep-alive
12:48:46.863 [main] DEBUG org.apache.http.headers -- << X-Powered-By: Express
12:48:46.863 [main] DEBUG org.apache.http.headers -- << Access-Control-Allow-Origin: *
12:48:46.863 [main] DEBUG org.apache.http.headers -- << ETag: W/"2c-EAnCIFy1uGovyo/FU6KYwnjLgrc"
12:48:46.863 [main] DEBUG org.apache.http.headers -- << CF-Cache-Status: DYNAMIC
12:48:46.863 [main] DEBUG org.apache.http.headers -- << Report-To: {"endpoints":[{"url":"https:\/\/a.nel.cloudflare.com\/report\/v4?s=iUI7%2F78sz12gjHWKgBMSZbyqXLygDY4c4KCaTQCZiS2%2F5dNy8j81es3YyCX5f2cDWeqMKhu%2FAq4%2FMKek%2FVAXG8JUJjRU0gJQ9UmwwBmijuA8HHq%2BVQwei88OLTrzoicOXxY2bQRklxB8ZMuhkbg5Aoe5kYE%3D"}],"group":"cf-nel","max_age":604800}
12:48:46.863 [main] DEBUG org.apache.http.headers -- << NEL: {"success_fraction":0,"report_to":"cf-nel","max_age":604800}
12:48:46.863 [main] DEBUG org.apache.http.headers -- << Server: cloudflare
12:48:46.863 [main] DEBUG org.apache.http.headers -- << CF-RAY: 887be47c5c219d59-DME
12:48:46.863 [main] DEBUG org.apache.http.headers -- << alt-svc: h3=":443"; ma=86400
12:48:46.863 [main] DEBUG org.apache.http.impl.client.DefaultHttpClient -- Connection can be kept alive indefinitely
12:48:46.863 [main] DEBUG io.restassured.internal.RequestSpecificationImpl$RestAssuredHttpBuilder -- Parsing response as: application/json; charset=utf-8
12:48:46.863 [main] DEBUG io.restassured.internal.RequestSpecificationImpl$RestAssuredHttpBuilder -- Parsed data to instance of: class org.apache.http.conn.EofSensorInputStream
12:48:46.864 [main] DEBUG org.apache.http.wire --  << "{"success":false,"message":"User not found"}"
12:48:46.864 [main] DEBUG org.apache.http.impl.conn.BasicClientConnectionManager -- Releasing connection org.apache.http.impl.conn.ManagedClientConnectionImpl@767f03c5
12:48:46.864 [main] DEBUG org.apache.http.impl.conn.BasicClientConnectionManager -- Connection can be kept alive indefinitely
HTTP/1.1 404 Not Found
Date: Wed, 22 May 2024 09:48:47 GMT
Content-Type: application/json; charset=utf-8
Content-Length: 44
Connection: keep-alive
X-Powered-By: Express
Access-Control-Allow-Origin: *
ETag: W/"2c-EAnCIFy1uGovyo/FU6KYwnjLgrc"
CF-Cache-Status: DYNAMIC
Report-To: {"endpoints":[{"url":"https:\/\/a.nel.cloudflare.com\/report\/v4?s=iUI7%2F78sz12gjHWKgBMSZbyqXLygDY4c4KCaTQCZiS2%2F5dNy8j81es3YyCX5f2cDWeqMKhu%2FAq4%2FMKek%2FVAXG8JUJjRU0gJQ9UmwwBmijuA8HHq%2BVQwei88OLTrzoicOXxY2bQRklxB8ZMuhkbg5Aoe5kYE%3D"}],"group":"cf-nel","max_age":604800}
NEL: {"success_fraction":0,"report_to":"cf-nel","max_age":604800}
Server: cloudflare
CF-RAY: 887be47c5c219d59-DME
alt-svc: h3=":443"; ma=86400

{
    "success": false,
    "message": "User not found"
}
HTTP/1.1 404 Not Found
Date: Wed, 22 May 2024 09:48:47 GMT
Content-Type: application/json; charset=utf-8
Content-Length: 44
Connection: keep-alive
X-Powered-By: Express
Access-Control-Allow-Origin: *
ETag: W/"2c-EAnCIFy1uGovyo/FU6KYwnjLgrc"
CF-Cache-Status: DYNAMIC
Report-To: {"endpoints":[{"url":"https:\/\/a.nel.cloudflare.com\/report\/v4?s=iUI7%2F78sz12gjHWKgBMSZbyqXLygDY4c4KCaTQCZiS2%2F5dNy8j81es3YyCX5f2cDWeqMKhu%2FAq4%2FMKek%2FVAXG8JUJjRU0gJQ9UmwwBmijuA8HHq%2BVQwei88OLTrzoicOXxY2bQRklxB8ZMuhkbg5Aoe5kYE%3D"}],"group":"cf-nel","max_age":604800}
NEL: {"success_fraction":0,"report_to":"cf-nel","max_age":604800}
Server: cloudflare
CF-RAY: 887be47c5c219d59-DME
alt-svc: h3=":443"; ma=86400

{
    "success": false,
    "message": "User not found"
}
HTTP/1.1 404 Not Found
Date: Wed, 22 May 2024 09:48:47 GMT
Content-Type: application/json; charset=utf-8
Content-Length: 44
Connection: keep-alive
X-Powered-By: Express
Access-Control-Allow-Origin: *
ETag: W/"2c-EAnCIFy1uGovyo/FU6KYwnjLgrc"
CF-Cache-Status: DYNAMIC
Report-To: {"endpoints":[{"url":"https:\/\/a.nel.cloudflare.com\/report\/v4?s=iUI7%2F78sz12gjHWKgBMSZbyqXLygDY4c4KCaTQCZiS2%2F5dNy8j81es3YyCX5f2cDWeqMKhu%2FAq4%2FMKek%2FVAXG8JUJjRU0gJQ9UmwwBmijuA8HHq%2BVQwei88OLTrzoicOXxY2bQRklxB8ZMuhkbg5Aoe5kYE%3D"}],"group":"cf-nel","max_age":604800}
NEL: {"success_fraction":0,"report_to":"cf-nel","max_age":604800}
Server: cloudflare
CF-RAY: 887be47c5c219d59-DME
alt-svc: h3=":443"; ma=86400

{
    "success": false,
    "message": "User not found"
}
HTTP/1.1 404 Not Found
Date: Wed, 22 May 2024 09:48:47 GMT
Content-Type: application/json; charset=utf-8
Content-Length: 44
Connection: keep-alive
X-Powered-By: Express
Access-Control-Allow-Origin: *
ETag: W/"2c-EAnCIFy1uGovyo/FU6KYwnjLgrc"
CF-Cache-Status: DYNAMIC
Report-To: {"endpoints":[{"url":"https:\/\/a.nel.cloudflare.com\/report\/v4?s=iUI7%2F78sz12gjHWKgBMSZbyqXLygDY4c4KCaTQCZiS2%2F5dNy8j81es3YyCX5f2cDWeqMKhu%2FAq4%2FMKek%2FVAXG8JUJjRU0gJQ9UmwwBmijuA8HHq%2BVQwei88OLTrzoicOXxY2bQRklxB8ZMuhkbg5Aoe5kYE%3D"}],"group":"cf-nel","max_age":604800}
NEL: {"success_fraction":0,"report_to":"cf-nel","max_age":604800}
Server: cloudflare
CF-RAY: 887be47c5c219d59-DME
alt-svc: h3=":443"; ma=86400

{
    "success": false,
    "message": "User not found"
}
HTTP/1.1 404 Not Found
Date: Wed, 22 May 2024 09:48:47 GMT
Content-Type: application/json; charset=utf-8
Content-Length: 44
Connection: keep-alive
X-Powered-By: Express
Access-Control-Allow-Origin: *
ETag: W/"2c-EAnCIFy1uGovyo/FU6KYwnjLgrc"
CF-Cache-Status: DYNAMIC
Report-To: {"endpoints":[{"url":"https:\/\/a.nel.cloudflare.com\/report\/v4?s=iUI7%2F78sz12gjHWKgBMSZbyqXLygDY4c4KCaTQCZiS2%2F5dNy8j81es3YyCX5f2cDWeqMKhu%2FAq4%2FMKek%2FVAXG8JUJjRU0gJQ9UmwwBmijuA8HHq%2BVQwei88OLTrzoicOXxY2bQRklxB8ZMuhkbg5Aoe5kYE%3D"}],"group":"cf-nel","max_age":604800}
NEL: {"success_fraction":0,"report_to":"cf-nel","max_age":604800}
Server: cloudflare
CF-RAY: 887be47c5c219d59-DME
alt-svc: h3=":443"; ma=86400

{
    "success": false,
    "message": "User not found"
}
HTTP/1.1 404 Not Found
Date: Wed, 22 May 2024 09:48:47 GMT
Content-Type: application/json; charset=utf-8
Content-Length: 44
Connection: keep-alive
X-Powered-By: Express
Access-Control-Allow-Origin: *
ETag: W/"2c-EAnCIFy1uGovyo/FU6KYwnjLgrc"
CF-Cache-Status: DYNAMIC
Report-To: {"endpoints":[{"url":"https:\/\/a.nel.cloudflare.com\/report\/v4?s=iUI7%2F78sz12gjHWKgBMSZbyqXLygDY4c4KCaTQCZiS2%2F5dNy8j81es3YyCX5f2cDWeqMKhu%2FAq4%2FMKek%2FVAXG8JUJjRU0gJQ9UmwwBmijuA8HHq%2BVQwei88OLTrzoicOXxY2bQRklxB8ZMuhkbg5Aoe5kYE%3D"}],"group":"cf-nel","max_age":604800}
NEL: {"success_fraction":0,"report_to":"cf-nel","max_age":604800}
Server: cloudflare
CF-RAY: 887be47c5c219d59-DME
alt-svc: h3=":443"; ma=86400

{
    "success": false,
    "message": "User not found"
}
HTTP/1.1 404 Not Found
Date: Wed, 22 May 2024 09:48:47 GMT
Content-Type: application/json; charset=utf-8
Content-Length: 44
Connection: keep-alive
X-Powered-By: Express
Access-Control-Allow-Origin: *
ETag: W/"2c-EAnCIFy1uGovyo/FU6KYwnjLgrc"
CF-Cache-Status: DYNAMIC
Report-To: {"endpoints":[{"url":"https:\/\/a.nel.cloudflare.com\/report\/v4?s=iUI7%2F78sz12gjHWKgBMSZbyqXLygDY4c4KCaTQCZiS2%2F5dNy8j81es3YyCX5f2cDWeqMKhu%2FAq4%2FMKek%2FVAXG8JUJjRU0gJQ9UmwwBmijuA8HHq%2BVQwei88OLTrzoicOXxY2bQRklxB8ZMuhkbg5Aoe5kYE%3D"}],"group":"cf-nel","max_age":604800}
NEL: {"success_fraction":0,"report_to":"cf-nel","max_age":604800}
Server: cloudflare
CF-RAY: 887be47c5c219d59-DME
alt-svc: h3=":443"; ma=86400

{
    "success": false,
    "message": "User not found"
}
HTTP/1.1 404 Not Found
Date: Wed, 22 May 2024 09:48:47 GMT
Content-Type: application/json; charset=utf-8
Content-Length: 44
Connection: keep-alive
X-Powered-By: Express
Access-Control-Allow-Origin: *
ETag: W/"2c-EAnCIFy1uGovyo/FU6KYwnjLgrc"
CF-Cache-Status: DYNAMIC
Report-To: {"endpoints":[{"url":"https:\/\/a.nel.cloudflare.com\/report\/v4?s=iUI7%2F78sz12gjHWKgBMSZbyqXLygDY4c4KCaTQCZiS2%2F5dNy8j81es3YyCX5f2cDWeqMKhu%2FAq4%2FMKek%2FVAXG8JUJjRU0gJQ9UmwwBmijuA8HHq%2BVQwei88OLTrzoicOXxY2bQRklxB8ZMuhkbg5Aoe5kYE%3D"}],"group":"cf-nel","max_age":604800}
NEL: {"success_fraction":0,"report_to":"cf-nel","max_age":604800}
Server: cloudflare
CF-RAY: 887be47c5c219d59-DME
alt-svc: h3=":443"; ma=86400

{
    "success": false,
    "message": "User not found"
}
HTTP/1.1 404 Not Found
Date: Wed, 22 May 2024 09:48:47 GMT
Content-Type: application/json; charset=utf-8
Content-Length: 44
Connection: keep-alive
X-Powered-By: Express
Access-Control-Allow-Origin: *
ETag: W/"2c-EAnCIFy1uGovyo/FU6KYwnjLgrc"
CF-Cache-Status: DYNAMIC
Report-To: {"endpoints":[{"url":"https:\/\/a.nel.cloudflare.com\/report\/v4?s=iUI7%2F78sz12gjHWKgBMSZbyqXLygDY4c4KCaTQCZiS2%2F5dNy8j81es3YyCX5f2cDWeqMKhu%2FAq4%2FMKek%2FVAXG8JUJjRU0gJQ9UmwwBmijuA8HHq%2BVQwei88OLTrzoicOXxY2bQRklxB8ZMuhkbg5Aoe5kYE%3D"}],"group":"cf-nel","max_age":604800}
NEL: {"success_fraction":0,"report_to":"cf-nel","max_age":604800}
Server: cloudflare
CF-RAY: 887be47c5c219d59-DME
alt-svc: h3=":443"; ma=86400

{
    "success": false,
    "message": "User not found"
}
HTTP/1.1 404 Not Found
Date: Wed, 22 May 2024 09:48:47 GMT
Content-Type: application/json; charset=utf-8
Content-Length: 44
Connection: keep-alive
X-Powered-By: Express
Access-Control-Allow-Origin: *
ETag: W/"2c-EAnCIFy1uGovyo/FU6KYwnjLgrc"
CF-Cache-Status: DYNAMIC
Report-To: {"endpoints":[{"url":"https:\/\/a.nel.cloudflare.com\/report\/v4?s=iUI7%2F78sz12gjHWKgBMSZbyqXLygDY4c4KCaTQCZiS2%2F5dNy8j81es3YyCX5f2cDWeqMKhu%2FAq4%2FMKek%2FVAXG8JUJjRU0gJQ9UmwwBmijuA8HHq%2BVQwei88OLTrzoicOXxY2bQRklxB8ZMuhkbg5Aoe5kYE%3D"}],"group":"cf-nel","max_age":604800}
NEL: {"success_fraction":0,"report_to":"cf-nel","max_age":604800}
Server: cloudflare
CF-RAY: 887be47c5c219d59-DME
alt-svc: h3=":443"; ma=86400

{
    "success": false,
    "message": "User not found"
}
HTTP/1.1 404 Not Found
Date: Wed, 22 May 2024 09:48:47 GMT
Content-Type: application/json; charset=utf-8
Content-Length: 44
Connection: keep-alive
X-Powered-By: Express
Access-Control-Allow-Origin: *
ETag: W/"2c-EAnCIFy1uGovyo/FU6KYwnjLgrc"
CF-Cache-Status: DYNAMIC
Report-To: {"endpoints":[{"url":"https:\/\/a.nel.cloudflare.com\/report\/v4?s=iUI7%2F78sz12gjHWKgBMSZbyqXLygDY4c4KCaTQCZiS2%2F5dNy8j81es3YyCX5f2cDWeqMKhu%2FAq4%2FMKek%2FVAXG8JUJjRU0gJQ9UmwwBmijuA8HHq%2BVQwei88OLTrzoicOXxY2bQRklxB8ZMuhkbg5Aoe5kYE%3D"}],"group":"cf-nel","max_age":604800}
NEL: {"success_fraction":0,"report_to":"cf-nel","max_age":604800}
Server: cloudflare
CF-RAY: 887be47c5c219d59-DME
alt-svc: h3=":443"; ma=86400

{
    "success": false,
    "message": "User not found"
}
HTTP/1.1 404 Not Found
Date: Wed, 22 May 2024 09:48:47 GMT
Content-Type: application/json; charset=utf-8
Content-Length: 44
Connection: keep-alive
X-Powered-By: Express
Access-Control-Allow-Origin: *
ETag: W/"2c-EAnCIFy1uGovyo/FU6KYwnjLgrc"
CF-Cache-Status: DYNAMIC
Report-To: {"endpoints":[{"url":"https:\/\/a.nel.cloudflare.com\/report\/v4?s=iUI7%2F78sz12gjHWKgBMSZbyqXLygDY4c4KCaTQCZiS2%2F5dNy8j81es3YyCX5f2cDWeqMKhu%2FAq4%2FMKek%2FVAXG8JUJjRU0gJQ9UmwwBmijuA8HHq%2BVQwei88OLTrzoicOXxY2bQRklxB8ZMuhkbg5Aoe5kYE%3D"}],"group":"cf-nel","max_age":604800}
NEL: {"success_fraction":0,"report_to":"cf-nel","max_age":604800}
Server: cloudflare
CF-RAY: 887be47c5c219d59-DME
alt-svc: h3=":443"; ma=86400

{
    "success": false,
    "message": "User not found"
}
HTTP/1.1 404 Not Found
Date: Wed, 22 May 2024 09:48:47 GMT
Content-Type: application/json; charset=utf-8
Content-Length: 44
Connection: keep-alive
X-Powered-By: Express
Access-Control-Allow-Origin: *
ETag: W/"2c-EAnCIFy1uGovyo/FU6KYwnjLgrc"
CF-Cache-Status: DYNAMIC
Report-To: {"endpoints":[{"url":"https:\/\/a.nel.cloudflare.com\/report\/v4?s=iUI7%2F78sz12gjHWKgBMSZbyqXLygDY4c4KCaTQCZiS2%2F5dNy8j81es3YyCX5f2cDWeqMKhu%2FAq4%2FMKek%2FVAXG8JUJjRU0gJQ9UmwwBmijuA8HHq%2BVQwei88OLTrzoicOXxY2bQRklxB8ZMuhkbg5Aoe5kYE%3D"}],"group":"cf-nel","max_age":604800}
NEL: {"success_fraction":0,"report_to":"cf-nel","max_age":604800}
Server: cloudflare
CF-RAY: 887be47c5c219d59-DME
alt-svc: h3=":443"; ma=86400

{
    "success": false,
    "message": "User not found"
}
HTTP/1.1 404 Not Found
Date: Wed, 22 May 2024 09:48:47 GMT
Content-Type: application/json; charset=utf-8
Content-Length: 44
Connection: keep-alive
X-Powered-By: Express
Access-Control-Allow-Origin: *
ETag: W/"2c-EAnCIFy1uGovyo/FU6KYwnjLgrc"
CF-Cache-Status: DYNAMIC
Report-To: {"endpoints":[{"url":"https:\/\/a.nel.cloudflare.com\/report\/v4?s=iUI7%2F78sz12gjHWKgBMSZbyqXLygDY4c4KCaTQCZiS2%2F5dNy8j81es3YyCX5f2cDWeqMKhu%2FAq4%2FMKek%2FVAXG8JUJjRU0gJQ9UmwwBmijuA8HHq%2BVQwei88OLTrzoicOXxY2bQRklxB8ZMuhkbg5Aoe5kYE%3D"}],"group":"cf-nel","max_age":604800}
NEL: {"success_fraction":0,"report_to":"cf-nel","max_age":604800}
Server: cloudflare
CF-RAY: 887be47c5c219d59-DME
alt-svc: h3=":443"; ma=86400

{
    "success": false,
    "message": "User not found"
}
HTTP/1.1 404 Not Found
Date: Wed, 22 May 2024 09:48:47 GMT
Content-Type: application/json; charset=utf-8
Content-Length: 44
Connection: keep-alive
X-Powered-By: Express
Access-Control-Allow-Origin: *
ETag: W/"2c-EAnCIFy1uGovyo/FU6KYwnjLgrc"
CF-Cache-Status: DYNAMIC
Report-To: {"endpoints":[{"url":"https:\/\/a.nel.cloudflare.com\/report\/v4?s=iUI7%2F78sz12gjHWKgBMSZbyqXLygDY4c4KCaTQCZiS2%2F5dNy8j81es3YyCX5f2cDWeqMKhu%2FAq4%2FMKek%2FVAXG8JUJjRU0gJQ9UmwwBmijuA8HHq%2BVQwei88OLTrzoicOXxY2bQRklxB8ZMuhkbg5Aoe5kYE%3D"}],"group":"cf-nel","max_age":604800}
NEL: {"success_fraction":0,"report_to":"cf-nel","max_age":604800}
Server: cloudflare
CF-RAY: 887be47c5c219d59-DME
alt-svc: h3=":443"; ma=86400

{
    "success": false,
    "message": "User not found"
}
HTTP/1.1 404 Not Found
Date: Wed, 22 May 2024 09:48:47 GMT
Content-Type: application/json; charset=utf-8
Content-Length: 44
Connection: keep-alive
X-Powered-By: Express
Access-Control-Allow-Origin: *
ETag: W/"2c-EAnCIFy1uGovyo/FU6KYwnjLgrc"
CF-Cache-Status: DYNAMIC
Report-To: {"endpoints":[{"url":"https:\/\/a.nel.cloudflare.com\/report\/v4?s=iUI7%2F78sz12gjHWKgBMSZbyqXLygDY4c4KCaTQCZiS2%2F5dNy8j81es3YyCX5f2cDWeqMKhu%2FAq4%2FMKek%2FVAXG8JUJjRU0gJQ9UmwwBmijuA8HHq%2BVQwei88OLTrzoicOXxY2bQRklxB8ZMuhkbg5Aoe5kYE%3D"}],"group":"cf-nel","max_age":604800}
NEL: {"success_fraction":0,"report_to":"cf-nel","max_age":604800}
Server: cloudflare
CF-RAY: 887be47c5c219d59-DME
alt-svc: h3=":443"; ma=86400

{
    "success": false,
    "message": "User not found"
}
HTTP/1.1 404 Not Found
Date: Wed, 22 May 2024 09:48:47 GMT
Content-Type: application/json; charset=utf-8
Content-Length: 44
Connection: keep-alive
X-Powered-By: Express
Access-Control-Allow-Origin: *
ETag: W/"2c-EAnCIFy1uGovyo/FU6KYwnjLgrc"
CF-Cache-Status: DYNAMIC
Report-To: {"endpoints":[{"url":"https:\/\/a.nel.cloudflare.com\/report\/v4?s=iUI7%2F78sz12gjHWKgBMSZbyqXLygDY4c4KCaTQCZiS2%2F5dNy8j81es3YyCX5f2cDWeqMKhu%2FAq4%2FMKek%2FVAXG8JUJjRU0gJQ9UmwwBmijuA8HHq%2BVQwei88OLTrzoicOXxY2bQRklxB8ZMuhkbg5Aoe5kYE%3D"}],"group":"cf-nel","max_age":604800}
NEL: {"success_fraction":0,"report_to":"cf-nel","max_age":604800}
Server: cloudflare
CF-RAY: 887be47c5c219d59-DME
alt-svc: h3=":443"; ma=86400

{
    "success": false,
    "message": "User not found"
}
HTTP/1.1 404 Not Found
Date: Wed, 22 May 2024 09:48:47 GMT
Content-Type: application/json; charset=utf-8
Content-Length: 44
Connection: keep-alive
X-Powered-By: Express
Access-Control-Allow-Origin: *
ETag: W/"2c-EAnCIFy1uGovyo/FU6KYwnjLgrc"
CF-Cache-Status: DYNAMIC
Report-To: {"endpoints":[{"url":"https:\/\/a.nel.cloudflare.com\/report\/v4?s=iUI7%2F78sz12gjHWKgBMSZbyqXLygDY4c4KCaTQCZiS2%2F5dNy8j81es3YyCX5f2cDWeqMKhu%2FAq4%2FMKek%2FVAXG8JUJjRU0gJQ9UmwwBmijuA8HHq%2BVQwei88OLTrzoicOXxY2bQRklxB8ZMuhkbg5Aoe5kYE%3D"}],"group":"cf-nel","max_age":604800}
NEL: {"success_fraction":0,"report_to":"cf-nel","max_age":604800}
Server: cloudflare
CF-RAY: 887be47c5c219d59-DME
alt-svc: h3=":443"; ma=86400

{
    "success": false,
    "message": "User not found"
}
]]></system-out>
  </testcase>
  <testcase name="testClickFillingInConstructor" classname="site.nomoreparties.stellarburgers.YandexTests.ConstructorYandexTest" time="0.112">
    <failure message="1 expectation failed.&#10;Expected status code &lt;202&gt; but was &lt;404&gt;.&#10;" type="java.lang.AssertionError"><![CDATA[java.lang.AssertionError: 
1 expectation failed.
Expected status code <202> but was <404>.

	at site.nomoreparties.stellarburgers.YandexTests.ConstructorYandexTest.tearDown(ConstructorYandexTest.java:39)
]]></failure>
  </testcase>
  <testcase name="testClickBunInConstructor" classname="site.nomoreparties.stellarburgers.YandexTests.ConstructorYandexTest" time="0.168">
    <error message="Unable to obtain: chromedriver, error chromedriver must exist: C:\Users\dabre\Diplom_3-WEB-Tests\src\resources\yandexdriver.exe&#10;For documentation on this error, please visit: https://www.selenium.dev/documentation/webdriver/troubleshooting/errors/driver_location/&#10;Build info: version: &apos;4.20.0&apos;, revision: &apos;866c76ca80&apos;&#10;System info: os.name: &apos;Windows 10&apos;, os.arch: &apos;amd64&apos;, os.version: &apos;10.0&apos;, java.version: &apos;17.0.11&apos;&#10;Driver info: driver.version: SelenideDriver&#10;selenide.url: https://stellarburgers.nomoreparties.site/&#10;selenide.baseUrl: http://localhost:8080" type="org.openqa.selenium.remote.NoSuchDriverException">org.openqa.selenium.remote.NoSuchDriverException: 
Unable to obtain: chromedriver, error chromedriver must exist: C:\Users\dabre\Diplom_3-WEB-Tests\src\resources\yandexdriver.exe
For documentation on this error, please visit: https://www.selenium.dev/documentation/webdriver/troubleshooting/errors/driver_location/
Build info: version: '4.20.0', revision: '866c76ca80'
System info: os.name: 'Windows 10', os.arch: 'amd64', os.version: '10.0', java.version: '17.0.11'
Driver info: driver.version: SelenideDriver
selenide.url: https://stellarburgers.nomoreparties.site/
selenide.baseUrl: http://localhost:8080
	at site.nomoreparties.stellarburgers.YandexTests.ConstructorYandexTest.setUp(ConstructorYandexTest.java:30)
Caused by: java.lang.IllegalStateException: chromedriver must exist: C:\Users\dabre\Diplom_3-WEB-Tests\src\resources\yandexdriver.exe
	at site.nomoreparties.stellarburgers.YandexTests.ConstructorYandexTest.setUp(ConstructorYandexTest.java:30)
</error>
    <system-out><![CDATA[12:48:46.870 [main] INFO com.codeborne.selenide.impl.WebDriverThreadLocalContainer -- No webdriver is bound to current thread: 1 - let's create a new webdriver
12:48:46.870 [main] DEBUG com.codeborne.selenide.drivercommands.CreateDriverCommand -- Creating webdriver in thread 1 (ip: 192.168.1.67, host: DESKTOP-7H9UBQR)...
12:48:46.870 [main] INFO com.codeborne.selenide.impl.FileHelper -- Creating folder: C:\Users\dabre\Diplom_3-WEB-Tests\build\downloads\1716371326870_19268_1
12:48:46.871 [main] DEBUG com.codeborne.selenide.webdriver.WebDriverFactory -- browser=chrome
12:48:46.871 [main] DEBUG com.codeborne.selenide.webdriver.WebDriverFactory -- browser.version=null
12:48:46.871 [main] DEBUG com.codeborne.selenide.webdriver.WebDriverFactory -- remote=null
12:48:46.871 [main] DEBUG com.codeborne.selenide.webdriver.WebDriverFactory -- browserSize=1366x768
12:48:46.871 [main] DEBUG com.codeborne.selenide.webdriver.WebDriverFactory -- downloadsFolder=C:\Users\dabre\Diplom_3-WEB-Tests\build\downloads\1716371326870_19268_1
12:48:46.871 [main] DEBUG com.codeborne.selenide.webdriver.AbstractChromiumDriverFactory -- Using chromium preferences: {credentials_enable_service=false, safebrowsing.enabled=true, plugins.always_open_pdf_externally=true, profile.default_content_setting_values.automatic_downloads=1, profile.password_manager_enabled=false, profile.password_manager_leak_detection=false, download.default_directory=C:\Users\dabre\Diplom_3-WEB-Tests\build\downloads\1716371326870_19268_1}
12:48:46.871 [main] DEBUG com.codeborne.selenide.webdriver.ChromeDriverFactory -- Chrome options: Capabilities {acceptInsecureCerts: true, browserName: chrome, goog:chromeOptions: {args: [--proxy-bypass-list=<-loopb..., --disable-dev-shm-usage, --window-size=1366,768], excludeSwitches: [enable-automation, load-extension], extensions: [], prefs: {credentials_enable_service: false, download.default_directory: C:\Users\dabre\Diplom_3-WEB..., plugins.always_open_pdf_externally: true, profile.default_content_setting_values.automatic_downloads: 1, profile.password_manager_enabled: false, profile.password_manager_leak_detection: false, safebrowsing.enabled: true}}, pageLoadStrategy: normal, unhandledPromptBehavior: accept}
Request method:	DELETE
Request URI:	https://stellarburgers.nomoreparties.site/api/auth/user
Proxy:			<none>
Request params:	<none>
Query params:	<none>
Form params:	<none>
Path params:	<none>
Headers:		Accept=*/*
				Content-Type=application/json
Cookies:		<none>
Multiparts:		<none>
Body:			<none>
Request method:	DELETE
Request URI:	https://stellarburgers.nomoreparties.site/api/auth/user
Proxy:			<none>
Request params:	<none>
Query params:	<none>
Form params:	<none>
Path params:	<none>
Headers:		Accept=*/*
				Content-Type=application/json
Cookies:		<none>
Multiparts:		<none>
Body:			<none>
Request method:	DELETE
Request URI:	https://stellarburgers.nomoreparties.site/api/auth/user
Proxy:			<none>
Request params:	<none>
Query params:	<none>
Form params:	<none>
Path params:	<none>
Headers:		Accept=*/*
				Content-Type=application/json
Cookies:		<none>
Multiparts:		<none>
Body:			<none>
Request method:	DELETE
Request URI:	https://stellarburgers.nomoreparties.site/api/auth/user
Proxy:			<none>
Request params:	<none>
Query params:	<none>
Form params:	<none>
Path params:	<none>
Headers:		Accept=*/*
				Content-Type=application/json
Cookies:		<none>
Multiparts:		<none>
Body:			<none>
Request method:	DELETE
Request URI:	https://stellarburgers.nomoreparties.site/api/auth/user
Proxy:			<none>
Request params:	<none>
Query params:	<none>
Form params:	<none>
Path params:	<none>
Headers:		Accept=*/*
				Content-Type=application/json
Cookies:		<none>
Multiparts:		<none>
Body:			<none>
Request method:	DELETE
Request URI:	https://stellarburgers.nomoreparties.site/api/auth/user
Proxy:			<none>
Request params:	<none>
Query params:	<none>
Form params:	<none>
Path params:	<none>
Headers:		Accept=*/*
				Content-Type=application/json
Cookies:		<none>
Multiparts:		<none>
Body:			<none>
Request method:	DELETE
Request URI:	https://stellarburgers.nomoreparties.site/api/auth/user
Proxy:			<none>
Request params:	<none>
Query params:	<none>
Form params:	<none>
Path params:	<none>
Headers:		Accept=*/*
				Content-Type=application/json
Cookies:		<none>
Multiparts:		<none>
Body:			<none>
Request method:	DELETE
Request URI:	https://stellarburgers.nomoreparties.site/api/auth/user
Proxy:			<none>
Request params:	<none>
Query params:	<none>
Form params:	<none>
Path params:	<none>
Headers:		Accept=*/*
				Content-Type=application/json
Cookies:		<none>
Multiparts:		<none>
Body:			<none>
Request method:	DELETE
Request URI:	https://stellarburgers.nomoreparties.site/api/auth/user
Proxy:			<none>
Request params:	<none>
Query params:	<none>
Form params:	<none>
Path params:	<none>
Headers:		Accept=*/*
				Content-Type=application/json
Cookies:		<none>
Multiparts:		<none>
Body:			<none>
Request method:	DELETE
Request URI:	https://stellarburgers.nomoreparties.site/api/auth/user
Proxy:			<none>
Request params:	<none>
Query params:	<none>
Form params:	<none>
Path params:	<none>
Headers:		Accept=*/*
				Content-Type=application/json
Cookies:		<none>
Multiparts:		<none>
Body:			<none>
Request method:	DELETE
Request URI:	https://stellarburgers.nomoreparties.site/api/auth/user
Proxy:			<none>
Request params:	<none>
Query params:	<none>
Form params:	<none>
Path params:	<none>
Headers:		Accept=*/*
				Content-Type=application/json
Cookies:		<none>
Multiparts:		<none>
Body:			<none>
Request method:	DELETE
Request URI:	https://stellarburgers.nomoreparties.site/api/auth/user
Proxy:			<none>
Request params:	<none>
Query params:	<none>
Form params:	<none>
Path params:	<none>
Headers:		Accept=*/*
				Content-Type=application/json
Cookies:		<none>
Multiparts:		<none>
Body:			<none>
Request method:	DELETE
Request URI:	https://stellarburgers.nomoreparties.site/api/auth/user
Proxy:			<none>
Request params:	<none>
Query params:	<none>
Form params:	<none>
Path params:	<none>
Headers:		Accept=*/*
				Content-Type=application/json
Cookies:		<none>
Multiparts:		<none>
Body:			<none>
Request method:	DELETE
Request URI:	https://stellarburgers.nomoreparties.site/api/auth/user
Proxy:			<none>
Request params:	<none>
Query params:	<none>
Form params:	<none>
Path params:	<none>
Headers:		Accept=*/*
				Content-Type=application/json
Cookies:		<none>
Multiparts:		<none>
Body:			<none>
Request method:	DELETE
Request URI:	https://stellarburgers.nomoreparties.site/api/auth/user
Proxy:			<none>
Request params:	<none>
Query params:	<none>
Form params:	<none>
Path params:	<none>
Headers:		Accept=*/*
				Content-Type=application/json
Cookies:		<none>
Multiparts:		<none>
Body:			<none>
Request method:	DELETE
Request URI:	https://stellarburgers.nomoreparties.site/api/auth/user
Proxy:			<none>
Request params:	<none>
Query params:	<none>
Form params:	<none>
Path params:	<none>
Headers:		Accept=*/*
				Content-Type=application/json
Cookies:		<none>
Multiparts:		<none>
Body:			<none>
Request method:	DELETE
Request URI:	https://stellarburgers.nomoreparties.site/api/auth/user
Proxy:			<none>
Request params:	<none>
Query params:	<none>
Form params:	<none>
Path params:	<none>
Headers:		Accept=*/*
				Content-Type=application/json
Cookies:		<none>
Multiparts:		<none>
Body:			<none>
Request method:	DELETE
Request URI:	https://stellarburgers.nomoreparties.site/api/auth/user
Proxy:			<none>
Request params:	<none>
Query params:	<none>
Form params:	<none>
Path params:	<none>
Headers:		Accept=*/*
				Content-Type=application/json
Cookies:		<none>
Multiparts:		<none>
Body:			<none>
Request method:	DELETE
Request URI:	https://stellarburgers.nomoreparties.site/api/auth/user
Proxy:			<none>
Request params:	<none>
Query params:	<none>
Form params:	<none>
Path params:	<none>
Headers:		Accept=*/*
				Content-Type=application/json
Cookies:		<none>
Multiparts:		<none>
Body:			<none>
12:48:46.883 [main] DEBUG org.apache.http.impl.conn.BasicClientConnectionManager -- Get connection for route {s}->https://stellarburgers.nomoreparties.site:443
12:48:46.883 [main] DEBUG org.apache.http.impl.conn.DefaultClientConnectionOperator -- Connecting to stellarburgers.nomoreparties.site:443
12:48:46.962 [main] DEBUG org.apache.http.client.protocol.RequestAddCookies -- CookieSpec selected: ignoreCookies
12:48:46.962 [main] DEBUG org.apache.http.client.protocol.RequestAuthCache -- Auth cache not set in the context
12:48:46.962 [main] DEBUG org.apache.http.client.protocol.RequestProxyAuthentication -- Proxy auth state: UNCHALLENGED
12:48:46.962 [main] DEBUG org.apache.http.impl.client.DefaultHttpClient -- Attempt 1 to execute request
12:48:46.962 [main] DEBUG org.apache.http.impl.conn.DefaultClientConnection -- Sending request: DELETE /api/auth/user HTTP/1.1
12:48:46.962 [main] DEBUG org.apache.http.wire --  >> "DELETE /api/auth/user HTTP/1.1[\r][\n]"
12:48:46.962 [main] DEBUG org.apache.http.wire --  >> "Content-Type: application/json[\r][\n]"
12:48:46.962 [main] DEBUG org.apache.http.wire --  >> "Authorization: Bearer eyJhbGciOiJIUzI1NiIsInR5cCI6IkpXVCJ9.eyJpZCI6IjY2NGRiZjc0OWVkMjgwMDAxYjQxNzRiZSIsImlhdCI6MTcxNjM3MTMxNiwiZXhwIjoxNzE2MzcyNTE2fQ.1gYRUtCGfKIYWUdaoMDMyhF_5UzMpUH8_V3yubGyXQk[\r][\n]"
12:48:46.962 [main] DEBUG org.apache.http.wire --  >> "Accept: */*[\r][\n]"
12:48:46.962 [main] DEBUG org.apache.http.wire --  >> "Host: stellarburgers.nomoreparties.site[\r][\n]"
12:48:46.962 [main] DEBUG org.apache.http.wire --  >> "Connection: Keep-Alive[\r][\n]"
12:48:46.962 [main] DEBUG org.apache.http.wire --  >> "User-Agent: Apache-HttpClient/4.5.13 (Java/17.0.11)[\r][\n]"
12:48:46.962 [main] DEBUG org.apache.http.wire --  >> "Accept-Encoding: gzip,deflate[\r][\n]"
12:48:46.962 [main] DEBUG org.apache.http.wire --  >> "[\r][\n]"
12:48:46.962 [main] DEBUG org.apache.http.headers -- >> DELETE /api/auth/user HTTP/1.1
12:48:46.962 [main] DEBUG org.apache.http.headers -- >> Content-Type: application/json
12:48:46.962 [main] DEBUG org.apache.http.headers -- >> Authorization: Bearer eyJhbGciOiJIUzI1NiIsInR5cCI6IkpXVCJ9.eyJpZCI6IjY2NGRiZjc0OWVkMjgwMDAxYjQxNzRiZSIsImlhdCI6MTcxNjM3MTMxNiwiZXhwIjoxNzE2MzcyNTE2fQ.1gYRUtCGfKIYWUdaoMDMyhF_5UzMpUH8_V3yubGyXQk
12:48:46.962 [main] DEBUG org.apache.http.headers -- >> Accept: */*
12:48:46.962 [main] DEBUG org.apache.http.headers -- >> Host: stellarburgers.nomoreparties.site
12:48:46.962 [main] DEBUG org.apache.http.headers -- >> Connection: Keep-Alive
12:48:46.962 [main] DEBUG org.apache.http.headers -- >> User-Agent: Apache-HttpClient/4.5.13 (Java/17.0.11)
12:48:46.962 [main] DEBUG org.apache.http.headers -- >> Accept-Encoding: gzip,deflate
12:48:47.026 [main] DEBUG org.apache.http.wire --  << "HTTP/1.1 404 Not Found[\r][\n]"
12:48:47.026 [main] DEBUG org.apache.http.wire --  << "Date: Wed, 22 May 2024 09:48:47 GMT[\r][\n]"
12:48:47.026 [main] DEBUG org.apache.http.wire --  << "Content-Type: application/json; charset=utf-8[\r][\n]"
12:48:47.026 [main] DEBUG org.apache.http.wire --  << "Content-Length: 44[\r][\n]"
12:48:47.026 [main] DEBUG org.apache.http.wire --  << "Connection: keep-alive[\r][\n]"
12:48:47.026 [main] DEBUG org.apache.http.wire --  << "X-Powered-By: Express[\r][\n]"
12:48:47.026 [main] DEBUG org.apache.http.wire --  << "Access-Control-Allow-Origin: *[\r][\n]"
12:48:47.026 [main] DEBUG org.apache.http.wire --  << "ETag: W/"2c-EAnCIFy1uGovyo/FU6KYwnjLgrc"[\r][\n]"
12:48:47.026 [main] DEBUG org.apache.http.wire --  << "CF-Cache-Status: DYNAMIC[\r][\n]"
12:48:47.026 [main] DEBUG org.apache.http.wire --  << "Report-To: {"endpoints":[{"url":"https:\/\/a.nel.cloudflare.com\/report\/v4?s=bWbEcQ7u2imqd%2BNTNPIgGxOlHalY2wjVYtWOuqQIOmaJ87L1EBe9l73y83nqPvlNiteDXMMSWKd5cQ7itTm6WWKzniiKKtp18j0DiG7uvOJR919AtGM2X%2B4QEs3KatF4%2FaYmUKy7lNlZzYOeZGN3fGLawq8%3D"}],"group":"cf-nel","max_age":604800}[\r][\n]"
12:48:47.026 [main] DEBUG org.apache.http.wire --  << "NEL: {"success_fraction":0,"report_to":"cf-nel","max_age":604800}[\r][\n]"
12:48:47.026 [main] DEBUG org.apache.http.wire --  << "Server: cloudflare[\r][\n]"
12:48:47.027 [main] DEBUG org.apache.http.wire --  << "CF-RAY: 887be47d4edcabc6-CPH[\r][\n]"
12:48:47.027 [main] DEBUG org.apache.http.wire --  << "alt-svc: h3=":443"; ma=86400[\r][\n]"
12:48:47.027 [main] DEBUG org.apache.http.wire --  << "[\r][\n]"
12:48:47.027 [main] DEBUG org.apache.http.impl.conn.DefaultClientConnection -- Receiving response: HTTP/1.1 404 Not Found
12:48:47.027 [main] DEBUG org.apache.http.headers -- << HTTP/1.1 404 Not Found
12:48:47.027 [main] DEBUG org.apache.http.headers -- << Date: Wed, 22 May 2024 09:48:47 GMT
12:48:47.027 [main] DEBUG org.apache.http.headers -- << Content-Type: application/json; charset=utf-8
12:48:47.027 [main] DEBUG org.apache.http.headers -- << Content-Length: 44
12:48:47.027 [main] DEBUG org.apache.http.headers -- << Connection: keep-alive
12:48:47.027 [main] DEBUG org.apache.http.headers -- << X-Powered-By: Express
12:48:47.027 [main] DEBUG org.apache.http.headers -- << Access-Control-Allow-Origin: *
12:48:47.027 [main] DEBUG org.apache.http.headers -- << ETag: W/"2c-EAnCIFy1uGovyo/FU6KYwnjLgrc"
12:48:47.027 [main] DEBUG org.apache.http.headers -- << CF-Cache-Status: DYNAMIC
12:48:47.027 [main] DEBUG org.apache.http.headers -- << Report-To: {"endpoints":[{"url":"https:\/\/a.nel.cloudflare.com\/report\/v4?s=bWbEcQ7u2imqd%2BNTNPIgGxOlHalY2wjVYtWOuqQIOmaJ87L1EBe9l73y83nqPvlNiteDXMMSWKd5cQ7itTm6WWKzniiKKtp18j0DiG7uvOJR919AtGM2X%2B4QEs3KatF4%2FaYmUKy7lNlZzYOeZGN3fGLawq8%3D"}],"group":"cf-nel","max_age":604800}
12:48:47.027 [main] DEBUG org.apache.http.headers -- << NEL: {"success_fraction":0,"report_to":"cf-nel","max_age":604800}
12:48:47.027 [main] DEBUG org.apache.http.headers -- << Server: cloudflare
12:48:47.027 [main] DEBUG org.apache.http.headers -- << CF-RAY: 887be47d4edcabc6-CPH
12:48:47.027 [main] DEBUG org.apache.http.headers -- << alt-svc: h3=":443"; ma=86400
12:48:47.027 [main] DEBUG org.apache.http.impl.client.DefaultHttpClient -- Connection can be kept alive indefinitely
12:48:47.027 [main] DEBUG io.restassured.internal.RequestSpecificationImpl$RestAssuredHttpBuilder -- Parsing response as: application/json; charset=utf-8
12:48:47.027 [main] DEBUG io.restassured.internal.RequestSpecificationImpl$RestAssuredHttpBuilder -- Parsed data to instance of: class org.apache.http.conn.EofSensorInputStream
12:48:47.028 [main] DEBUG org.apache.http.wire --  << "{"success":false,"message":"User not found"}"
12:48:47.028 [main] DEBUG org.apache.http.impl.conn.BasicClientConnectionManager -- Releasing connection org.apache.http.impl.conn.ManagedClientConnectionImpl@5bafd971
12:48:47.028 [main] DEBUG org.apache.http.impl.conn.BasicClientConnectionManager -- Connection can be kept alive indefinitely
HTTP/1.1 404 Not Found
Date: Wed, 22 May 2024 09:48:47 GMT
Content-Type: application/json; charset=utf-8
Content-Length: 44
Connection: keep-alive
X-Powered-By: Express
Access-Control-Allow-Origin: *
ETag: W/"2c-EAnCIFy1uGovyo/FU6KYwnjLgrc"
CF-Cache-Status: DYNAMIC
Report-To: {"endpoints":[{"url":"https:\/\/a.nel.cloudflare.com\/report\/v4?s=bWbEcQ7u2imqd%2BNTNPIgGxOlHalY2wjVYtWOuqQIOmaJ87L1EBe9l73y83nqPvlNiteDXMMSWKd5cQ7itTm6WWKzniiKKtp18j0DiG7uvOJR919AtGM2X%2B4QEs3KatF4%2FaYmUKy7lNlZzYOeZGN3fGLawq8%3D"}],"group":"cf-nel","max_age":604800}
NEL: {"success_fraction":0,"report_to":"cf-nel","max_age":604800}
Server: cloudflare
CF-RAY: 887be47d4edcabc6-CPH
alt-svc: h3=":443"; ma=86400

{
    "success": false,
    "message": "User not found"
}
HTTP/1.1 404 Not Found
Date: Wed, 22 May 2024 09:48:47 GMT
Content-Type: application/json; charset=utf-8
Content-Length: 44
Connection: keep-alive
X-Powered-By: Express
Access-Control-Allow-Origin: *
ETag: W/"2c-EAnCIFy1uGovyo/FU6KYwnjLgrc"
CF-Cache-Status: DYNAMIC
Report-To: {"endpoints":[{"url":"https:\/\/a.nel.cloudflare.com\/report\/v4?s=bWbEcQ7u2imqd%2BNTNPIgGxOlHalY2wjVYtWOuqQIOmaJ87L1EBe9l73y83nqPvlNiteDXMMSWKd5cQ7itTm6WWKzniiKKtp18j0DiG7uvOJR919AtGM2X%2B4QEs3KatF4%2FaYmUKy7lNlZzYOeZGN3fGLawq8%3D"}],"group":"cf-nel","max_age":604800}
NEL: {"success_fraction":0,"report_to":"cf-nel","max_age":604800}
Server: cloudflare
CF-RAY: 887be47d4edcabc6-CPH
alt-svc: h3=":443"; ma=86400

{
    "success": false,
    "message": "User not found"
}
HTTP/1.1 404 Not Found
Date: Wed, 22 May 2024 09:48:47 GMT
Content-Type: application/json; charset=utf-8
Content-Length: 44
Connection: keep-alive
X-Powered-By: Express
Access-Control-Allow-Origin: *
ETag: W/"2c-EAnCIFy1uGovyo/FU6KYwnjLgrc"
CF-Cache-Status: DYNAMIC
Report-To: {"endpoints":[{"url":"https:\/\/a.nel.cloudflare.com\/report\/v4?s=bWbEcQ7u2imqd%2BNTNPIgGxOlHalY2wjVYtWOuqQIOmaJ87L1EBe9l73y83nqPvlNiteDXMMSWKd5cQ7itTm6WWKzniiKKtp18j0DiG7uvOJR919AtGM2X%2B4QEs3KatF4%2FaYmUKy7lNlZzYOeZGN3fGLawq8%3D"}],"group":"cf-nel","max_age":604800}
NEL: {"success_fraction":0,"report_to":"cf-nel","max_age":604800}
Server: cloudflare
CF-RAY: 887be47d4edcabc6-CPH
alt-svc: h3=":443"; ma=86400

{
    "success": false,
    "message": "User not found"
}
HTTP/1.1 404 Not Found
Date: Wed, 22 May 2024 09:48:47 GMT
Content-Type: application/json; charset=utf-8
Content-Length: 44
Connection: keep-alive
X-Powered-By: Express
Access-Control-Allow-Origin: *
ETag: W/"2c-EAnCIFy1uGovyo/FU6KYwnjLgrc"
CF-Cache-Status: DYNAMIC
Report-To: {"endpoints":[{"url":"https:\/\/a.nel.cloudflare.com\/report\/v4?s=bWbEcQ7u2imqd%2BNTNPIgGxOlHalY2wjVYtWOuqQIOmaJ87L1EBe9l73y83nqPvlNiteDXMMSWKd5cQ7itTm6WWKzniiKKtp18j0DiG7uvOJR919AtGM2X%2B4QEs3KatF4%2FaYmUKy7lNlZzYOeZGN3fGLawq8%3D"}],"group":"cf-nel","max_age":604800}
NEL: {"success_fraction":0,"report_to":"cf-nel","max_age":604800}
Server: cloudflare
CF-RAY: 887be47d4edcabc6-CPH
alt-svc: h3=":443"; ma=86400

{
    "success": false,
    "message": "User not found"
}
HTTP/1.1 404 Not Found
Date: Wed, 22 May 2024 09:48:47 GMT
Content-Type: application/json; charset=utf-8
Content-Length: 44
Connection: keep-alive
X-Powered-By: Express
Access-Control-Allow-Origin: *
ETag: W/"2c-EAnCIFy1uGovyo/FU6KYwnjLgrc"
CF-Cache-Status: DYNAMIC
Report-To: {"endpoints":[{"url":"https:\/\/a.nel.cloudflare.com\/report\/v4?s=bWbEcQ7u2imqd%2BNTNPIgGxOlHalY2wjVYtWOuqQIOmaJ87L1EBe9l73y83nqPvlNiteDXMMSWKd5cQ7itTm6WWKzniiKKtp18j0DiG7uvOJR919AtGM2X%2B4QEs3KatF4%2FaYmUKy7lNlZzYOeZGN3fGLawq8%3D"}],"group":"cf-nel","max_age":604800}
NEL: {"success_fraction":0,"report_to":"cf-nel","max_age":604800}
Server: cloudflare
CF-RAY: 887be47d4edcabc6-CPH
alt-svc: h3=":443"; ma=86400

{
    "success": false,
    "message": "User not found"
}
HTTP/1.1 404 Not Found
Date: Wed, 22 May 2024 09:48:47 GMT
Content-Type: application/json; charset=utf-8
Content-Length: 44
Connection: keep-alive
X-Powered-By: Express
Access-Control-Allow-Origin: *
ETag: W/"2c-EAnCIFy1uGovyo/FU6KYwnjLgrc"
CF-Cache-Status: DYNAMIC
Report-To: {"endpoints":[{"url":"https:\/\/a.nel.cloudflare.com\/report\/v4?s=bWbEcQ7u2imqd%2BNTNPIgGxOlHalY2wjVYtWOuqQIOmaJ87L1EBe9l73y83nqPvlNiteDXMMSWKd5cQ7itTm6WWKzniiKKtp18j0DiG7uvOJR919AtGM2X%2B4QEs3KatF4%2FaYmUKy7lNlZzYOeZGN3fGLawq8%3D"}],"group":"cf-nel","max_age":604800}
NEL: {"success_fraction":0,"report_to":"cf-nel","max_age":604800}
Server: cloudflare
CF-RAY: 887be47d4edcabc6-CPH
alt-svc: h3=":443"; ma=86400

{
    "success": false,
    "message": "User not found"
}
HTTP/1.1 404 Not Found
Date: Wed, 22 May 2024 09:48:47 GMT
Content-Type: application/json; charset=utf-8
Content-Length: 44
Connection: keep-alive
X-Powered-By: Express
Access-Control-Allow-Origin: *
ETag: W/"2c-EAnCIFy1uGovyo/FU6KYwnjLgrc"
CF-Cache-Status: DYNAMIC
Report-To: {"endpoints":[{"url":"https:\/\/a.nel.cloudflare.com\/report\/v4?s=bWbEcQ7u2imqd%2BNTNPIgGxOlHalY2wjVYtWOuqQIOmaJ87L1EBe9l73y83nqPvlNiteDXMMSWKd5cQ7itTm6WWKzniiKKtp18j0DiG7uvOJR919AtGM2X%2B4QEs3KatF4%2FaYmUKy7lNlZzYOeZGN3fGLawq8%3D"}],"group":"cf-nel","max_age":604800}
NEL: {"success_fraction":0,"report_to":"cf-nel","max_age":604800}
Server: cloudflare
CF-RAY: 887be47d4edcabc6-CPH
alt-svc: h3=":443"; ma=86400

{
    "success": false,
    "message": "User not found"
}
HTTP/1.1 404 Not Found
Date: Wed, 22 May 2024 09:48:47 GMT
Content-Type: application/json; charset=utf-8
Content-Length: 44
Connection: keep-alive
X-Powered-By: Express
Access-Control-Allow-Origin: *
ETag: W/"2c-EAnCIFy1uGovyo/FU6KYwnjLgrc"
CF-Cache-Status: DYNAMIC
Report-To: {"endpoints":[{"url":"https:\/\/a.nel.cloudflare.com\/report\/v4?s=bWbEcQ7u2imqd%2BNTNPIgGxOlHalY2wjVYtWOuqQIOmaJ87L1EBe9l73y83nqPvlNiteDXMMSWKd5cQ7itTm6WWKzniiKKtp18j0DiG7uvOJR919AtGM2X%2B4QEs3KatF4%2FaYmUKy7lNlZzYOeZGN3fGLawq8%3D"}],"group":"cf-nel","max_age":604800}
NEL: {"success_fraction":0,"report_to":"cf-nel","max_age":604800}
Server: cloudflare
CF-RAY: 887be47d4edcabc6-CPH
alt-svc: h3=":443"; ma=86400

{
    "success": false,
    "message": "User not found"
}
HTTP/1.1 404 Not Found
Date: Wed, 22 May 2024 09:48:47 GMT
Content-Type: application/json; charset=utf-8
Content-Length: 44
Connection: keep-alive
X-Powered-By: Express
Access-Control-Allow-Origin: *
ETag: W/"2c-EAnCIFy1uGovyo/FU6KYwnjLgrc"
CF-Cache-Status: DYNAMIC
Report-To: {"endpoints":[{"url":"https:\/\/a.nel.cloudflare.com\/report\/v4?s=bWbEcQ7u2imqd%2BNTNPIgGxOlHalY2wjVYtWOuqQIOmaJ87L1EBe9l73y83nqPvlNiteDXMMSWKd5cQ7itTm6WWKzniiKKtp18j0DiG7uvOJR919AtGM2X%2B4QEs3KatF4%2FaYmUKy7lNlZzYOeZGN3fGLawq8%3D"}],"group":"cf-nel","max_age":604800}
NEL: {"success_fraction":0,"report_to":"cf-nel","max_age":604800}
Server: cloudflare
CF-RAY: 887be47d4edcabc6-CPH
alt-svc: h3=":443"; ma=86400

{
    "success": false,
    "message": "User not found"
}
HTTP/1.1 404 Not Found
Date: Wed, 22 May 2024 09:48:47 GMT
Content-Type: application/json; charset=utf-8
Content-Length: 44
Connection: keep-alive
X-Powered-By: Express
Access-Control-Allow-Origin: *
ETag: W/"2c-EAnCIFy1uGovyo/FU6KYwnjLgrc"
CF-Cache-Status: DYNAMIC
Report-To: {"endpoints":[{"url":"https:\/\/a.nel.cloudflare.com\/report\/v4?s=bWbEcQ7u2imqd%2BNTNPIgGxOlHalY2wjVYtWOuqQIOmaJ87L1EBe9l73y83nqPvlNiteDXMMSWKd5cQ7itTm6WWKzniiKKtp18j0DiG7uvOJR919AtGM2X%2B4QEs3KatF4%2FaYmUKy7lNlZzYOeZGN3fGLawq8%3D"}],"group":"cf-nel","max_age":604800}
NEL: {"success_fraction":0,"report_to":"cf-nel","max_age":604800}
Server: cloudflare
CF-RAY: 887be47d4edcabc6-CPH
alt-svc: h3=":443"; ma=86400

{
    "success": false,
    "message": "User not found"
}
HTTP/1.1 404 Not Found
Date: Wed, 22 May 2024 09:48:47 GMT
Content-Type: application/json; charset=utf-8
Content-Length: 44
Connection: keep-alive
X-Powered-By: Express
Access-Control-Allow-Origin: *
ETag: W/"2c-EAnCIFy1uGovyo/FU6KYwnjLgrc"
CF-Cache-Status: DYNAMIC
Report-To: {"endpoints":[{"url":"https:\/\/a.nel.cloudflare.com\/report\/v4?s=bWbEcQ7u2imqd%2BNTNPIgGxOlHalY2wjVYtWOuqQIOmaJ87L1EBe9l73y83nqPvlNiteDXMMSWKd5cQ7itTm6WWKzniiKKtp18j0DiG7uvOJR919AtGM2X%2B4QEs3KatF4%2FaYmUKy7lNlZzYOeZGN3fGLawq8%3D"}],"group":"cf-nel","max_age":604800}
NEL: {"success_fraction":0,"report_to":"cf-nel","max_age":604800}
Server: cloudflare
CF-RAY: 887be47d4edcabc6-CPH
alt-svc: h3=":443"; ma=86400

{
    "success": false,
    "message": "User not found"
}
HTTP/1.1 404 Not Found
Date: Wed, 22 May 2024 09:48:47 GMT
Content-Type: application/json; charset=utf-8
Content-Length: 44
Connection: keep-alive
X-Powered-By: Express
Access-Control-Allow-Origin: *
ETag: W/"2c-EAnCIFy1uGovyo/FU6KYwnjLgrc"
CF-Cache-Status: DYNAMIC
Report-To: {"endpoints":[{"url":"https:\/\/a.nel.cloudflare.com\/report\/v4?s=bWbEcQ7u2imqd%2BNTNPIgGxOlHalY2wjVYtWOuqQIOmaJ87L1EBe9l73y83nqPvlNiteDXMMSWKd5cQ7itTm6WWKzniiKKtp18j0DiG7uvOJR919AtGM2X%2B4QEs3KatF4%2FaYmUKy7lNlZzYOeZGN3fGLawq8%3D"}],"group":"cf-nel","max_age":604800}
NEL: {"success_fraction":0,"report_to":"cf-nel","max_age":604800}
Server: cloudflare
CF-RAY: 887be47d4edcabc6-CPH
alt-svc: h3=":443"; ma=86400

{
    "success": false,
    "message": "User not found"
}
HTTP/1.1 404 Not Found
Date: Wed, 22 May 2024 09:48:47 GMT
Content-Type: application/json; charset=utf-8
Content-Length: 44
Connection: keep-alive
X-Powered-By: Express
Access-Control-Allow-Origin: *
ETag: W/"2c-EAnCIFy1uGovyo/FU6KYwnjLgrc"
CF-Cache-Status: DYNAMIC
Report-To: {"endpoints":[{"url":"https:\/\/a.nel.cloudflare.com\/report\/v4?s=bWbEcQ7u2imqd%2BNTNPIgGxOlHalY2wjVYtWOuqQIOmaJ87L1EBe9l73y83nqPvlNiteDXMMSWKd5cQ7itTm6WWKzniiKKtp18j0DiG7uvOJR919AtGM2X%2B4QEs3KatF4%2FaYmUKy7lNlZzYOeZGN3fGLawq8%3D"}],"group":"cf-nel","max_age":604800}
NEL: {"success_fraction":0,"report_to":"cf-nel","max_age":604800}
Server: cloudflare
CF-RAY: 887be47d4edcabc6-CPH
alt-svc: h3=":443"; ma=86400

{
    "success": false,
    "message": "User not found"
}
HTTP/1.1 404 Not Found
Date: Wed, 22 May 2024 09:48:47 GMT
Content-Type: application/json; charset=utf-8
Content-Length: 44
Connection: keep-alive
X-Powered-By: Express
Access-Control-Allow-Origin: *
ETag: W/"2c-EAnCIFy1uGovyo/FU6KYwnjLgrc"
CF-Cache-Status: DYNAMIC
Report-To: {"endpoints":[{"url":"https:\/\/a.nel.cloudflare.com\/report\/v4?s=bWbEcQ7u2imqd%2BNTNPIgGxOlHalY2wjVYtWOuqQIOmaJ87L1EBe9l73y83nqPvlNiteDXMMSWKd5cQ7itTm6WWKzniiKKtp18j0DiG7uvOJR919AtGM2X%2B4QEs3KatF4%2FaYmUKy7lNlZzYOeZGN3fGLawq8%3D"}],"group":"cf-nel","max_age":604800}
NEL: {"success_fraction":0,"report_to":"cf-nel","max_age":604800}
Server: cloudflare
CF-RAY: 887be47d4edcabc6-CPH
alt-svc: h3=":443"; ma=86400

{
    "success": false,
    "message": "User not found"
}
HTTP/1.1 404 Not Found
Date: Wed, 22 May 2024 09:48:47 GMT
Content-Type: application/json; charset=utf-8
Content-Length: 44
Connection: keep-alive
X-Powered-By: Express
Access-Control-Allow-Origin: *
ETag: W/"2c-EAnCIFy1uGovyo/FU6KYwnjLgrc"
CF-Cache-Status: DYNAMIC
Report-To: {"endpoints":[{"url":"https:\/\/a.nel.cloudflare.com\/report\/v4?s=bWbEcQ7u2imqd%2BNTNPIgGxOlHalY2wjVYtWOuqQIOmaJ87L1EBe9l73y83nqPvlNiteDXMMSWKd5cQ7itTm6WWKzniiKKtp18j0DiG7uvOJR919AtGM2X%2B4QEs3KatF4%2FaYmUKy7lNlZzYOeZGN3fGLawq8%3D"}],"group":"cf-nel","max_age":604800}
NEL: {"success_fraction":0,"report_to":"cf-nel","max_age":604800}
Server: cloudflare
CF-RAY: 887be47d4edcabc6-CPH
alt-svc: h3=":443"; ma=86400

{
    "success": false,
    "message": "User not found"
}
HTTP/1.1 404 Not Found
Date: Wed, 22 May 2024 09:48:47 GMT
Content-Type: application/json; charset=utf-8
Content-Length: 44
Connection: keep-alive
X-Powered-By: Express
Access-Control-Allow-Origin: *
ETag: W/"2c-EAnCIFy1uGovyo/FU6KYwnjLgrc"
CF-Cache-Status: DYNAMIC
Report-To: {"endpoints":[{"url":"https:\/\/a.nel.cloudflare.com\/report\/v4?s=bWbEcQ7u2imqd%2BNTNPIgGxOlHalY2wjVYtWOuqQIOmaJ87L1EBe9l73y83nqPvlNiteDXMMSWKd5cQ7itTm6WWKzniiKKtp18j0DiG7uvOJR919AtGM2X%2B4QEs3KatF4%2FaYmUKy7lNlZzYOeZGN3fGLawq8%3D"}],"group":"cf-nel","max_age":604800}
NEL: {"success_fraction":0,"report_to":"cf-nel","max_age":604800}
Server: cloudflare
CF-RAY: 887be47d4edcabc6-CPH
alt-svc: h3=":443"; ma=86400

{
    "success": false,
    "message": "User not found"
}
HTTP/1.1 404 Not Found
Date: Wed, 22 May 2024 09:48:47 GMT
Content-Type: application/json; charset=utf-8
Content-Length: 44
Connection: keep-alive
X-Powered-By: Express
Access-Control-Allow-Origin: *
ETag: W/"2c-EAnCIFy1uGovyo/FU6KYwnjLgrc"
CF-Cache-Status: DYNAMIC
Report-To: {"endpoints":[{"url":"https:\/\/a.nel.cloudflare.com\/report\/v4?s=bWbEcQ7u2imqd%2BNTNPIgGxOlHalY2wjVYtWOuqQIOmaJ87L1EBe9l73y83nqPvlNiteDXMMSWKd5cQ7itTm6WWKzniiKKtp18j0DiG7uvOJR919AtGM2X%2B4QEs3KatF4%2FaYmUKy7lNlZzYOeZGN3fGLawq8%3D"}],"group":"cf-nel","max_age":604800}
NEL: {"success_fraction":0,"report_to":"cf-nel","max_age":604800}
Server: cloudflare
CF-RAY: 887be47d4edcabc6-CPH
alt-svc: h3=":443"; ma=86400

{
    "success": false,
    "message": "User not found"
}
HTTP/1.1 404 Not Found
Date: Wed, 22 May 2024 09:48:47 GMT
Content-Type: application/json; charset=utf-8
Content-Length: 44
Connection: keep-alive
X-Powered-By: Express
Access-Control-Allow-Origin: *
ETag: W/"2c-EAnCIFy1uGovyo/FU6KYwnjLgrc"
CF-Cache-Status: DYNAMIC
Report-To: {"endpoints":[{"url":"https:\/\/a.nel.cloudflare.com\/report\/v4?s=bWbEcQ7u2imqd%2BNTNPIgGxOlHalY2wjVYtWOuqQIOmaJ87L1EBe9l73y83nqPvlNiteDXMMSWKd5cQ7itTm6WWKzniiKKtp18j0DiG7uvOJR919AtGM2X%2B4QEs3KatF4%2FaYmUKy7lNlZzYOeZGN3fGLawq8%3D"}],"group":"cf-nel","max_age":604800}
NEL: {"success_fraction":0,"report_to":"cf-nel","max_age":604800}
Server: cloudflare
CF-RAY: 887be47d4edcabc6-CPH
alt-svc: h3=":443"; ma=86400

{
    "success": false,
    "message": "User not found"
}
HTTP/1.1 404 Not Found
Date: Wed, 22 May 2024 09:48:47 GMT
Content-Type: application/json; charset=utf-8
Content-Length: 44
Connection: keep-alive
X-Powered-By: Express
Access-Control-Allow-Origin: *
ETag: W/"2c-EAnCIFy1uGovyo/FU6KYwnjLgrc"
CF-Cache-Status: DYNAMIC
Report-To: {"endpoints":[{"url":"https:\/\/a.nel.cloudflare.com\/report\/v4?s=bWbEcQ7u2imqd%2BNTNPIgGxOlHalY2wjVYtWOuqQIOmaJ87L1EBe9l73y83nqPvlNiteDXMMSWKd5cQ7itTm6WWKzniiKKtp18j0DiG7uvOJR919AtGM2X%2B4QEs3KatF4%2FaYmUKy7lNlZzYOeZGN3fGLawq8%3D"}],"group":"cf-nel","max_age":604800}
NEL: {"success_fraction":0,"report_to":"cf-nel","max_age":604800}
Server: cloudflare
CF-RAY: 887be47d4edcabc6-CPH
alt-svc: h3=":443"; ma=86400

{
    "success": false,
    "message": "User not found"
}
]]></system-out>
  </testcase>
  <testcase name="testClickBunInConstructor" classname="site.nomoreparties.stellarburgers.YandexTests.ConstructorYandexTest" time="0.168">
    <failure message="1 expectation failed.&#10;Expected status code &lt;202&gt; but was &lt;404&gt;.&#10;" type="java.lang.AssertionError"><![CDATA[java.lang.AssertionError: 
1 expectation failed.
Expected status code <202> but was <404>.

	at site.nomoreparties.stellarburgers.YandexTests.ConstructorYandexTest.tearDown(ConstructorYandexTest.java:39)
]]></failure>
  </testcase>
</testsuite>