<?xml version="1.0" encoding="UTF-8"?>
<testsuite xmlns:xsi="http://www.w3.org/2001/XMLSchema-instance" xsi:noNamespaceSchemaLocation="https://maven.apache.org/surefire/maven-surefire-plugin/xsd/surefire-test-report.xsd" name="site.nomoreparties.stellarburgers.ChromeTests.AuthUserPersonalProfileTest" time="32.202" tests="5" errors="0" skipped="0" failures="0">
  <properties>
[...]
</properties>
  <testcase name="testGoToMainPageIfClicLogoFromPersonalProfile" classname="site.nomoreparties.stellarburgers.ChromeTests.AuthUserPersonalProfileTest" time="12.597"/>
  <testcase name="testGoToConstructorFromPersonalProfile" classname="site.nomoreparties.stellarburgers.ChromeTests.AuthUserPersonalProfileTest" time="5.154"/>
  <testcase name="testExitFromPersonalProfile" classname="site.nomoreparties.stellarburgers.ChromeTests.AuthUserPersonalProfileTest" time="4.799"/>
  <testcase name="newFreshTest" classname="site.nomoreparties.stellarburgers.ChromeTests.AuthUserPersonalProfileTest" time="4.902"/>
  <testcase name="testEnterPersonalProfile" classname="site.nomoreparties.stellarburgers.ChromeTests.AuthUserPersonalProfileTest" time="4.505"/>
</testsuite>